[2025-02-11T00:14:58.660-0300] {manager.py:483} INFO - Processing files using up to 1 processes at a time 
[2025-02-11T00:14:58.660-0300] {manager.py:484} INFO - Process each file at most once every 30 seconds
[2025-02-11T00:14:58.660-0300] {manager.py:485} INFO - Checking for new files in /home/felipe/airflow/dags every 300 seconds
[2025-02-11T00:14:58.660-0300] {manager.py:821} INFO - Searching for files in /home/felipe/airflow/dags
[2025-02-11T00:14:58.675-0300] {manager.py:824} INFO - There are 57 files in /home/felipe/airflow/dags
[2025-02-11T00:14:58.814-0300] {manager.py:997} INFO - 
================================================================================
DAG File Processing Stats

File Path                                                                                                                                         PID    Runtime      # DAGs    # Errors  Last Runtime    Last Run               Last # of DB Queries
------------------------------------------------------------------------------------------------------------------------------------------------  -----  ---------  --------  ----------  --------------  -------------------  ----------------------
/home/felipe/lab/novamind-flow/.env/lib/python3.10/site-packages/airflow/example_dags/subdags/subdag.py                                                                    0           0  0.10s           2025-02-11T03:14:58                       3
/home/felipe/lab/novamind-flow/.env/lib/python3.10/site-packages/airflow/example_dags/example_short_circuit_decorator.py                                                   0           0                                                            0
/home/felipe/lab/novamind-flow/.env/lib/python3.10/site-packages/airflow/example_dags/tutorial_taskflow_templates.py                                                       0           0                                                            0
/home/felipe/lab/novamind-flow/.env/lib/python3.10/site-packages/airflow/example_dags/example_dynamic_task_mapping_with_no_taskflow_operators.py                           0           0                                                            0
/home/felipe/lab/novamind-flow/.env/lib/python3.10/site-packages/airflow/example_dags/example_task_group.py                                                                0           0                                                            0
/home/felipe/lab/novamind-flow/.env/lib/python3.10/site-packages/airflow/example_dags/example_trigger_controller_dag.py                                                    0           0                                                            0
/home/felipe/lab/novamind-flow/.env/lib/python3.10/site-packages/airflow/example_dags/tutorial_taskflow_api_virtualenv.py                                                  0           0                                                            0
/home/felipe/lab/novamind-flow/.env/lib/python3.10/site-packages/airflow/example_dags/example_nested_branch_dag.py                                                         0           0                                                            0
/home/felipe/lab/novamind-flow/.env/lib/python3.10/site-packages/airflow/example_dags/example_setup_teardown_taskflow.py                                                   0           0                                                            0
/home/felipe/lab/novamind-flow/.env/lib/python3.10/site-packages/airflow/example_dags/example_python_operator.py                                                           0           0                                                            0
/home/felipe/lab/novamind-flow/.env/lib/python3.10/site-packages/airflow/example_dags/example_branch_day_of_week_operator.py                                               0           0                                                            0
/home/felipe/lab/novamind-flow/.env/lib/python3.10/site-packages/airflow/example_dags/tutorial.py                                                                          0           0                                                            0
/home/felipe/lab/novamind-flow/.env/lib/python3.10/site-packages/airflow/example_dags/example_python_decorator.py                                                          0           0                                                            0
/home/felipe/lab/novamind-flow/.env/lib/python3.10/site-packages/airflow/example_dags/example_branch_operator_decorator.py                                                 0           0                                                            0
/home/felipe/lab/novamind-flow/.env/lib/python3.10/site-packages/airflow/example_dags/example_dataset_alias_with_no_taskflow.py                                            0           0                                                            0
/home/felipe/lab/novamind-flow/.env/lib/python3.10/site-packages/airflow/example_dags/example_workday_timetable.py                                                         0           0                                                            0
/home/felipe/lab/novamind-flow/.env/lib/python3.10/site-packages/airflow/example_dags/example_trigger_target_dag.py                                                        0           0                                                            0
/home/felipe/lab/novamind-flow/.env/lib/python3.10/site-packages/airflow/example_dags/example_branch_labels.py                                                             0           0                                                            0
/home/felipe/lab/novamind-flow/.env/lib/python3.10/site-packages/airflow/example_dags/example_latest_only_with_trigger.py                                                  0           0                                                            0
/home/felipe/lab/novamind-flow/.env/lib/python3.10/site-packages/airflow/example_dags/example_inlet_event_extra.py                                                         0           0                                                            0
/home/felipe/lab/novamind-flow/.env/lib/python3.10/site-packages/airflow/example_dags/example_sensor_decorator.py                                                          0           0                                                            0
/home/felipe/lab/novamind-flow/.env/lib/python3.10/site-packages/airflow/example_dags/example_bash_operator.py                                                             0           0                                                            0
/home/felipe/lab/novamind-flow/.env/lib/python3.10/site-packages/airflow/example_dags/tutorial_taskflow_api.py                                                             0           0                                                            0
/home/felipe/lab/novamind-flow/.env/lib/python3.10/site-packages/airflow/example_dags/example_dynamic_task_mapping.py                                                      0           0                                                            0
/home/felipe/lab/novamind-flow/.env/lib/python3.10/site-packages/airflow/example_dags/example_params_trigger_ui.py                                                         0           0                                                            0
/home/felipe/lab/novamind-flow/.env/lib/python3.10/site-packages/airflow/example_dags/example_bash_decorator.py                                                            0           0                                                            0
/home/felipe/lab/novamind-flow/.env/lib/python3.10/site-packages/airflow/example_dags/example_subdag_operator.py                                                           0           0                                                            0
/home/felipe/lab/novamind-flow/.env/lib/python3.10/site-packages/airflow/example_dags/example_xcom.py                                                                      0           0                                                            0
/home/felipe/lab/novamind-flow/.env/lib/python3.10/site-packages/airflow/example_dags/example_external_task_marker_dag.py                                                  0           0                                                            0
/home/felipe/lab/novamind-flow/.env/lib/python3.10/site-packages/airflow/example_dags/tutorial_objectstorage.py                                                            0           0                                                            0
/home/felipe/lab/novamind-flow/.env/lib/python3.10/site-packages/airflow/example_dags/example_sensors.py                                                                   0           0                                                            0
/home/felipe/lab/novamind-flow/.env/lib/python3.10/site-packages/airflow/example_dags/example_sla_dag.py                                                                   0           0                                                            0
/home/felipe/lab/novamind-flow/.env/lib/python3.10/site-packages/airflow/example_dags/example_dataset_alias.py                                                             0           0                                                            0
/home/felipe/lab/novamind-flow/.env/lib/python3.10/site-packages/airflow/example_dags/example_dag_decorator.py                                                             0           0                                                            0
/home/felipe/lab/novamind-flow/.env/lib/python3.10/site-packages/airflow/example_dags/example_time_delta_sensor_async.py                                                   0           0                                                            0
/home/felipe/lab/novamind-flow/.env/lib/python3.10/site-packages/airflow/example_dags/example_short_circuit_operator.py                                                    0           0                                                            0
/home/felipe/lab/novamind-flow/.env/lib/python3.10/site-packages/airflow/example_dags/example_passing_params_via_test_command.py                                           0           0                                                            0
/home/felipe/lab/novamind-flow/.env/lib/python3.10/site-packages/airflow/example_dags/example_outlet_event_extra.py                                                        0           0                                                            0
/home/felipe/lab/novamind-flow/.env/lib/python3.10/site-packages/airflow/example_dags/example_complex.py                                                                   0           0                                                            0
/home/felipe/lab/novamind-flow/.env/lib/python3.10/site-packages/airflow/example_dags/example_setup_teardown.py                                                            0           0                                                            0
/home/felipe/lab/novamind-flow/.env/lib/python3.10/site-packages/airflow/example_dags/example_display_name.py                                                              0           0                                                            0
/home/felipe/lab/novamind-flow/.env/lib/python3.10/site-packages/airflow/example_dags/example_branch_python_dop_operator_3.py                                              0           0                                                            0
/home/felipe/lab/novamind-flow/.env/lib/python3.10/site-packages/airflow/example_dags/example_params_ui_tutorial.py                                                        0           0                                                            0
/home/felipe/lab/novamind-flow/.env/lib/python3.10/site-packages/airflow/example_dags/example_branch_operator.py                                                           0           0                                                            0
/home/felipe/lab/novamind-flow/.env/lib/python3.10/site-packages/airflow/example_dags/tutorial_dag.py                                                                      0           0                                                            0
/home/felipe/lab/novamind-flow/.env/lib/python3.10/site-packages/airflow/example_dags/example_task_group_decorator.py                                                      0           0                                                            0
/home/felipe/lab/novamind-flow/.env/lib/python3.10/site-packages/airflow/example_dags/example_kubernetes_executor.py                                                       0           0                                                            0
/home/felipe/lab/novamind-flow/.env/lib/python3.10/site-packages/airflow/example_dags/example_local_kubernetes_executor.py                                                 0           0                                                            0
/home/felipe/lab/novamind-flow/.env/lib/python3.10/site-packages/airflow/example_dags/example_datasets.py                                                                  0           0                                                            0
/home/felipe/lab/novamind-flow/.env/lib/python3.10/site-packages/airflow/example_dags/example_skip_dag.py                                                                  0           0                                                            0
/home/felipe/lab/novamind-flow/.env/lib/python3.10/site-packages/airflow/example_dags/example_xcomargs.py                                                                  0           0                                                            0
/home/felipe/lab/novamind-flow/.env/lib/python3.10/site-packages/airflow/example_dags/example_branch_datetime_operator.py                                                  0           0                                                            0
/home/felipe/lab/novamind-flow/.env/lib/python3.10/site-packages/airflow/example_dags/example_latest_only.py                                                               0           0                                                            0
/home/felipe/lab/novamind-flow/.env/lib/python3.10/site-packages/airflow/example_dags/plugins/workday.py                                                                   0           0                                                            0
/home/felipe/lab/novamind-flow/.env/lib/python3.10/site-packages/airflow/example_dags/plugins/listener_plugin.py                                                           0           0                                                            0
/home/felipe/lab/novamind-flow/.env/lib/python3.10/site-packages/airflow/example_dags/plugins/event_listener.py                                                            0           0                                                            0
/home/felipe/lab/novamind-flow/.env/lib/python3.10/site-packages/airflow/example_dags/plugins/decreasing_priority_weight_strategy.py                                       0           0                                                            0
================================================================================
[2025-02-11T00:15:29.369-0300] {manager.py:997} INFO - 
================================================================================
DAG File Processing Stats

File Path                                                                                                                                         PID    Runtime      # DAGs    # Errors  Last Runtime    Last Run               Last # of DB Queries
------------------------------------------------------------------------------------------------------------------------------------------------  -----  ---------  --------  ----------  --------------  -------------------  ----------------------
/home/felipe/lab/novamind-flow/.env/lib/python3.10/site-packages/airflow/example_dags/example_xcom.py                                                                      1           0  0.81s           2025-02-11T03:15:21                      45
/home/felipe/lab/novamind-flow/.env/lib/python3.10/site-packages/airflow/example_dags/example_xcomargs.py                                                                  2           0  0.50s           2025-02-11T03:15:14                      79
/home/felipe/lab/novamind-flow/.env/lib/python3.10/site-packages/airflow/example_dags/tutorial_taskflow_templates.py                                                       1           0  0.40s           2025-02-11T03:15:06                      45
/home/felipe/lab/novamind-flow/.env/lib/python3.10/site-packages/airflow/example_dags/example_task_group_decorator.py                                                      1           0  0.40s           2025-02-11T03:15:24                      43
/home/felipe/lab/novamind-flow/.env/lib/python3.10/site-packages/airflow/example_dags/tutorial_objectstorage.py                                                            1           0  0.40s           2025-02-11T03:15:11                      43
/home/felipe/lab/novamind-flow/.env/lib/python3.10/site-packages/airflow/example_dags/example_sensor_decorator.py                                                          1           0  0.40s           2025-02-11T03:15:29                      43
/home/felipe/lab/novamind-flow/.env/lib/python3.10/site-packages/airflow/example_dags/tutorial.py                                                                          1           0  0.40s           2025-02-11T03:15:09                      45
/home/felipe/lab/novamind-flow/.env/lib/python3.10/site-packages/airflow/example_dags/example_trigger_target_dag.py                                                        1           0  0.40s           2025-02-11T03:15:19                      43
/home/felipe/lab/novamind-flow/.env/lib/python3.10/site-packages/airflow/example_dags/example_workday_timetable.py                                                         1           0  0.40s           2025-02-11T03:15:18                      45
/home/felipe/lab/novamind-flow/.env/lib/python3.10/site-packages/airflow/example_dags/tutorial_taskflow_api.py                                                             1           0  0.40s           2025-02-11T03:15:10                      43
/home/felipe/lab/novamind-flow/.env/lib/python3.10/site-packages/airflow/example_dags/tutorial_taskflow_api_virtualenv.py                                                  1           0  0.40s           2025-02-11T03:15:07                      43
/home/felipe/lab/novamind-flow/.env/lib/python3.10/site-packages/airflow/example_dags/example_time_delta_sensor_async.py                                                   1           0  0.40s           2025-02-11T03:15:22                      43
/home/felipe/lab/novamind-flow/.env/lib/python3.10/site-packages/airflow/example_dags/example_short_circuit_decorator.py                                                   1           0  0.40s           2025-02-11T03:15:24                      43
/home/felipe/lab/novamind-flow/.env/lib/python3.10/site-packages/airflow/example_dags/example_setup_teardown_taskflow.py                                                   1           0  0.40s           2025-02-11T03:15:26                      43
/home/felipe/lab/novamind-flow/.env/lib/python3.10/site-packages/airflow/example_dags/example_task_group.py                                                                1           0  0.40s           2025-02-11T03:15:15                      43
/home/felipe/lab/novamind-flow/.env/lib/python3.10/site-packages/airflow/example_dags/example_python_operator.py                                                           1           0  0.40s           2025-02-11T03:15:27                      43
/home/felipe/lab/novamind-flow/.env/lib/python3.10/site-packages/airflow/example_dags/example_trigger_controller_dag.py                                                    1           0  0.31s           2025-02-11T03:15:16                      45
/home/felipe/lab/novamind-flow/.env/lib/python3.10/site-packages/airflow/example_dags/tutorial_dag.py                                                                      1           0  0.30s           2025-02-11T03:15:13                      43
/home/felipe/lab/novamind-flow/.env/lib/python3.10/site-packages/airflow/example_dags/plugins/event_listener.py                                                            0           0  0.30s           2025-02-11T03:15:02                       3
/home/felipe/lab/novamind-flow/.env/lib/python3.10/site-packages/airflow/example_dags/subdags/subdag.py                                                                    0           0  0.10s           2025-02-11T03:14:58                       3
/home/felipe/lab/novamind-flow/.env/lib/python3.10/site-packages/airflow/example_dags/plugins/workday.py                                                                   0           0  0.10s           2025-02-11T03:14:59                       3
/home/felipe/lab/novamind-flow/.env/lib/python3.10/site-packages/airflow/example_dags/plugins/listener_plugin.py                                                           0           0  0.10s           2025-02-11T03:15:01                       3
/home/felipe/lab/novamind-flow/.env/lib/python3.10/site-packages/airflow/example_dags/plugins/decreasing_priority_weight_strategy.py                                       0           0  0.10s           2025-02-11T03:15:04                       3
/home/felipe/lab/novamind-flow/.env/lib/python3.10/site-packages/airflow/example_dags/example_dynamic_task_mapping_with_no_taskflow_operators.py                           0           0                                                            0
/home/felipe/lab/novamind-flow/.env/lib/python3.10/site-packages/airflow/example_dags/example_nested_branch_dag.py                                                         0           0                                                            0
/home/felipe/lab/novamind-flow/.env/lib/python3.10/site-packages/airflow/example_dags/example_branch_day_of_week_operator.py                                               0           0                                                            0
/home/felipe/lab/novamind-flow/.env/lib/python3.10/site-packages/airflow/example_dags/example_python_decorator.py                                                          0           0                                                            0
/home/felipe/lab/novamind-flow/.env/lib/python3.10/site-packages/airflow/example_dags/example_branch_operator_decorator.py                                                 0           0                                                            0
/home/felipe/lab/novamind-flow/.env/lib/python3.10/site-packages/airflow/example_dags/example_dataset_alias_with_no_taskflow.py                                            0           0                                                            0
/home/felipe/lab/novamind-flow/.env/lib/python3.10/site-packages/airflow/example_dags/example_branch_labels.py                                                             0           0                                                            0
/home/felipe/lab/novamind-flow/.env/lib/python3.10/site-packages/airflow/example_dags/example_latest_only_with_trigger.py                                                  0           0                                                            0
/home/felipe/lab/novamind-flow/.env/lib/python3.10/site-packages/airflow/example_dags/example_inlet_event_extra.py                                                         0           0                                                            0
/home/felipe/lab/novamind-flow/.env/lib/python3.10/site-packages/airflow/example_dags/example_bash_operator.py                                                             0           0                                                            0
/home/felipe/lab/novamind-flow/.env/lib/python3.10/site-packages/airflow/example_dags/example_dynamic_task_mapping.py                                                      0           0                                                            0
/home/felipe/lab/novamind-flow/.env/lib/python3.10/site-packages/airflow/example_dags/example_params_trigger_ui.py                                                         0           0                                                            0
/home/felipe/lab/novamind-flow/.env/lib/python3.10/site-packages/airflow/example_dags/example_bash_decorator.py                                                            0           0                                                            0
/home/felipe/lab/novamind-flow/.env/lib/python3.10/site-packages/airflow/example_dags/example_subdag_operator.py                                                           0           0                                                            0
/home/felipe/lab/novamind-flow/.env/lib/python3.10/site-packages/airflow/example_dags/example_external_task_marker_dag.py                                                  0           0                                                            0
/home/felipe/lab/novamind-flow/.env/lib/python3.10/site-packages/airflow/example_dags/example_sensors.py                                                                   0           0                                                            0
/home/felipe/lab/novamind-flow/.env/lib/python3.10/site-packages/airflow/example_dags/example_sla_dag.py                                                                   0           0                                                            0
/home/felipe/lab/novamind-flow/.env/lib/python3.10/site-packages/airflow/example_dags/example_dataset_alias.py                                                             0           0                                                            0
/home/felipe/lab/novamind-flow/.env/lib/python3.10/site-packages/airflow/example_dags/example_dag_decorator.py                                                             0           0                                                            0
/home/felipe/lab/novamind-flow/.env/lib/python3.10/site-packages/airflow/example_dags/example_short_circuit_operator.py                                                    0           0                                                            0
/home/felipe/lab/novamind-flow/.env/lib/python3.10/site-packages/airflow/example_dags/example_passing_params_via_test_command.py                                           0           0                                                            0
/home/felipe/lab/novamind-flow/.env/lib/python3.10/site-packages/airflow/example_dags/example_outlet_event_extra.py                                                        0           0                                                            0
/home/felipe/lab/novamind-flow/.env/lib/python3.10/site-packages/airflow/example_dags/example_complex.py                                                                   0           0                                                            0
/home/felipe/lab/novamind-flow/.env/lib/python3.10/site-packages/airflow/example_dags/example_setup_teardown.py                                                            0           0                                                            0
/home/felipe/lab/novamind-flow/.env/lib/python3.10/site-packages/airflow/example_dags/example_display_name.py                                                              0           0                                                            0
/home/felipe/lab/novamind-flow/.env/lib/python3.10/site-packages/airflow/example_dags/example_branch_python_dop_operator_3.py                                              0           0                                                            0
/home/felipe/lab/novamind-flow/.env/lib/python3.10/site-packages/airflow/example_dags/example_params_ui_tutorial.py                                                        0           0                                                            0
/home/felipe/lab/novamind-flow/.env/lib/python3.10/site-packages/airflow/example_dags/example_branch_operator.py                                                           0           0                                                            0
/home/felipe/lab/novamind-flow/.env/lib/python3.10/site-packages/airflow/example_dags/example_kubernetes_executor.py                                                       0           0                                                            0
/home/felipe/lab/novamind-flow/.env/lib/python3.10/site-packages/airflow/example_dags/example_local_kubernetes_executor.py                                                 0           0                                                            0
/home/felipe/lab/novamind-flow/.env/lib/python3.10/site-packages/airflow/example_dags/example_datasets.py                                                                  0           0                                                            0
/home/felipe/lab/novamind-flow/.env/lib/python3.10/site-packages/airflow/example_dags/example_skip_dag.py                                                                  0           0                                                            0
/home/felipe/lab/novamind-flow/.env/lib/python3.10/site-packages/airflow/example_dags/example_branch_datetime_operator.py                                                  0           0                                                            0
/home/felipe/lab/novamind-flow/.env/lib/python3.10/site-packages/airflow/example_dags/example_latest_only.py                                                               0           0                                                            0
================================================================================
[2025-02-11T00:16:00.346-0300] {manager.py:997} INFO - 
================================================================================
DAG File Processing Stats

File Path                                                                                                                                         PID    Runtime      # DAGs    # Errors  Last Runtime    Last Run               Last # of DB Queries
------------------------------------------------------------------------------------------------------------------------------------------------  -----  ---------  --------  ----------  --------------  -------------------  ----------------------
/home/felipe/lab/novamind-flow/.env/lib/python3.10/site-packages/airflow/example_dags/example_xcom.py                                                                      1           0  0.81s           2025-02-11T03:15:21                      45
/home/felipe/lab/novamind-flow/.env/lib/python3.10/site-packages/airflow/example_dags/example_dataset_alias_with_no_taskflow.py                                            4           0  0.71s           2025-02-11T03:15:54                     157
/home/felipe/lab/novamind-flow/.env/lib/python3.10/site-packages/airflow/example_dags/example_dataset_alias.py                                                             4           0  0.70s           2025-02-11T03:15:58                     157
/home/felipe/lab/novamind-flow/.env/lib/python3.10/site-packages/airflow/example_dags/example_outlet_event_extra.py                                                        3           0  0.60s           2025-02-11T03:15:45                     118
/home/felipe/lab/novamind-flow/.env/lib/python3.10/site-packages/airflow/example_dags/example_external_task_marker_dag.py                                                  2           0  0.50s           2025-02-11T03:15:57                      79
/home/felipe/lab/novamind-flow/.env/lib/python3.10/site-packages/airflow/example_dags/example_inlet_event_extra.py                                                         2           0  0.50s           2025-02-11T03:15:41                      81
/home/felipe/lab/novamind-flow/.env/lib/python3.10/site-packages/airflow/example_dags/example_xcomargs.py                                                                  2           0  0.50s           2025-02-11T03:15:14                      79
/home/felipe/lab/novamind-flow/.env/lib/python3.10/site-packages/airflow/example_dags/example_nested_branch_dag.py                                                         1           0  0.41s           2025-02-11T03:15:37                      45
/home/felipe/lab/novamind-flow/.env/lib/python3.10/site-packages/airflow/example_dags/tutorial_taskflow_templates.py                                                       1           0  0.40s           2025-02-11T03:15:06                      45
/home/felipe/lab/novamind-flow/.env/lib/python3.10/site-packages/airflow/example_dags/example_latest_only.py                                                               1           0  0.40s           2025-02-11T03:15:50                      45
/home/felipe/lab/novamind-flow/.env/lib/python3.10/site-packages/airflow/example_dags/example_latest_only_with_trigger.py                                                  1           0  0.40s           2025-02-11T03:15:40                      45
/home/felipe/lab/novamind-flow/.env/lib/python3.10/site-packages/airflow/example_dags/example_sla_dag.py                                                                   1           0  0.40s           2025-02-11T03:15:31                      45
/home/felipe/lab/novamind-flow/.env/lib/python3.10/site-packages/airflow/example_dags/example_passing_params_via_test_command.py                                           1           0  0.40s           2025-02-11T03:15:44                      45
/home/felipe/lab/novamind-flow/.env/lib/python3.10/site-packages/airflow/example_dags/example_task_group_decorator.py                                                      1           0  0.40s           2025-02-11T03:15:24                      43
/home/felipe/lab/novamind-flow/.env/lib/python3.10/site-packages/airflow/example_dags/example_dynamic_task_mapping_with_no_taskflow_operators.py                           1           0  0.40s           2025-02-11T03:15:51                      43
/home/felipe/lab/novamind-flow/.env/lib/python3.10/site-packages/airflow/example_dags/tutorial_objectstorage.py                                                            1           0  0.40s           2025-02-11T03:15:11                      43
/home/felipe/lab/novamind-flow/.env/lib/python3.10/site-packages/airflow/example_dags/example_sensor_decorator.py                                                          1           0  0.40s           2025-02-11T03:15:29                      43
/home/felipe/lab/novamind-flow/.env/lib/python3.10/site-packages/airflow/example_dags/tutorial.py                                                                          1           0  0.40s           2025-02-11T03:15:09                      45
/home/felipe/lab/novamind-flow/.env/lib/python3.10/site-packages/airflow/example_dags/example_params_ui_tutorial.py                                                        1           0  0.40s           2025-02-11T03:15:46                      43
/home/felipe/lab/novamind-flow/.env/lib/python3.10/site-packages/airflow/example_dags/example_trigger_target_dag.py                                                        1           0  0.40s           2025-02-11T03:15:19                      43
/home/felipe/lab/novamind-flow/.env/lib/python3.10/site-packages/airflow/example_dags/example_branch_operator_decorator.py                                                 1           0  0.40s           2025-02-11T03:15:53                      45
/home/felipe/lab/novamind-flow/.env/lib/python3.10/site-packages/airflow/example_dags/example_workday_timetable.py                                                         1           0  0.40s           2025-02-11T03:15:18                      45
/home/felipe/lab/novamind-flow/.env/lib/python3.10/site-packages/airflow/example_dags/tutorial_taskflow_api.py                                                             1           0  0.40s           2025-02-11T03:15:10                      43
/home/felipe/lab/novamind-flow/.env/lib/python3.10/site-packages/airflow/example_dags/example_params_trigger_ui.py                                                         1           0  0.40s           2025-02-11T03:15:42                      43
/home/felipe/lab/novamind-flow/.env/lib/python3.10/site-packages/airflow/example_dags/tutorial_taskflow_api_virtualenv.py                                                  1           0  0.40s           2025-02-11T03:15:07                      43
/home/felipe/lab/novamind-flow/.env/lib/python3.10/site-packages/airflow/example_dags/example_setup_teardown.py                                                            1           0  0.40s           2025-02-11T03:15:34                      43
/home/felipe/lab/novamind-flow/.env/lib/python3.10/site-packages/airflow/example_dags/example_time_delta_sensor_async.py                                                   1           0  0.40s           2025-02-11T03:15:22                      43
/home/felipe/lab/novamind-flow/.env/lib/python3.10/site-packages/airflow/example_dags/example_short_circuit_decorator.py                                                   1           0  0.40s           2025-02-11T03:15:24                      43
/home/felipe/lab/novamind-flow/.env/lib/python3.10/site-packages/airflow/example_dags/example_setup_teardown_taskflow.py                                                   1           0  0.40s           2025-02-11T03:15:26                      43
/home/felipe/lab/novamind-flow/.env/lib/python3.10/site-packages/airflow/example_dags/example_task_group.py                                                                1           0  0.40s           2025-02-11T03:15:15                      43
/home/felipe/lab/novamind-flow/.env/lib/python3.10/site-packages/airflow/example_dags/example_dynamic_task_mapping.py                                                      1           0  0.40s           2025-02-11T03:15:56                      43
/home/felipe/lab/novamind-flow/.env/lib/python3.10/site-packages/airflow/example_dags/example_dag_decorator.py                                                             1           0  0.40s           2025-02-11T03:16:00                      43
/home/felipe/lab/novamind-flow/.env/lib/python3.10/site-packages/airflow/example_dags/example_python_decorator.py                                                          1           0  0.40s           2025-02-11T03:15:38                      43
/home/felipe/lab/novamind-flow/.env/lib/python3.10/site-packages/airflow/example_dags/example_subdag_operator.py                                                           3           0  0.40s           2025-02-11T03:15:29                      53
/home/felipe/lab/novamind-flow/.env/lib/python3.10/site-packages/airflow/example_dags/example_python_operator.py                                                           1           0  0.40s           2025-02-11T03:15:27                      43
/home/felipe/lab/novamind-flow/.env/lib/python3.10/site-packages/airflow/example_dags/example_short_circuit_operator.py                                                    1           0  0.40s           2025-02-11T03:15:33                      43
/home/felipe/lab/novamind-flow/.env/lib/python3.10/site-packages/airflow/example_dags/example_sensors.py                                                                   1           0  0.40s           2025-02-11T03:15:30                      43
/home/felipe/lab/novamind-flow/.env/lib/python3.10/site-packages/airflow/example_dags/example_skip_dag.py                                                                  1           0  0.31s           2025-02-11T03:15:35                      45
/home/felipe/lab/novamind-flow/.env/lib/python3.10/site-packages/airflow/example_dags/example_trigger_controller_dag.py                                                    1           0  0.31s           2025-02-11T03:15:16                      45
/home/felipe/lab/novamind-flow/.env/lib/python3.10/site-packages/airflow/example_dags/tutorial_dag.py                                                                      1           0  0.30s           2025-02-11T03:15:13                      43
/home/felipe/lab/novamind-flow/.env/lib/python3.10/site-packages/airflow/example_dags/plugins/event_listener.py                                                            0           0  0.30s           2025-02-11T03:15:02                       3
/home/felipe/lab/novamind-flow/.env/lib/python3.10/site-packages/airflow/example_dags/subdags/subdag.py                                                                    0           0  0.10s           2025-02-11T03:14:58                       3
/home/felipe/lab/novamind-flow/.env/lib/python3.10/site-packages/airflow/example_dags/plugins/workday.py                                                                   0           0  0.10s           2025-02-11T03:14:59                       3
/home/felipe/lab/novamind-flow/.env/lib/python3.10/site-packages/airflow/example_dags/example_kubernetes_executor.py                                                       0           0  0.10s           2025-02-11T03:15:47                       3
/home/felipe/lab/novamind-flow/.env/lib/python3.10/site-packages/airflow/example_dags/example_local_kubernetes_executor.py                                                 0           0  0.10s           2025-02-11T03:15:48                       3
/home/felipe/lab/novamind-flow/.env/lib/python3.10/site-packages/airflow/example_dags/plugins/listener_plugin.py                                                           0           0  0.10s           2025-02-11T03:15:01                       3
/home/felipe/lab/novamind-flow/.env/lib/python3.10/site-packages/airflow/example_dags/plugins/decreasing_priority_weight_strategy.py                                       0           0  0.10s           2025-02-11T03:15:04                       3
/home/felipe/lab/novamind-flow/.env/lib/python3.10/site-packages/airflow/example_dags/example_branch_day_of_week_operator.py                                               0           0                                                            0
/home/felipe/lab/novamind-flow/.env/lib/python3.10/site-packages/airflow/example_dags/example_branch_labels.py                                                             0           0                                                            0
/home/felipe/lab/novamind-flow/.env/lib/python3.10/site-packages/airflow/example_dags/example_bash_operator.py                                                             0           0                                                            0
/home/felipe/lab/novamind-flow/.env/lib/python3.10/site-packages/airflow/example_dags/example_bash_decorator.py                                                            0           0                                                            0
/home/felipe/lab/novamind-flow/.env/lib/python3.10/site-packages/airflow/example_dags/example_complex.py                                                                   0           0                                                            0
/home/felipe/lab/novamind-flow/.env/lib/python3.10/site-packages/airflow/example_dags/example_display_name.py                                                              0           0                                                            0
/home/felipe/lab/novamind-flow/.env/lib/python3.10/site-packages/airflow/example_dags/example_branch_python_dop_operator_3.py                                              0           0                                                            0
/home/felipe/lab/novamind-flow/.env/lib/python3.10/site-packages/airflow/example_dags/example_branch_operator.py                                                           0           0                                                            0
/home/felipe/lab/novamind-flow/.env/lib/python3.10/site-packages/airflow/example_dags/example_datasets.py                                                                  0           0                                                            0
/home/felipe/lab/novamind-flow/.env/lib/python3.10/site-packages/airflow/example_dags/example_branch_datetime_operator.py                                                  0           0                                                            0
================================================================================
[2025-02-11T00:16:30.618-0300] {manager.py:997} INFO - 
================================================================================
DAG File Processing Stats

File Path                                                                                                                                         PID    Runtime      # DAGs    # Errors  Last Runtime    Last Run               Last # of DB Queries
------------------------------------------------------------------------------------------------------------------------------------------------  -----  ---------  --------  ----------  --------------  -------------------  ----------------------
/home/felipe/lab/novamind-flow/.env/lib/python3.10/site-packages/airflow/example_dags/example_datasets.py                                                                 10           0  1.41s           2025-02-11T03:16:08                     379
/home/felipe/lab/novamind-flow/.env/lib/python3.10/site-packages/airflow/example_dags/example_xcom.py                                                                      1           0  0.81s           2025-02-11T03:15:21                      45
/home/felipe/lab/novamind-flow/.env/lib/python3.10/site-packages/airflow/example_dags/example_dataset_alias_with_no_taskflow.py                                            4           0  0.71s           2025-02-11T03:15:54                     157
/home/felipe/lab/novamind-flow/.env/lib/python3.10/site-packages/airflow/example_dags/example_dataset_alias.py                                                             4           0  0.70s           2025-02-11T03:15:58                     157
/home/felipe/lab/novamind-flow/.env/lib/python3.10/site-packages/airflow/example_dags/example_outlet_event_extra.py                                                        3           0  0.60s           2025-02-11T03:15:45                     118
/home/felipe/lab/novamind-flow/.env/lib/python3.10/site-packages/airflow/example_dags/example_external_task_marker_dag.py                                                  2           0  0.50s           2025-02-11T03:15:57                      79
/home/felipe/lab/novamind-flow/.env/lib/python3.10/site-packages/airflow/example_dags/example_inlet_event_extra.py                                                         2           0  0.50s           2025-02-11T03:15:41                      81
/home/felipe/lab/novamind-flow/.env/lib/python3.10/site-packages/airflow/example_dags/example_branch_datetime_operator.py                                                  3           0  0.50s           2025-02-11T03:16:14                     117
/home/felipe/lab/novamind-flow/.env/lib/python3.10/site-packages/airflow/example_dags/example_nested_branch_dag.py                                                         1           0  0.41s           2025-02-11T03:15:37                      45
/home/felipe/lab/novamind-flow/.env/lib/python3.10/site-packages/airflow/example_dags/example_latest_only.py                                                               1           0  0.40s           2025-02-11T03:15:50                      45
/home/felipe/lab/novamind-flow/.env/lib/python3.10/site-packages/airflow/example_dags/example_display_name.py                                                              1           0  0.40s           2025-02-11T03:16:02                      43
/home/felipe/lab/novamind-flow/.env/lib/python3.10/site-packages/airflow/example_dags/example_latest_only_with_trigger.py                                                  1           0  0.40s           2025-02-11T03:15:40                      45
/home/felipe/lab/novamind-flow/.env/lib/python3.10/site-packages/airflow/example_dags/example_sla_dag.py                                                                   1           0  0.40s           2025-02-11T03:15:31                      45
/home/felipe/lab/novamind-flow/.env/lib/python3.10/site-packages/airflow/example_dags/example_passing_params_via_test_command.py                                           1           0  0.40s           2025-02-11T03:15:44                      45
/home/felipe/lab/novamind-flow/.env/lib/python3.10/site-packages/airflow/example_dags/example_branch_python_dop_operator_3.py                                              1           0  0.40s           2025-02-11T03:16:04                      45
/home/felipe/lab/novamind-flow/.env/lib/python3.10/site-packages/airflow/example_dags/example_task_group_decorator.py                                                      1           0  0.40s           2025-02-11T03:15:24                      43
/home/felipe/lab/novamind-flow/.env/lib/python3.10/site-packages/airflow/example_dags/example_dynamic_task_mapping_with_no_taskflow_operators.py                           1           0  0.40s           2025-02-11T03:15:51                      43
/home/felipe/lab/novamind-flow/.env/lib/python3.10/site-packages/airflow/example_dags/example_sensor_decorator.py                                                          1           0  0.40s           2025-02-11T03:15:29                      43
/home/felipe/lab/novamind-flow/.env/lib/python3.10/site-packages/airflow/example_dags/example_params_ui_tutorial.py                                                        1           0  0.40s           2025-02-11T03:15:46                      43
/home/felipe/lab/novamind-flow/.env/lib/python3.10/site-packages/airflow/example_dags/example_complex.py                                                                   1           0  0.40s           2025-02-11T03:16:01                      43
/home/felipe/lab/novamind-flow/.env/lib/python3.10/site-packages/airflow/example_dags/example_branch_operator_decorator.py                                                 1           0  0.40s           2025-02-11T03:15:53                      45
/home/felipe/lab/novamind-flow/.env/lib/python3.10/site-packages/airflow/example_dags/example_branch_operator.py                                                           1           0  0.40s           2025-02-11T03:16:05                      45
/home/felipe/lab/novamind-flow/.env/lib/python3.10/site-packages/airflow/example_dags/example_params_trigger_ui.py                                                         1           0  0.40s           2025-02-11T03:15:42                      43
/home/felipe/lab/novamind-flow/.env/lib/python3.10/site-packages/airflow/example_dags/example_setup_teardown.py                                                            1           0  0.40s           2025-02-11T03:15:34                      43
/home/felipe/lab/novamind-flow/.env/lib/python3.10/site-packages/airflow/example_dags/example_time_delta_sensor_async.py                                                   1           0  0.40s           2025-02-11T03:15:22                      43
/home/felipe/lab/novamind-flow/.env/lib/python3.10/site-packages/airflow/example_dags/example_short_circuit_decorator.py                                                   1           0  0.40s           2025-02-11T03:15:24                      43
/home/felipe/lab/novamind-flow/.env/lib/python3.10/site-packages/airflow/example_dags/example_setup_teardown_taskflow.py                                                   1           0  0.40s           2025-02-11T03:15:26                      43
/home/felipe/lab/novamind-flow/.env/lib/python3.10/site-packages/airflow/example_dags/example_dynamic_task_mapping.py                                                      1           0  0.40s           2025-02-11T03:15:56                      43
/home/felipe/lab/novamind-flow/.env/lib/python3.10/site-packages/airflow/example_dags/example_dag_decorator.py                                                             1           0  0.40s           2025-02-11T03:16:00                      43
/home/felipe/lab/novamind-flow/.env/lib/python3.10/site-packages/airflow/example_dags/example_python_decorator.py                                                          1           0  0.40s           2025-02-11T03:15:38                      43
/home/felipe/lab/novamind-flow/.env/lib/python3.10/site-packages/airflow/example_dags/example_subdag_operator.py                                                           3           0  0.40s           2025-02-11T03:15:29                      53
/home/felipe/lab/novamind-flow/.env/lib/python3.10/site-packages/airflow/example_dags/example_python_operator.py                                                           1           0  0.40s           2025-02-11T03:15:27                      43
/home/felipe/lab/novamind-flow/.env/lib/python3.10/site-packages/airflow/example_dags/example_short_circuit_operator.py                                                    1           0  0.40s           2025-02-11T03:15:33                      43
/home/felipe/lab/novamind-flow/.env/lib/python3.10/site-packages/airflow/example_dags/example_sensors.py                                                                   1           0  0.40s           2025-02-11T03:15:30                      43
/home/felipe/lab/novamind-flow/.env/lib/python3.10/site-packages/airflow/example_dags/example_skip_dag.py                                                                  1           0  0.31s           2025-02-11T03:15:35                      45
/home/felipe/lab/novamind-flow/.env/lib/python3.10/site-packages/airflow/example_dags/example_bash_operator.py                                                             1           0  0.30s           2025-02-11T03:16:12                      45
/home/felipe/lab/novamind-flow/.env/lib/python3.10/site-packages/airflow/example_dags/example_bash_decorator.py                                                            1           0  0.30s           2025-02-11T03:16:13                      43
/home/felipe/lab/novamind-flow/.env/lib/python3.10/site-packages/airflow/example_dags/example_branch_labels.py                                                             1           0  0.30s           2025-02-11T03:16:10                      45
/home/felipe/lab/novamind-flow/.env/lib/python3.10/site-packages/airflow/example_dags/example_branch_day_of_week_operator.py                                               1           0  0.30s           2025-02-11T03:16:09                      45
/home/felipe/lab/novamind-flow/.env/lib/python3.10/site-packages/airflow/example_dags/tutorial_taskflow_templates.py                                                       1           0  0.10s           2025-02-11T03:16:20                      12
/home/felipe/lab/novamind-flow/.env/lib/python3.10/site-packages/airflow/example_dags/tutorial.py                                                                          1           0  0.10s           2025-02-11T03:16:23                      12
/home/felipe/lab/novamind-flow/.env/lib/python3.10/site-packages/airflow/example_dags/plugins/workday.py                                                                   0           0  0.10s           2025-02-11T03:16:16                       3
/home/felipe/lab/novamind-flow/.env/lib/python3.10/site-packages/airflow/example_dags/plugins/event_listener.py                                                            0           0  0.10s           2025-02-11T03:16:18                       3
/home/felipe/lab/novamind-flow/.env/lib/python3.10/site-packages/airflow/example_dags/example_trigger_controller_dag.py                                                    1           0  0.10s           2025-02-11T03:16:28                      12
/home/felipe/lab/novamind-flow/.env/lib/python3.10/site-packages/airflow/example_dags/plugins/decreasing_priority_weight_strategy.py                                       0           0  0.10s           2025-02-11T03:16:19                       3
/home/felipe/lab/novamind-flow/.env/lib/python3.10/site-packages/airflow/example_dags/subdags/subdag.py                                                                    0           0  0.10s           2025-02-11T03:16:15                       3
/home/felipe/lab/novamind-flow/.env/lib/python3.10/site-packages/airflow/example_dags/example_task_group.py                                                                1           0  0.10s           2025-02-11T03:16:28                      10
/home/felipe/lab/novamind-flow/.env/lib/python3.10/site-packages/airflow/example_dags/tutorial_dag.py                                                                      1           0  0.10s           2025-02-11T03:16:25                      10
/home/felipe/lab/novamind-flow/.env/lib/python3.10/site-packages/airflow/example_dags/tutorial_objectstorage.py                                                            1           0  0.10s           2025-02-11T03:16:24                      10
/home/felipe/lab/novamind-flow/.env/lib/python3.10/site-packages/airflow/example_dags/tutorial_taskflow_api_virtualenv.py                                                  1           0  0.10s           2025-02-11T03:16:21                      10
/home/felipe/lab/novamind-flow/.env/lib/python3.10/site-packages/airflow/example_dags/example_kubernetes_executor.py                                                       0           0  0.10s           2025-02-11T03:15:47                       3
/home/felipe/lab/novamind-flow/.env/lib/python3.10/site-packages/airflow/example_dags/example_local_kubernetes_executor.py                                                 0           0  0.10s           2025-02-11T03:15:48                       3
/home/felipe/lab/novamind-flow/.env/lib/python3.10/site-packages/airflow/example_dags/example_xcomargs.py                                                                  2           0  0.10s           2025-02-11T03:16:27                      13
/home/felipe/lab/novamind-flow/.env/lib/python3.10/site-packages/airflow/example_dags/example_workday_timetable.py                                                         1           0  0.10s           2025-02-11T03:16:29                      12
/home/felipe/lab/novamind-flow/.env/lib/python3.10/site-packages/airflow/example_dags/tutorial_taskflow_api.py                                                             1           0  0.10s           2025-02-11T03:16:23                      10
/home/felipe/lab/novamind-flow/.env/lib/python3.10/site-packages/airflow/example_dags/example_trigger_target_dag.py                                                        1           0  0.10s           2025-02-11T03:16:30                      10
/home/felipe/lab/novamind-flow/.env/lib/python3.10/site-packages/airflow/example_dags/plugins/listener_plugin.py                                                           0           0  0.10s           2025-02-11T03:16:17                       3
================================================================================
[2025-02-11T00:17:00.847-0300] {manager.py:997} INFO - 
================================================================================
DAG File Processing Stats

File Path                                                                                                                                         PID    Runtime      # DAGs    # Errors  Last Runtime    Last Run               Last # of DB Queries
------------------------------------------------------------------------------------------------------------------------------------------------  -----  ---------  --------  ----------  --------------  -------------------  ----------------------
/home/felipe/lab/novamind-flow/.env/lib/python3.10/site-packages/airflow/example_dags/example_datasets.py                                                                 10           0  1.41s           2025-02-11T03:16:08                     379
/home/felipe/lab/novamind-flow/.env/lib/python3.10/site-packages/airflow/example_dags/example_dataset_alias.py                                                             4           0  0.70s           2025-02-11T03:15:58                     157
/home/felipe/lab/novamind-flow/.env/lib/python3.10/site-packages/airflow/example_dags/example_external_task_marker_dag.py                                                  2           0  0.50s           2025-02-11T03:15:57                      79
/home/felipe/lab/novamind-flow/.env/lib/python3.10/site-packages/airflow/example_dags/example_branch_datetime_operator.py                                                  3           0  0.50s           2025-02-11T03:16:14                     117
/home/felipe/lab/novamind-flow/.env/lib/python3.10/site-packages/airflow/example_dags/example_display_name.py                                                              1           0  0.40s           2025-02-11T03:16:02                      43
/home/felipe/lab/novamind-flow/.env/lib/python3.10/site-packages/airflow/example_dags/example_branch_python_dop_operator_3.py                                              1           0  0.40s           2025-02-11T03:16:04                      45
/home/felipe/lab/novamind-flow/.env/lib/python3.10/site-packages/airflow/example_dags/example_complex.py                                                                   1           0  0.40s           2025-02-11T03:16:01                      43
/home/felipe/lab/novamind-flow/.env/lib/python3.10/site-packages/airflow/example_dags/example_branch_operator.py                                                           1           0  0.40s           2025-02-11T03:16:05                      45
/home/felipe/lab/novamind-flow/.env/lib/python3.10/site-packages/airflow/example_dags/example_dynamic_task_mapping.py                                                      1           0  0.40s           2025-02-11T03:15:56                      43
/home/felipe/lab/novamind-flow/.env/lib/python3.10/site-packages/airflow/example_dags/example_dag_decorator.py                                                             1           0  0.40s           2025-02-11T03:16:00                      43
/home/felipe/lab/novamind-flow/.env/lib/python3.10/site-packages/airflow/example_dags/example_bash_operator.py                                                             1           0  0.30s           2025-02-11T03:16:12                      45
/home/felipe/lab/novamind-flow/.env/lib/python3.10/site-packages/airflow/example_dags/example_bash_decorator.py                                                            1           0  0.30s           2025-02-11T03:16:13                      43
/home/felipe/lab/novamind-flow/.env/lib/python3.10/site-packages/airflow/example_dags/example_branch_labels.py                                                             1           0  0.30s           2025-02-11T03:16:10                      45
/home/felipe/lab/novamind-flow/.env/lib/python3.10/site-packages/airflow/example_dags/example_branch_day_of_week_operator.py                                               1           0  0.30s           2025-02-11T03:16:09                      45
/home/felipe/lab/novamind-flow/.env/lib/python3.10/site-packages/airflow/example_dags/example_python_operator.py                                                           1           0  0.10s           2025-02-11T03:16:36                      10
/home/felipe/lab/novamind-flow/.env/lib/python3.10/site-packages/airflow/example_dags/tutorial_taskflow_templates.py                                                       1           0  0.10s           2025-02-11T03:16:20                      12
/home/felipe/lab/novamind-flow/.env/lib/python3.10/site-packages/airflow/example_dags/tutorial.py                                                                          1           0  0.10s           2025-02-11T03:16:23                      12
/home/felipe/lab/novamind-flow/.env/lib/python3.10/site-packages/airflow/example_dags/example_short_circuit_operator.py                                                    1           0  0.10s           2025-02-11T03:16:41                      10
/home/felipe/lab/novamind-flow/.env/lib/python3.10/site-packages/airflow/example_dags/example_sensor_decorator.py                                                          1           0  0.10s           2025-02-11T03:16:37                      10
/home/felipe/lab/novamind-flow/.env/lib/python3.10/site-packages/airflow/example_dags/example_latest_only_with_trigger.py                                                  1           0  0.10s           2025-02-11T03:16:45                      12
/home/felipe/lab/novamind-flow/.env/lib/python3.10/site-packages/airflow/example_dags/plugins/event_listener.py                                                            0           0  0.10s           2025-02-11T03:16:53                       3
/home/felipe/lab/novamind-flow/.env/lib/python3.10/site-packages/airflow/example_dags/example_setup_teardown_taskflow.py                                                   1           0  0.10s           2025-02-11T03:16:35                      10
/home/felipe/lab/novamind-flow/.env/lib/python3.10/site-packages/airflow/example_dags/example_trigger_controller_dag.py                                                    1           0  0.10s           2025-02-11T03:16:28                      12
/home/felipe/lab/novamind-flow/.env/lib/python3.10/site-packages/airflow/example_dags/example_dynamic_task_mapping_with_no_taskflow_operators.py                           1           0  0.10s           2025-02-11T03:16:59                      10
/home/felipe/lab/novamind-flow/.env/lib/python3.10/site-packages/airflow/example_dags/example_nested_branch_dag.py                                                         1           0  0.10s           2025-02-11T03:16:44                      12
/home/felipe/lab/novamind-flow/.env/lib/python3.10/site-packages/airflow/example_dags/example_local_kubernetes_executor.py                                                 0           0  0.10s           2025-02-11T03:16:57                       3
/home/felipe/lab/novamind-flow/.env/lib/python3.10/site-packages/airflow/example_dags/example_latest_only.py                                                               1           0  0.10s           2025-02-11T03:16:58                      12
/home/felipe/lab/novamind-flow/.env/lib/python3.10/site-packages/airflow/example_dags/example_branch_operator_decorator.py                                                 1           0  0.10s           2025-02-11T03:16:59                      12
/home/felipe/lab/novamind-flow/.env/lib/python3.10/site-packages/airflow/example_dags/example_kubernetes_executor.py                                                       0           0  0.10s           2025-02-11T03:16:56                       3
/home/felipe/lab/novamind-flow/.env/lib/python3.10/site-packages/airflow/example_dags/example_task_group.py                                                                1           0  0.10s           2025-02-11T03:16:28                      10
/home/felipe/lab/novamind-flow/.env/lib/python3.10/site-packages/airflow/example_dags/tutorial_dag.py                                                                      1           0  0.10s           2025-02-11T03:16:25                      10
/home/felipe/lab/novamind-flow/.env/lib/python3.10/site-packages/airflow/example_dags/tutorial_objectstorage.py                                                            1           0  0.10s           2025-02-11T03:16:24                      10
/home/felipe/lab/novamind-flow/.env/lib/python3.10/site-packages/airflow/example_dags/example_time_delta_sensor_async.py                                                   1           0  0.10s           2025-02-11T03:16:32                      10
/home/felipe/lab/novamind-flow/.env/lib/python3.10/site-packages/airflow/example_dags/example_sla_dag.py                                                                   1           0  0.10s           2025-02-11T03:16:40                      12
/home/felipe/lab/novamind-flow/.env/lib/python3.10/site-packages/airflow/example_dags/tutorial_taskflow_api_virtualenv.py                                                  1           0  0.10s           2025-02-11T03:16:21                      10
/home/felipe/lab/novamind-flow/.env/lib/python3.10/site-packages/airflow/example_dags/example_xcomargs.py                                                                  2           0  0.10s           2025-02-11T03:16:27                      13
/home/felipe/lab/novamind-flow/.env/lib/python3.10/site-packages/airflow/example_dags/plugins/workday.py                                                                   0           0  0.10s           2025-02-11T03:16:51                       3
/home/felipe/lab/novamind-flow/.env/lib/python3.10/site-packages/airflow/example_dags/example_skip_dag.py                                                                  1           0  0.10s           2025-02-11T03:16:43                      12
/home/felipe/lab/novamind-flow/.env/lib/python3.10/site-packages/airflow/example_dags/example_workday_timetable.py                                                         1           0  0.10s           2025-02-11T03:16:29                      12
/home/felipe/lab/novamind-flow/.env/lib/python3.10/site-packages/airflow/example_dags/tutorial_taskflow_api.py                                                             1           0  0.10s           2025-02-11T03:16:23                      10
/home/felipe/lab/novamind-flow/.env/lib/python3.10/site-packages/airflow/example_dags/example_outlet_event_extra.py                                                        3           0  0.10s           2025-02-11T03:16:49                      19
/home/felipe/lab/novamind-flow/.env/lib/python3.10/site-packages/airflow/example_dags/example_task_group_decorator.py                                                      1           0  0.10s           2025-02-11T03:16:33                      10
/home/felipe/lab/novamind-flow/.env/lib/python3.10/site-packages/airflow/example_dags/example_trigger_target_dag.py                                                        1           0  0.10s           2025-02-11T03:16:30                      10
/home/felipe/lab/novamind-flow/.env/lib/python3.10/site-packages/airflow/example_dags/example_python_decorator.py                                                          1           0  0.10s           2025-02-11T03:16:45                      10
/home/felipe/lab/novamind-flow/.env/lib/python3.10/site-packages/airflow/example_dags/plugins/listener_plugin.py                                                           0           0  0.10s           2025-02-11T03:16:52                       3
/home/felipe/lab/novamind-flow/.env/lib/python3.10/site-packages/airflow/example_dags/example_subdag_operator.py                                                           3           0  0.10s           2025-02-11T03:16:38                      20
/home/felipe/lab/novamind-flow/.env/lib/python3.10/site-packages/airflow/example_dags/example_params_ui_tutorial.py                                                        1           0  0.10s           2025-02-11T03:16:55                      10
/home/felipe/lab/novamind-flow/.env/lib/python3.10/site-packages/airflow/example_dags/subdags/subdag.py                                                                    0           0  0.10s           2025-02-11T03:16:50                       3
/home/felipe/lab/novamind-flow/.env/lib/python3.10/site-packages/airflow/example_dags/example_setup_teardown.py                                                            1           0  0.10s           2025-02-11T03:16:42                      10
/home/felipe/lab/novamind-flow/.env/lib/python3.10/site-packages/airflow/example_dags/example_xcom.py                                                                      1           0  0.10s           2025-02-11T03:16:30                      12
/home/felipe/lab/novamind-flow/.env/lib/python3.10/site-packages/airflow/example_dags/plugins/decreasing_priority_weight_strategy.py                                       0           0  0.10s           2025-02-11T03:16:54                       3
/home/felipe/lab/novamind-flow/.env/lib/python3.10/site-packages/airflow/example_dags/example_params_trigger_ui.py                                                         1           0  0.10s           2025-02-11T03:16:48                      10
/home/felipe/lab/novamind-flow/.env/lib/python3.10/site-packages/airflow/example_dags/example_short_circuit_decorator.py                                                   1           0  0.10s           2025-02-11T03:16:33                      10
/home/felipe/lab/novamind-flow/.env/lib/python3.10/site-packages/airflow/example_dags/example_dataset_alias_with_no_taskflow.py                                            4           0  0.10s           2025-02-11T03:17:00                      27
/home/felipe/lab/novamind-flow/.env/lib/python3.10/site-packages/airflow/example_dags/example_passing_params_via_test_command.py                                           1           0  0.10s           2025-02-11T03:16:49                      12
/home/felipe/lab/novamind-flow/.env/lib/python3.10/site-packages/airflow/example_dags/example_inlet_event_extra.py                                                         2           0  0.10s           2025-02-11T03:16:46                      15
/home/felipe/lab/novamind-flow/.env/lib/python3.10/site-packages/airflow/example_dags/example_sensors.py                                                                   1           0  0.10s           2025-02-11T03:16:39                      10
================================================================================
[2025-02-11T00:17:31.120-0300] {manager.py:997} INFO - 
================================================================================
DAG File Processing Stats

File Path                                                                                                                                         PID    Runtime      # DAGs    # Errors  Last Runtime    Last Run               Last # of DB Queries
------------------------------------------------------------------------------------------------------------------------------------------------  -----  ---------  --------  ----------  --------------  -------------------  ----------------------
/home/felipe/lab/novamind-flow/.env/lib/python3.10/site-packages/airflow/example_dags/example_dag_decorator.py                                                             1           0  0.20s           2025-02-11T03:17:04                      32
/home/felipe/lab/novamind-flow/.env/lib/python3.10/site-packages/airflow/example_dags/example_datasets.py                                                                 10           0  0.20s           2025-02-11T03:17:10                      49
/home/felipe/lab/novamind-flow/.env/lib/python3.10/site-packages/airflow/example_dags/example_branch_datetime_operator.py                                                  3           0  0.11s           2025-02-11T03:17:14                      18
/home/felipe/lab/novamind-flow/.env/lib/python3.10/site-packages/airflow/example_dags/example_xcom.py                                                                      1           0  0.10s           2025-02-11T03:17:26                      12
/home/felipe/lab/novamind-flow/.env/lib/python3.10/site-packages/airflow/example_dags/example_display_name.py                                                              1           0  0.10s           2025-02-11T03:17:07                      10
/home/felipe/lab/novamind-flow/.env/lib/python3.10/site-packages/airflow/example_dags/example_short_circuit_operator.py                                                    1           0  0.10s           2025-02-11T03:16:41                      10
/home/felipe/lab/novamind-flow/.env/lib/python3.10/site-packages/airflow/example_dags/example_sensor_decorator.py                                                          1           0  0.10s           2025-02-11T03:16:37                      10
/home/felipe/lab/novamind-flow/.env/lib/python3.10/site-packages/airflow/example_dags/example_setup_teardown_taskflow.py                                                   1           0  0.10s           2025-02-11T03:17:30                      10
/home/felipe/lab/novamind-flow/.env/lib/python3.10/site-packages/airflow/example_dags/example_bash_operator.py                                                             1           0  0.10s           2025-02-11T03:17:12                      12
/home/felipe/lab/novamind-flow/.env/lib/python3.10/site-packages/airflow/example_dags/example_latest_only_with_trigger.py                                                  1           0  0.10s           2025-02-11T03:16:45                      12
/home/felipe/lab/novamind-flow/.env/lib/python3.10/site-packages/airflow/example_dags/example_task_group_decorator.py                                                      1           0  0.10s           2025-02-11T03:17:28                      10
/home/felipe/lab/novamind-flow/.env/lib/python3.10/site-packages/airflow/example_dags/plugins/event_listener.py                                                            0           0  0.10s           2025-02-11T03:16:53                       3
/home/felipe/lab/novamind-flow/.env/lib/python3.10/site-packages/airflow/example_dags/example_branch_day_of_week_operator.py                                               1           0  0.10s           2025-02-11T03:17:11                      12
/home/felipe/lab/novamind-flow/.env/lib/python3.10/site-packages/airflow/example_dags/example_trigger_target_dag.py                                                        1           0  0.10s           2025-02-11T03:17:25                      10
/home/felipe/lab/novamind-flow/.env/lib/python3.10/site-packages/airflow/example_dags/example_xcomargs.py                                                                  2           0  0.10s           2025-02-11T03:17:21                      13
/home/felipe/lab/novamind-flow/.env/lib/python3.10/site-packages/airflow/example_dags/example_dynamic_task_mapping_with_no_taskflow_operators.py                           1           0  0.10s           2025-02-11T03:16:59                      10
/home/felipe/lab/novamind-flow/.env/lib/python3.10/site-packages/airflow/example_dags/example_nested_branch_dag.py                                                         1           0  0.10s           2025-02-11T03:16:44                      12
/home/felipe/lab/novamind-flow/.env/lib/python3.10/site-packages/airflow/example_dags/example_local_kubernetes_executor.py                                                 0           0  0.10s           2025-02-11T03:16:57                       3
/home/felipe/lab/novamind-flow/.env/lib/python3.10/site-packages/airflow/example_dags/example_short_circuit_decorator.py                                                   1           0  0.10s           2025-02-11T03:17:30                      10
/home/felipe/lab/novamind-flow/.env/lib/python3.10/site-packages/airflow/example_dags/example_latest_only.py                                                               1           0  0.10s           2025-02-11T03:16:58                      12
/home/felipe/lab/novamind-flow/.env/lib/python3.10/site-packages/airflow/example_dags/example_branch_operator_decorator.py                                                 1           0  0.10s           2025-02-11T03:16:59                      12
/home/felipe/lab/novamind-flow/.env/lib/python3.10/site-packages/airflow/example_dags/example_trigger_controller_dag.py                                                    1           0  0.10s           2025-02-11T03:17:23                      12
/home/felipe/lab/novamind-flow/.env/lib/python3.10/site-packages/airflow/example_dags/tutorial.py                                                                          1           0  0.10s           2025-02-11T03:17:17                      12
/home/felipe/lab/novamind-flow/.env/lib/python3.10/site-packages/airflow/example_dags/example_time_delta_sensor_async.py                                                   1           0  0.10s           2025-02-11T03:17:27                      10
/home/felipe/lab/novamind-flow/.env/lib/python3.10/site-packages/airflow/example_dags/example_workday_timetable.py                                                         1           0  0.10s           2025-02-11T03:17:24                      12
/home/felipe/lab/novamind-flow/.env/lib/python3.10/site-packages/airflow/example_dags/example_kubernetes_executor.py                                                       0           0  0.10s           2025-02-11T03:16:56                       3
/home/felipe/lab/novamind-flow/.env/lib/python3.10/site-packages/airflow/example_dags/example_branch_python_dop_operator_3.py                                              1           0  0.10s           2025-02-11T03:17:08                      12
/home/felipe/lab/novamind-flow/.env/lib/python3.10/site-packages/airflow/example_dags/tutorial_taskflow_templates.py                                                       1           0  0.10s           2025-02-11T03:17:15                      12
/home/felipe/lab/novamind-flow/.env/lib/python3.10/site-packages/airflow/example_dags/example_task_group.py                                                                1           0  0.10s           2025-02-11T03:17:22                      10
/home/felipe/lab/novamind-flow/.env/lib/python3.10/site-packages/airflow/example_dags/tutorial_taskflow_api_virtualenv.py                                                  1           0  0.10s           2025-02-11T03:17:15                      10
/home/felipe/lab/novamind-flow/.env/lib/python3.10/site-packages/airflow/example_dags/example_branch_labels.py                                                             1           0  0.10s           2025-02-11T03:17:11                      12
/home/felipe/lab/novamind-flow/.env/lib/python3.10/site-packages/airflow/example_dags/example_sla_dag.py                                                                   1           0  0.10s           2025-02-11T03:16:40                      12
/home/felipe/lab/novamind-flow/.env/lib/python3.10/site-packages/airflow/example_dags/example_complex.py                                                                   1           0  0.10s           2025-02-11T03:17:05                      10
/home/felipe/lab/novamind-flow/.env/lib/python3.10/site-packages/airflow/example_dags/tutorial_objectstorage.py                                                            1           0  0.10s           2025-02-11T03:17:19                      10
/home/felipe/lab/novamind-flow/.env/lib/python3.10/site-packages/airflow/example_dags/plugins/workday.py                                                                   0           0  0.10s           2025-02-11T03:16:51                       3
/home/felipe/lab/novamind-flow/.env/lib/python3.10/site-packages/airflow/example_dags/example_dataset_alias.py                                                             4           0  0.10s           2025-02-11T03:17:03                      27
/home/felipe/lab/novamind-flow/.env/lib/python3.10/site-packages/airflow/example_dags/example_skip_dag.py                                                                  1           0  0.10s           2025-02-11T03:16:43                      12
/home/felipe/lab/novamind-flow/.env/lib/python3.10/site-packages/airflow/example_dags/tutorial_dag.py                                                                      1           0  0.10s           2025-02-11T03:17:20                      10
/home/felipe/lab/novamind-flow/.env/lib/python3.10/site-packages/airflow/example_dags/example_outlet_event_extra.py                                                        3           0  0.10s           2025-02-11T03:16:49                      19
/home/felipe/lab/novamind-flow/.env/lib/python3.10/site-packages/airflow/example_dags/example_python_decorator.py                                                          1           0  0.10s           2025-02-11T03:16:45                      10
/home/felipe/lab/novamind-flow/.env/lib/python3.10/site-packages/airflow/example_dags/plugins/listener_plugin.py                                                           0           0  0.10s           2025-02-11T03:16:52                       3
/home/felipe/lab/novamind-flow/.env/lib/python3.10/site-packages/airflow/example_dags/example_subdag_operator.py                                                           3           0  0.10s           2025-02-11T03:16:38                      20
/home/felipe/lab/novamind-flow/.env/lib/python3.10/site-packages/airflow/example_dags/example_branch_operator.py                                                           1           0  0.10s           2025-02-11T03:17:09                      12
/home/felipe/lab/novamind-flow/.env/lib/python3.10/site-packages/airflow/example_dags/example_params_ui_tutorial.py                                                        1           0  0.10s           2025-02-11T03:16:55                      10
/home/felipe/lab/novamind-flow/.env/lib/python3.10/site-packages/airflow/example_dags/subdags/subdag.py                                                                    0           0  0.10s           2025-02-11T03:16:50                       3
/home/felipe/lab/novamind-flow/.env/lib/python3.10/site-packages/airflow/example_dags/example_setup_teardown.py                                                            1           0  0.10s           2025-02-11T03:16:42                      10
/home/felipe/lab/novamind-flow/.env/lib/python3.10/site-packages/airflow/example_dags/example_bash_decorator.py                                                            1           0  0.10s           2025-02-11T03:17:13                      10
/home/felipe/lab/novamind-flow/.env/lib/python3.10/site-packages/airflow/example_dags/plugins/decreasing_priority_weight_strategy.py                                       0           0  0.10s           2025-02-11T03:16:54                       3
/home/felipe/lab/novamind-flow/.env/lib/python3.10/site-packages/airflow/example_dags/example_python_operator.py                                                           1           0  0.10s           2025-02-11T03:17:31                      10
/home/felipe/lab/novamind-flow/.env/lib/python3.10/site-packages/airflow/example_dags/example_params_trigger_ui.py                                                         1           0  0.10s           2025-02-11T03:16:48                      10
/home/felipe/lab/novamind-flow/.env/lib/python3.10/site-packages/airflow/example_dags/example_dataset_alias_with_no_taskflow.py                                            4           0  0.10s           2025-02-11T03:17:00                      27
/home/felipe/lab/novamind-flow/.env/lib/python3.10/site-packages/airflow/example_dags/example_passing_params_via_test_command.py                                           1           0  0.10s           2025-02-11T03:16:49                      12
/home/felipe/lab/novamind-flow/.env/lib/python3.10/site-packages/airflow/example_dags/tutorial_taskflow_api.py                                                             1           0  0.10s           2025-02-11T03:17:18                      10
/home/felipe/lab/novamind-flow/.env/lib/python3.10/site-packages/airflow/example_dags/example_inlet_event_extra.py                                                         2           0  0.10s           2025-02-11T03:16:46                      15
/home/felipe/lab/novamind-flow/.env/lib/python3.10/site-packages/airflow/example_dags/example_external_task_marker_dag.py                                                  2           0  0.10s           2025-02-11T03:17:02                      13
/home/felipe/lab/novamind-flow/.env/lib/python3.10/site-packages/airflow/example_dags/example_sensors.py                                                                   1           0  0.10s           2025-02-11T03:16:39                      10
/home/felipe/lab/novamind-flow/.env/lib/python3.10/site-packages/airflow/example_dags/example_dynamic_task_mapping.py                                                      1           0  0.10s           2025-02-11T03:17:01                      10
================================================================================
[2025-02-11T00:17:51.063-0300] {manager.py:465} INFO - Exiting gracefully upon receiving signal 15
