[2025-02-11T00:15:02.273-0300] {processor.py:186} INFO - Started process (PID=71012) to work on /home/felipe/lab/novamind-flow/.env/lib/python3.10/site-packages/airflow/example_dags/plugins/event_listener.py
[2025-02-11T00:15:02.273-0300] {processor.py:914} INFO - Processing file /home/felipe/lab/novamind-flow/.env/lib/python3.10/site-packages/airflow/example_dags/plugins/event_listener.py for tasks to queue
[2025-02-11T00:15:02.275-0300] {logging_mixin.py:190} INFO - [2025-02-11T00:15:02.275-0300] {dagbag.py:588} INFO - Filling up the DagBag from /home/felipe/lab/novamind-flow/.env/lib/python3.10/site-packages/airflow/example_dags/plugins/event_listener.py
[2025-02-11T00:15:02.277-0300] {processor.py:927} WARNING - No viable dags retrieved from /home/felipe/lab/novamind-flow/.env/lib/python3.10/site-packages/airflow/example_dags/plugins/event_listener.py
[2025-02-11T00:15:02.467-0300] {processor.py:208} INFO - Processing /home/felipe/lab/novamind-flow/.env/lib/python3.10/site-packages/airflow/example_dags/plugins/event_listener.py took 0.200 seconds
[2025-02-11T00:16:18.407-0300] {processor.py:186} INFO - Started process (PID=71546) to work on /home/felipe/lab/novamind-flow/.env/lib/python3.10/site-packages/airflow/example_dags/plugins/event_listener.py
[2025-02-11T00:16:18.408-0300] {processor.py:914} INFO - Processing file /home/felipe/lab/novamind-flow/.env/lib/python3.10/site-packages/airflow/example_dags/plugins/event_listener.py for tasks to queue
[2025-02-11T00:16:18.410-0300] {logging_mixin.py:190} INFO - [2025-02-11T00:16:18.410-0300] {dagbag.py:588} INFO - Filling up the DagBag from /home/felipe/lab/novamind-flow/.env/lib/python3.10/site-packages/airflow/example_dags/plugins/event_listener.py
[2025-02-11T00:16:18.412-0300] {processor.py:927} WARNING - No viable dags retrieved from /home/felipe/lab/novamind-flow/.env/lib/python3.10/site-packages/airflow/example_dags/plugins/event_listener.py
[2025-02-11T00:16:18.421-0300] {processor.py:208} INFO - Processing /home/felipe/lab/novamind-flow/.env/lib/python3.10/site-packages/airflow/example_dags/plugins/event_listener.py took 0.020 seconds
[2025-02-11T00:16:53.360-0300] {processor.py:186} INFO - Started process (PID=71591) to work on /home/felipe/lab/novamind-flow/.env/lib/python3.10/site-packages/airflow/example_dags/plugins/event_listener.py
[2025-02-11T00:16:53.362-0300] {processor.py:914} INFO - Processing file /home/felipe/lab/novamind-flow/.env/lib/python3.10/site-packages/airflow/example_dags/plugins/event_listener.py for tasks to queue
[2025-02-11T00:16:53.364-0300] {logging_mixin.py:190} INFO - [2025-02-11T00:16:53.364-0300] {dagbag.py:588} INFO - Filling up the DagBag from /home/felipe/lab/novamind-flow/.env/lib/python3.10/site-packages/airflow/example_dags/plugins/event_listener.py
[2025-02-11T00:16:53.367-0300] {processor.py:927} WARNING - No viable dags retrieved from /home/felipe/lab/novamind-flow/.env/lib/python3.10/site-packages/airflow/example_dags/plugins/event_listener.py
[2025-02-11T00:16:53.377-0300] {processor.py:208} INFO - Processing /home/felipe/lab/novamind-flow/.env/lib/python3.10/site-packages/airflow/example_dags/plugins/event_listener.py took 0.022 seconds
[2025-02-11T00:17:42.837-0300] {processor.py:186} INFO - Started process (PID=71926) to work on /home/felipe/lab/novamind-flow/.env/lib/python3.10/site-packages/airflow/example_dags/plugins/event_listener.py
[2025-02-11T00:17:42.840-0300] {processor.py:914} INFO - Processing file /home/felipe/lab/novamind-flow/.env/lib/python3.10/site-packages/airflow/example_dags/plugins/event_listener.py for tasks to queue
[2025-02-11T00:17:42.841-0300] {logging_mixin.py:190} INFO - [2025-02-11T00:17:42.841-0300] {dagbag.py:588} INFO - Filling up the DagBag from /home/felipe/lab/novamind-flow/.env/lib/python3.10/site-packages/airflow/example_dags/plugins/event_listener.py
[2025-02-11T00:17:42.843-0300] {processor.py:927} WARNING - No viable dags retrieved from /home/felipe/lab/novamind-flow/.env/lib/python3.10/site-packages/airflow/example_dags/plugins/event_listener.py
[2025-02-11T00:17:42.851-0300] {processor.py:208} INFO - Processing /home/felipe/lab/novamind-flow/.env/lib/python3.10/site-packages/airflow/example_dags/plugins/event_listener.py took 0.018 seconds
