[2025-02-11T00:15:01.011-0300] {processor.py:186} INFO - Started process (PID=70990) to work on /home/felipe/lab/novamind-flow/.env/lib/python3.10/site-packages/airflow/example_dags/plugins/listener_plugin.py
[2025-02-11T00:15:01.011-0300] {processor.py:914} INFO - Processing file /home/felipe/lab/novamind-flow/.env/lib/python3.10/site-packages/airflow/example_dags/plugins/listener_plugin.py for tasks to queue
[2025-02-11T00:15:01.013-0300] {logging_mixin.py:190} INFO - [2025-02-11T00:15:01.013-0300] {dagbag.py:588} INFO - Filling up the DagBag from /home/felipe/lab/novamind-flow/.env/lib/python3.10/site-packages/airflow/example_dags/plugins/listener_plugin.py
[2025-02-11T00:15:01.015-0300] {processor.py:927} WARNING - No viable dags retrieved from /home/felipe/lab/novamind-flow/.env/lib/python3.10/site-packages/airflow/example_dags/plugins/listener_plugin.py
[2025-02-11T00:15:01.079-0300] {processor.py:208} INFO - Processing /home/felipe/lab/novamind-flow/.env/lib/python3.10/site-packages/airflow/example_dags/plugins/listener_plugin.py took 0.073 seconds
[2025-02-11T00:16:17.658-0300] {processor.py:186} INFO - Started process (PID=71545) to work on /home/felipe/lab/novamind-flow/.env/lib/python3.10/site-packages/airflow/example_dags/plugins/listener_plugin.py
[2025-02-11T00:16:17.660-0300] {processor.py:914} INFO - Processing file /home/felipe/lab/novamind-flow/.env/lib/python3.10/site-packages/airflow/example_dags/plugins/listener_plugin.py for tasks to queue
[2025-02-11T00:16:17.662-0300] {logging_mixin.py:190} INFO - [2025-02-11T00:16:17.662-0300] {dagbag.py:588} INFO - Filling up the DagBag from /home/felipe/lab/novamind-flow/.env/lib/python3.10/site-packages/airflow/example_dags/plugins/listener_plugin.py
[2025-02-11T00:16:17.664-0300] {processor.py:927} WARNING - No viable dags retrieved from /home/felipe/lab/novamind-flow/.env/lib/python3.10/site-packages/airflow/example_dags/plugins/listener_plugin.py
[2025-02-11T00:16:17.672-0300] {processor.py:208} INFO - Processing /home/felipe/lab/novamind-flow/.env/lib/python3.10/site-packages/airflow/example_dags/plugins/listener_plugin.py took 0.020 seconds
[2025-02-11T00:16:52.225-0300] {processor.py:186} INFO - Started process (PID=71590) to work on /home/felipe/lab/novamind-flow/.env/lib/python3.10/site-packages/airflow/example_dags/plugins/listener_plugin.py
[2025-02-11T00:16:52.228-0300] {processor.py:914} INFO - Processing file /home/felipe/lab/novamind-flow/.env/lib/python3.10/site-packages/airflow/example_dags/plugins/listener_plugin.py for tasks to queue
[2025-02-11T00:16:52.229-0300] {logging_mixin.py:190} INFO - [2025-02-11T00:16:52.229-0300] {dagbag.py:588} INFO - Filling up the DagBag from /home/felipe/lab/novamind-flow/.env/lib/python3.10/site-packages/airflow/example_dags/plugins/listener_plugin.py
[2025-02-11T00:16:52.231-0300] {processor.py:927} WARNING - No viable dags retrieved from /home/felipe/lab/novamind-flow/.env/lib/python3.10/site-packages/airflow/example_dags/plugins/listener_plugin.py
[2025-02-11T00:16:52.238-0300] {processor.py:208} INFO - Processing /home/felipe/lab/novamind-flow/.env/lib/python3.10/site-packages/airflow/example_dags/plugins/listener_plugin.py took 0.018 seconds
[2025-02-11T00:17:41.699-0300] {processor.py:186} INFO - Started process (PID=71925) to work on /home/felipe/lab/novamind-flow/.env/lib/python3.10/site-packages/airflow/example_dags/plugins/listener_plugin.py
[2025-02-11T00:17:41.701-0300] {processor.py:914} INFO - Processing file /home/felipe/lab/novamind-flow/.env/lib/python3.10/site-packages/airflow/example_dags/plugins/listener_plugin.py for tasks to queue
[2025-02-11T00:17:41.703-0300] {logging_mixin.py:190} INFO - [2025-02-11T00:17:41.703-0300] {dagbag.py:588} INFO - Filling up the DagBag from /home/felipe/lab/novamind-flow/.env/lib/python3.10/site-packages/airflow/example_dags/plugins/listener_plugin.py
[2025-02-11T00:17:41.705-0300] {processor.py:927} WARNING - No viable dags retrieved from /home/felipe/lab/novamind-flow/.env/lib/python3.10/site-packages/airflow/example_dags/plugins/listener_plugin.py
[2025-02-11T00:17:41.715-0300] {processor.py:208} INFO - Processing /home/felipe/lab/novamind-flow/.env/lib/python3.10/site-packages/airflow/example_dags/plugins/listener_plugin.py took 0.020 seconds
