[2025-02-11T00:14:59.875-0300] {processor.py:186} INFO - Started process (PID=70989) to work on /home/felipe/lab/novamind-flow/.env/lib/python3.10/site-packages/airflow/example_dags/plugins/workday.py
[2025-02-11T00:14:59.875-0300] {processor.py:914} INFO - Processing file /home/felipe/lab/novamind-flow/.env/lib/python3.10/site-packages/airflow/example_dags/plugins/workday.py for tasks to queue
[2025-02-11T00:14:59.877-0300] {logging_mixin.py:190} INFO - [2025-02-11T00:14:59.877-0300] {dagbag.py:588} INFO - Filling up the DagBag from /home/felipe/lab/novamind-flow/.env/lib/python3.10/site-packages/airflow/example_dags/plugins/workday.py
[2025-02-11T00:14:59.880-0300] {logging_mixin.py:190} INFO - [2025-02-11T00:14:59.880-0300] {workday.py:41} WARNING - Could not import pandas. Holidays will not be considered.
[2025-02-11T00:14:59.880-0300] {processor.py:927} WARNING - No viable dags retrieved from /home/felipe/lab/novamind-flow/.env/lib/python3.10/site-packages/airflow/example_dags/plugins/workday.py
[2025-02-11T00:14:59.897-0300] {processor.py:208} INFO - Processing /home/felipe/lab/novamind-flow/.env/lib/python3.10/site-packages/airflow/example_dags/plugins/workday.py took 0.028 seconds
[2025-02-11T00:16:16.523-0300] {processor.py:186} INFO - Started process (PID=71544) to work on /home/felipe/lab/novamind-flow/.env/lib/python3.10/site-packages/airflow/example_dags/plugins/workday.py
[2025-02-11T00:16:16.525-0300] {processor.py:914} INFO - Processing file /home/felipe/lab/novamind-flow/.env/lib/python3.10/site-packages/airflow/example_dags/plugins/workday.py for tasks to queue
[2025-02-11T00:16:16.526-0300] {logging_mixin.py:190} INFO - [2025-02-11T00:16:16.526-0300] {dagbag.py:588} INFO - Filling up the DagBag from /home/felipe/lab/novamind-flow/.env/lib/python3.10/site-packages/airflow/example_dags/plugins/workday.py
[2025-02-11T00:16:16.529-0300] {logging_mixin.py:190} INFO - [2025-02-11T00:16:16.528-0300] {workday.py:41} WARNING - Could not import pandas. Holidays will not be considered.
[2025-02-11T00:16:16.529-0300] {processor.py:927} WARNING - No viable dags retrieved from /home/felipe/lab/novamind-flow/.env/lib/python3.10/site-packages/airflow/example_dags/plugins/workday.py
[2025-02-11T00:16:16.537-0300] {processor.py:208} INFO - Processing /home/felipe/lab/novamind-flow/.env/lib/python3.10/site-packages/airflow/example_dags/plugins/workday.py took 0.019 seconds
[2025-02-11T00:16:51.092-0300] {processor.py:186} INFO - Started process (PID=71589) to work on /home/felipe/lab/novamind-flow/.env/lib/python3.10/site-packages/airflow/example_dags/plugins/workday.py
[2025-02-11T00:16:51.094-0300] {processor.py:914} INFO - Processing file /home/felipe/lab/novamind-flow/.env/lib/python3.10/site-packages/airflow/example_dags/plugins/workday.py for tasks to queue
[2025-02-11T00:16:51.096-0300] {logging_mixin.py:190} INFO - [2025-02-11T00:16:51.096-0300] {dagbag.py:588} INFO - Filling up the DagBag from /home/felipe/lab/novamind-flow/.env/lib/python3.10/site-packages/airflow/example_dags/plugins/workday.py
[2025-02-11T00:16:51.098-0300] {logging_mixin.py:190} INFO - [2025-02-11T00:16:51.098-0300] {workday.py:41} WARNING - Could not import pandas. Holidays will not be considered.
[2025-02-11T00:16:51.098-0300] {processor.py:927} WARNING - No viable dags retrieved from /home/felipe/lab/novamind-flow/.env/lib/python3.10/site-packages/airflow/example_dags/plugins/workday.py
[2025-02-11T00:16:51.106-0300] {processor.py:208} INFO - Processing /home/felipe/lab/novamind-flow/.env/lib/python3.10/site-packages/airflow/example_dags/plugins/workday.py took 0.018 seconds
[2025-02-11T00:17:40.868-0300] {processor.py:186} INFO - Started process (PID=71924) to work on /home/felipe/lab/novamind-flow/.env/lib/python3.10/site-packages/airflow/example_dags/plugins/workday.py
[2025-02-11T00:17:40.870-0300] {processor.py:914} INFO - Processing file /home/felipe/lab/novamind-flow/.env/lib/python3.10/site-packages/airflow/example_dags/plugins/workday.py for tasks to queue
[2025-02-11T00:17:40.872-0300] {logging_mixin.py:190} INFO - [2025-02-11T00:17:40.871-0300] {dagbag.py:588} INFO - Filling up the DagBag from /home/felipe/lab/novamind-flow/.env/lib/python3.10/site-packages/airflow/example_dags/plugins/workday.py
[2025-02-11T00:17:40.874-0300] {logging_mixin.py:190} INFO - [2025-02-11T00:17:40.874-0300] {workday.py:41} WARNING - Could not import pandas. Holidays will not be considered.
[2025-02-11T00:17:40.875-0300] {processor.py:927} WARNING - No viable dags retrieved from /home/felipe/lab/novamind-flow/.env/lib/python3.10/site-packages/airflow/example_dags/plugins/workday.py
[2025-02-11T00:17:40.883-0300] {processor.py:208} INFO - Processing /home/felipe/lab/novamind-flow/.env/lib/python3.10/site-packages/airflow/example_dags/plugins/workday.py took 0.020 seconds
