[2025-02-11T00:15:38.258-0300] {processor.py:186} INFO - Started process (PID=71424) to work on /home/felipe/lab/novamind-flow/.env/lib/python3.10/site-packages/airflow/example_dags/example_python_decorator.py
[2025-02-11T00:15:38.258-0300] {processor.py:914} INFO - Processing file /home/felipe/lab/novamind-flow/.env/lib/python3.10/site-packages/airflow/example_dags/example_python_decorator.py for tasks to queue
[2025-02-11T00:15:38.260-0300] {logging_mixin.py:190} INFO - [2025-02-11T00:15:38.260-0300] {dagbag.py:588} INFO - Filling up the DagBag from /home/felipe/lab/novamind-flow/.env/lib/python3.10/site-packages/airflow/example_dags/example_python_decorator.py
[2025-02-11T00:15:38.272-0300] {processor.py:925} INFO - DAG(s) 'example_python_decorator' retrieved from /home/felipe/lab/novamind-flow/.env/lib/python3.10/site-packages/airflow/example_dags/example_python_decorator.py
[2025-02-11T00:15:38.452-0300] {logging_mixin.py:190} INFO - [2025-02-11T00:15:38.451-0300] {override.py:1930} INFO - Created Permission View: can delete on DAG:example_python_decorator
[2025-02-11T00:15:38.468-0300] {logging_mixin.py:190} INFO - [2025-02-11T00:15:38.468-0300] {override.py:1930} INFO - Created Permission View: can edit on DAG:example_python_decorator
[2025-02-11T00:15:38.482-0300] {logging_mixin.py:190} INFO - [2025-02-11T00:15:38.482-0300] {override.py:1930} INFO - Created Permission View: can read on DAG:example_python_decorator
[2025-02-11T00:15:38.508-0300] {logging_mixin.py:190} INFO - [2025-02-11T00:15:38.507-0300] {override.py:1930} INFO - Created Permission View: can delete on DAG Run:example_python_decorator
[2025-02-11T00:15:38.523-0300] {logging_mixin.py:190} INFO - [2025-02-11T00:15:38.523-0300] {override.py:1930} INFO - Created Permission View: can create on DAG Run:example_python_decorator
[2025-02-11T00:15:38.536-0300] {logging_mixin.py:190} INFO - [2025-02-11T00:15:38.536-0300] {override.py:1930} INFO - Created Permission View: menu access on DAG Run:example_python_decorator
[2025-02-11T00:15:38.553-0300] {logging_mixin.py:190} INFO - [2025-02-11T00:15:38.552-0300] {override.py:1930} INFO - Created Permission View: can read on DAG Run:example_python_decorator
[2025-02-11T00:15:38.553-0300] {logging_mixin.py:190} INFO - [2025-02-11T00:15:38.553-0300] {dag.py:3239} INFO - Sync 1 DAGs
[2025-02-11T00:15:38.562-0300] {logging_mixin.py:190} INFO - [2025-02-11T00:15:38.562-0300] {dag.py:3262} INFO - Creating ORM DAG for example_python_decorator
[2025-02-11T00:15:38.562-0300] {logging_mixin.py:190} INFO - [2025-02-11T00:15:38.562-0300] {dag.py:4180} INFO - Setting next_dagrun for example_python_decorator to None, run_after=None
[2025-02-11T00:15:38.584-0300] {processor.py:208} INFO - Processing /home/felipe/lab/novamind-flow/.env/lib/python3.10/site-packages/airflow/example_dags/example_python_decorator.py took 0.331 seconds
[2025-02-11T00:16:45.307-0300] {processor.py:186} INFO - Started process (PID=71581) to work on /home/felipe/lab/novamind-flow/.env/lib/python3.10/site-packages/airflow/example_dags/example_python_decorator.py
[2025-02-11T00:16:45.309-0300] {processor.py:914} INFO - Processing file /home/felipe/lab/novamind-flow/.env/lib/python3.10/site-packages/airflow/example_dags/example_python_decorator.py for tasks to queue
[2025-02-11T00:16:45.311-0300] {logging_mixin.py:190} INFO - [2025-02-11T00:16:45.311-0300] {dagbag.py:588} INFO - Filling up the DagBag from /home/felipe/lab/novamind-flow/.env/lib/python3.10/site-packages/airflow/example_dags/example_python_decorator.py
[2025-02-11T00:16:45.323-0300] {processor.py:925} INFO - DAG(s) 'example_python_decorator' retrieved from /home/felipe/lab/novamind-flow/.env/lib/python3.10/site-packages/airflow/example_dags/example_python_decorator.py
[2025-02-11T00:16:45.336-0300] {logging_mixin.py:190} INFO - [2025-02-11T00:16:45.336-0300] {dag.py:3239} INFO - Sync 1 DAGs
[2025-02-11T00:16:45.345-0300] {logging_mixin.py:190} INFO - [2025-02-11T00:16:45.345-0300] {dag.py:4180} INFO - Setting next_dagrun for example_python_decorator to None, run_after=None
[2025-02-11T00:16:45.368-0300] {processor.py:208} INFO - Processing /home/felipe/lab/novamind-flow/.env/lib/python3.10/site-packages/airflow/example_dags/example_python_decorator.py took 0.066 seconds
[2025-02-11T00:17:45.103-0300] {processor.py:186} INFO - Started process (PID=71928) to work on /home/felipe/lab/novamind-flow/.env/lib/python3.10/site-packages/airflow/example_dags/example_python_decorator.py
[2025-02-11T00:17:45.105-0300] {processor.py:914} INFO - Processing file /home/felipe/lab/novamind-flow/.env/lib/python3.10/site-packages/airflow/example_dags/example_python_decorator.py for tasks to queue
[2025-02-11T00:17:45.107-0300] {logging_mixin.py:190} INFO - [2025-02-11T00:17:45.107-0300] {dagbag.py:588} INFO - Filling up the DagBag from /home/felipe/lab/novamind-flow/.env/lib/python3.10/site-packages/airflow/example_dags/example_python_decorator.py
[2025-02-11T00:17:45.119-0300] {processor.py:925} INFO - DAG(s) 'example_python_decorator' retrieved from /home/felipe/lab/novamind-flow/.env/lib/python3.10/site-packages/airflow/example_dags/example_python_decorator.py
[2025-02-11T00:17:45.132-0300] {logging_mixin.py:190} INFO - [2025-02-11T00:17:45.132-0300] {dag.py:3239} INFO - Sync 1 DAGs
[2025-02-11T00:17:45.142-0300] {logging_mixin.py:190} INFO - [2025-02-11T00:17:45.142-0300] {dag.py:4180} INFO - Setting next_dagrun for example_python_decorator to None, run_after=None
[2025-02-11T00:17:45.167-0300] {processor.py:208} INFO - Processing /home/felipe/lab/novamind-flow/.env/lib/python3.10/site-packages/airflow/example_dags/example_python_decorator.py took 0.069 seconds
