[2025-02-11T00:15:40.823-0300] {processor.py:186} INFO - Started process (PID=71426) to work on /home/felipe/lab/novamind-flow/.env/lib/python3.10/site-packages/airflow/example_dags/example_inlet_event_extra.py
[2025-02-11T00:15:40.824-0300] {processor.py:914} INFO - Processing file /home/felipe/lab/novamind-flow/.env/lib/python3.10/site-packages/airflow/example_dags/example_inlet_event_extra.py for tasks to queue
[2025-02-11T00:15:40.826-0300] {logging_mixin.py:190} INFO - [2025-02-11T00:15:40.826-0300] {dagbag.py:588} INFO - Filling up the DagBag from /home/felipe/lab/novamind-flow/.env/lib/python3.10/site-packages/airflow/example_dags/example_inlet_event_extra.py
[2025-02-11T00:15:40.836-0300] {processor.py:925} INFO - DAG(s) 'read_dataset_event', 'read_dataset_event_from_classic' retrieved from /home/felipe/lab/novamind-flow/.env/lib/python3.10/site-packages/airflow/example_dags/example_inlet_event_extra.py
[2025-02-11T00:15:40.991-0300] {logging_mixin.py:190} INFO - [2025-02-11T00:15:40.990-0300] {override.py:1930} INFO - Created Permission View: can delete on DAG:read_dataset_event
[2025-02-11T00:15:41.006-0300] {logging_mixin.py:190} INFO - [2025-02-11T00:15:41.005-0300] {override.py:1930} INFO - Created Permission View: can edit on DAG:read_dataset_event
[2025-02-11T00:15:41.020-0300] {logging_mixin.py:190} INFO - [2025-02-11T00:15:41.019-0300] {override.py:1930} INFO - Created Permission View: can read on DAG:read_dataset_event
[2025-02-11T00:15:41.044-0300] {logging_mixin.py:190} INFO - [2025-02-11T00:15:41.043-0300] {override.py:1930} INFO - Created Permission View: can delete on DAG Run:read_dataset_event
[2025-02-11T00:15:41.056-0300] {logging_mixin.py:190} INFO - [2025-02-11T00:15:41.056-0300] {override.py:1930} INFO - Created Permission View: can create on DAG Run:read_dataset_event
[2025-02-11T00:15:41.070-0300] {logging_mixin.py:190} INFO - [2025-02-11T00:15:41.069-0300] {override.py:1930} INFO - Created Permission View: menu access on DAG Run:read_dataset_event
[2025-02-11T00:15:41.082-0300] {logging_mixin.py:190} INFO - [2025-02-11T00:15:41.082-0300] {override.py:1930} INFO - Created Permission View: can read on DAG Run:read_dataset_event
[2025-02-11T00:15:41.109-0300] {logging_mixin.py:190} INFO - [2025-02-11T00:15:41.109-0300] {override.py:1930} INFO - Created Permission View: can delete on DAG:read_dataset_event_from_classic
[2025-02-11T00:15:41.123-0300] {logging_mixin.py:190} INFO - [2025-02-11T00:15:41.122-0300] {override.py:1930} INFO - Created Permission View: can edit on DAG:read_dataset_event_from_classic
[2025-02-11T00:15:41.135-0300] {logging_mixin.py:190} INFO - [2025-02-11T00:15:41.135-0300] {override.py:1930} INFO - Created Permission View: can read on DAG:read_dataset_event_from_classic
[2025-02-11T00:15:41.159-0300] {logging_mixin.py:190} INFO - [2025-02-11T00:15:41.159-0300] {override.py:1930} INFO - Created Permission View: can delete on DAG Run:read_dataset_event_from_classic
[2025-02-11T00:15:41.172-0300] {logging_mixin.py:190} INFO - [2025-02-11T00:15:41.172-0300] {override.py:1930} INFO - Created Permission View: can create on DAG Run:read_dataset_event_from_classic
[2025-02-11T00:15:41.186-0300] {logging_mixin.py:190} INFO - [2025-02-11T00:15:41.186-0300] {override.py:1930} INFO - Created Permission View: menu access on DAG Run:read_dataset_event_from_classic
[2025-02-11T00:15:41.199-0300] {logging_mixin.py:190} INFO - [2025-02-11T00:15:41.199-0300] {override.py:1930} INFO - Created Permission View: can read on DAG Run:read_dataset_event_from_classic
[2025-02-11T00:15:41.199-0300] {logging_mixin.py:190} INFO - [2025-02-11T00:15:41.199-0300] {dag.py:3239} INFO - Sync 2 DAGs
[2025-02-11T00:15:41.207-0300] {logging_mixin.py:190} INFO - [2025-02-11T00:15:41.207-0300] {dag.py:3262} INFO - Creating ORM DAG for read_dataset_event_from_classic
[2025-02-11T00:15:41.207-0300] {logging_mixin.py:190} INFO - [2025-02-11T00:15:41.207-0300] {dag.py:3262} INFO - Creating ORM DAG for read_dataset_event
[2025-02-11T00:15:41.213-0300] {logging_mixin.py:190} INFO - [2025-02-11T00:15:41.213-0300] {dag.py:4180} INFO - Setting next_dagrun for read_dataset_event to 2025-02-10 00:00:00+00:00, run_after=2025-02-11 00:00:00+00:00
[2025-02-11T00:15:41.214-0300] {logging_mixin.py:190} INFO - [2025-02-11T00:15:41.214-0300] {dag.py:4180} INFO - Setting next_dagrun for read_dataset_event_from_classic to 2025-02-10 00:00:00+00:00, run_after=2025-02-11 00:00:00+00:00
[2025-02-11T00:15:41.233-0300] {processor.py:208} INFO - Processing /home/felipe/lab/novamind-flow/.env/lib/python3.10/site-packages/airflow/example_dags/example_inlet_event_extra.py took 0.415 seconds
[2025-02-11T00:16:46.792-0300] {processor.py:186} INFO - Started process (PID=71583) to work on /home/felipe/lab/novamind-flow/.env/lib/python3.10/site-packages/airflow/example_dags/example_inlet_event_extra.py
[2025-02-11T00:16:46.794-0300] {processor.py:914} INFO - Processing file /home/felipe/lab/novamind-flow/.env/lib/python3.10/site-packages/airflow/example_dags/example_inlet_event_extra.py for tasks to queue
[2025-02-11T00:16:46.796-0300] {logging_mixin.py:190} INFO - [2025-02-11T00:16:46.796-0300] {dagbag.py:588} INFO - Filling up the DagBag from /home/felipe/lab/novamind-flow/.env/lib/python3.10/site-packages/airflow/example_dags/example_inlet_event_extra.py
[2025-02-11T00:16:46.807-0300] {processor.py:925} INFO - DAG(s) 'read_dataset_event_from_classic', 'read_dataset_event' retrieved from /home/felipe/lab/novamind-flow/.env/lib/python3.10/site-packages/airflow/example_dags/example_inlet_event_extra.py
[2025-02-11T00:16:46.819-0300] {logging_mixin.py:190} INFO - [2025-02-11T00:16:46.819-0300] {dag.py:3239} INFO - Sync 2 DAGs
[2025-02-11T00:16:46.834-0300] {logging_mixin.py:190} INFO - [2025-02-11T00:16:46.834-0300] {dag.py:4180} INFO - Setting next_dagrun for read_dataset_event to 2025-02-10 00:00:00+00:00, run_after=2025-02-11 00:00:00+00:00
[2025-02-11T00:16:46.837-0300] {logging_mixin.py:190} INFO - [2025-02-11T00:16:46.837-0300] {dag.py:4180} INFO - Setting next_dagrun for read_dataset_event_from_classic to 2025-02-10 00:00:00+00:00, run_after=2025-02-11 00:00:00+00:00
[2025-02-11T00:16:46.859-0300] {processor.py:208} INFO - Processing /home/felipe/lab/novamind-flow/.env/lib/python3.10/site-packages/airflow/example_dags/example_inlet_event_extra.py took 0.072 seconds
[2025-02-11T00:17:47.170-0300] {processor.py:186} INFO - Started process (PID=71934) to work on /home/felipe/lab/novamind-flow/.env/lib/python3.10/site-packages/airflow/example_dags/example_inlet_event_extra.py
[2025-02-11T00:17:47.172-0300] {processor.py:914} INFO - Processing file /home/felipe/lab/novamind-flow/.env/lib/python3.10/site-packages/airflow/example_dags/example_inlet_event_extra.py for tasks to queue
[2025-02-11T00:17:47.174-0300] {logging_mixin.py:190} INFO - [2025-02-11T00:17:47.173-0300] {dagbag.py:588} INFO - Filling up the DagBag from /home/felipe/lab/novamind-flow/.env/lib/python3.10/site-packages/airflow/example_dags/example_inlet_event_extra.py
[2025-02-11T00:17:47.186-0300] {processor.py:925} INFO - DAG(s) 'read_dataset_event_from_classic', 'read_dataset_event' retrieved from /home/felipe/lab/novamind-flow/.env/lib/python3.10/site-packages/airflow/example_dags/example_inlet_event_extra.py
[2025-02-11T00:17:47.199-0300] {logging_mixin.py:190} INFO - [2025-02-11T00:17:47.199-0300] {dag.py:3239} INFO - Sync 2 DAGs
[2025-02-11T00:17:47.216-0300] {logging_mixin.py:190} INFO - [2025-02-11T00:17:47.216-0300] {dag.py:4180} INFO - Setting next_dagrun for read_dataset_event to 2025-02-10 00:00:00+00:00, run_after=2025-02-11 00:00:00+00:00
[2025-02-11T00:17:47.220-0300] {logging_mixin.py:190} INFO - [2025-02-11T00:17:47.220-0300] {dag.py:4180} INFO - Setting next_dagrun for read_dataset_event_from_classic to 2025-02-10 00:00:00+00:00, run_after=2025-02-11 00:00:00+00:00
[2025-02-11T00:17:47.241-0300] {processor.py:208} INFO - Processing /home/felipe/lab/novamind-flow/.env/lib/python3.10/site-packages/airflow/example_dags/example_inlet_event_extra.py took 0.076 seconds
