[2025-02-11T00:15:39.692-0300] {processor.py:186} INFO - Started process (PID=71425) to work on /home/felipe/lab/novamind-flow/.env/lib/python3.10/site-packages/airflow/example_dags/example_latest_only_with_trigger.py
[2025-02-11T00:15:39.693-0300] {processor.py:914} INFO - Processing file /home/felipe/lab/novamind-flow/.env/lib/python3.10/site-packages/airflow/example_dags/example_latest_only_with_trigger.py for tasks to queue
[2025-02-11T00:15:39.694-0300] {logging_mixin.py:190} INFO - [2025-02-11T00:15:39.694-0300] {dagbag.py:588} INFO - Filling up the DagBag from /home/felipe/lab/novamind-flow/.env/lib/python3.10/site-packages/airflow/example_dags/example_latest_only_with_trigger.py
[2025-02-11T00:15:39.700-0300] {processor.py:925} INFO - DAG(s) 'latest_only_with_trigger' retrieved from /home/felipe/lab/novamind-flow/.env/lib/python3.10/site-packages/airflow/example_dags/example_latest_only_with_trigger.py
[2025-02-11T00:15:39.866-0300] {logging_mixin.py:190} INFO - [2025-02-11T00:15:39.866-0300] {override.py:1930} INFO - Created Permission View: can delete on DAG:latest_only_with_trigger
[2025-02-11T00:15:39.882-0300] {logging_mixin.py:190} INFO - [2025-02-11T00:15:39.882-0300] {override.py:1930} INFO - Created Permission View: can edit on DAG:latest_only_with_trigger
[2025-02-11T00:15:39.897-0300] {logging_mixin.py:190} INFO - [2025-02-11T00:15:39.897-0300] {override.py:1930} INFO - Created Permission View: can read on DAG:latest_only_with_trigger
[2025-02-11T00:15:39.922-0300] {logging_mixin.py:190} INFO - [2025-02-11T00:15:39.922-0300] {override.py:1930} INFO - Created Permission View: can delete on DAG Run:latest_only_with_trigger
[2025-02-11T00:15:39.935-0300] {logging_mixin.py:190} INFO - [2025-02-11T00:15:39.935-0300] {override.py:1930} INFO - Created Permission View: can create on DAG Run:latest_only_with_trigger
[2025-02-11T00:15:39.949-0300] {logging_mixin.py:190} INFO - [2025-02-11T00:15:39.949-0300] {override.py:1930} INFO - Created Permission View: menu access on DAG Run:latest_only_with_trigger
[2025-02-11T00:15:39.961-0300] {logging_mixin.py:190} INFO - [2025-02-11T00:15:39.960-0300] {override.py:1930} INFO - Created Permission View: can read on DAG Run:latest_only_with_trigger
[2025-02-11T00:15:39.961-0300] {logging_mixin.py:190} INFO - [2025-02-11T00:15:39.961-0300] {dag.py:3239} INFO - Sync 1 DAGs
[2025-02-11T00:15:39.969-0300] {logging_mixin.py:190} INFO - [2025-02-11T00:15:39.969-0300] {dag.py:3262} INFO - Creating ORM DAG for latest_only_with_trigger
[2025-02-11T00:15:39.974-0300] {logging_mixin.py:190} INFO - [2025-02-11T00:15:39.973-0300] {dag.py:4180} INFO - Setting next_dagrun for latest_only_with_trigger to 2025-02-10 20:00:00+00:00, run_after=2025-02-11 00:00:00+00:00
[2025-02-11T00:15:39.995-0300] {processor.py:208} INFO - Processing /home/felipe/lab/novamind-flow/.env/lib/python3.10/site-packages/airflow/example_dags/example_latest_only_with_trigger.py took 0.308 seconds
[2025-02-11T00:16:45.659-0300] {processor.py:186} INFO - Started process (PID=71582) to work on /home/felipe/lab/novamind-flow/.env/lib/python3.10/site-packages/airflow/example_dags/example_latest_only_with_trigger.py
[2025-02-11T00:16:45.661-0300] {processor.py:914} INFO - Processing file /home/felipe/lab/novamind-flow/.env/lib/python3.10/site-packages/airflow/example_dags/example_latest_only_with_trigger.py for tasks to queue
[2025-02-11T00:16:45.663-0300] {logging_mixin.py:190} INFO - [2025-02-11T00:16:45.662-0300] {dagbag.py:588} INFO - Filling up the DagBag from /home/felipe/lab/novamind-flow/.env/lib/python3.10/site-packages/airflow/example_dags/example_latest_only_with_trigger.py
[2025-02-11T00:16:45.669-0300] {processor.py:925} INFO - DAG(s) 'latest_only_with_trigger' retrieved from /home/felipe/lab/novamind-flow/.env/lib/python3.10/site-packages/airflow/example_dags/example_latest_only_with_trigger.py
[2025-02-11T00:16:45.681-0300] {logging_mixin.py:190} INFO - [2025-02-11T00:16:45.681-0300] {dag.py:3239} INFO - Sync 1 DAGs
[2025-02-11T00:16:45.696-0300] {logging_mixin.py:190} INFO - [2025-02-11T00:16:45.696-0300] {dag.py:4180} INFO - Setting next_dagrun for latest_only_with_trigger to 2025-02-10 20:00:00+00:00, run_after=2025-02-11 00:00:00+00:00
[2025-02-11T00:16:45.718-0300] {processor.py:208} INFO - Processing /home/felipe/lab/novamind-flow/.env/lib/python3.10/site-packages/airflow/example_dags/example_latest_only_with_trigger.py took 0.064 seconds
[2025-02-11T00:17:46.013-0300] {processor.py:186} INFO - Started process (PID=71929) to work on /home/felipe/lab/novamind-flow/.env/lib/python3.10/site-packages/airflow/example_dags/example_latest_only_with_trigger.py
[2025-02-11T00:17:46.015-0300] {processor.py:914} INFO - Processing file /home/felipe/lab/novamind-flow/.env/lib/python3.10/site-packages/airflow/example_dags/example_latest_only_with_trigger.py for tasks to queue
[2025-02-11T00:17:46.017-0300] {logging_mixin.py:190} INFO - [2025-02-11T00:17:46.017-0300] {dagbag.py:588} INFO - Filling up the DagBag from /home/felipe/lab/novamind-flow/.env/lib/python3.10/site-packages/airflow/example_dags/example_latest_only_with_trigger.py
[2025-02-11T00:17:46.024-0300] {processor.py:925} INFO - DAG(s) 'latest_only_with_trigger' retrieved from /home/felipe/lab/novamind-flow/.env/lib/python3.10/site-packages/airflow/example_dags/example_latest_only_with_trigger.py
[2025-02-11T00:17:46.037-0300] {logging_mixin.py:190} INFO - [2025-02-11T00:17:46.037-0300] {dag.py:3239} INFO - Sync 1 DAGs
[2025-02-11T00:17:46.052-0300] {logging_mixin.py:190} INFO - [2025-02-11T00:17:46.052-0300] {dag.py:4180} INFO - Setting next_dagrun for latest_only_with_trigger to 2025-02-10 20:00:00+00:00, run_after=2025-02-11 00:00:00+00:00
[2025-02-11T00:17:46.076-0300] {processor.py:208} INFO - Processing /home/felipe/lab/novamind-flow/.env/lib/python3.10/site-packages/airflow/example_dags/example_latest_only_with_trigger.py took 0.068 seconds
