[2025-02-11T00:15:42.372-0300] {processor.py:186} INFO - Started process (PID=71427) to work on /home/felipe/lab/novamind-flow/.env/lib/python3.10/site-packages/airflow/example_dags/example_params_trigger_ui.py
[2025-02-11T00:15:42.372-0300] {processor.py:914} INFO - Processing file /home/felipe/lab/novamind-flow/.env/lib/python3.10/site-packages/airflow/example_dags/example_params_trigger_ui.py for tasks to queue
[2025-02-11T00:15:42.374-0300] {logging_mixin.py:190} INFO - [2025-02-11T00:15:42.374-0300] {dagbag.py:588} INFO - Filling up the DagBag from /home/felipe/lab/novamind-flow/.env/lib/python3.10/site-packages/airflow/example_dags/example_params_trigger_ui.py
[2025-02-11T00:15:42.382-0300] {processor.py:925} INFO - DAG(s) 'example_params_trigger_ui' retrieved from /home/felipe/lab/novamind-flow/.env/lib/python3.10/site-packages/airflow/example_dags/example_params_trigger_ui.py
[2025-02-11T00:15:42.559-0300] {logging_mixin.py:190} INFO - [2025-02-11T00:15:42.559-0300] {override.py:1930} INFO - Created Permission View: can delete on DAG:example_params_trigger_ui
[2025-02-11T00:15:42.575-0300] {logging_mixin.py:190} INFO - [2025-02-11T00:15:42.575-0300] {override.py:1930} INFO - Created Permission View: can edit on DAG:example_params_trigger_ui
[2025-02-11T00:15:42.591-0300] {logging_mixin.py:190} INFO - [2025-02-11T00:15:42.591-0300] {override.py:1930} INFO - Created Permission View: can read on DAG:example_params_trigger_ui
[2025-02-11T00:15:42.616-0300] {logging_mixin.py:190} INFO - [2025-02-11T00:15:42.616-0300] {override.py:1930} INFO - Created Permission View: can delete on DAG Run:example_params_trigger_ui
[2025-02-11T00:15:42.629-0300] {logging_mixin.py:190} INFO - [2025-02-11T00:15:42.629-0300] {override.py:1930} INFO - Created Permission View: can create on DAG Run:example_params_trigger_ui
[2025-02-11T00:15:42.642-0300] {logging_mixin.py:190} INFO - [2025-02-11T00:15:42.642-0300] {override.py:1930} INFO - Created Permission View: menu access on DAG Run:example_params_trigger_ui
[2025-02-11T00:15:42.654-0300] {logging_mixin.py:190} INFO - [2025-02-11T00:15:42.654-0300] {override.py:1930} INFO - Created Permission View: can read on DAG Run:example_params_trigger_ui
[2025-02-11T00:15:42.654-0300] {logging_mixin.py:190} INFO - [2025-02-11T00:15:42.654-0300] {dag.py:3239} INFO - Sync 1 DAGs
[2025-02-11T00:15:42.661-0300] {logging_mixin.py:190} INFO - [2025-02-11T00:15:42.661-0300] {dag.py:3262} INFO - Creating ORM DAG for example_params_trigger_ui
[2025-02-11T00:15:42.662-0300] {logging_mixin.py:190} INFO - [2025-02-11T00:15:42.662-0300] {dag.py:4180} INFO - Setting next_dagrun for example_params_trigger_ui to None, run_after=None
[2025-02-11T00:15:42.684-0300] {processor.py:208} INFO - Processing /home/felipe/lab/novamind-flow/.env/lib/python3.10/site-packages/airflow/example_dags/example_params_trigger_ui.py took 0.318 seconds
[2025-02-11T00:16:47.925-0300] {processor.py:186} INFO - Started process (PID=71585) to work on /home/felipe/lab/novamind-flow/.env/lib/python3.10/site-packages/airflow/example_dags/example_params_trigger_ui.py
[2025-02-11T00:16:47.928-0300] {processor.py:914} INFO - Processing file /home/felipe/lab/novamind-flow/.env/lib/python3.10/site-packages/airflow/example_dags/example_params_trigger_ui.py for tasks to queue
[2025-02-11T00:16:47.929-0300] {logging_mixin.py:190} INFO - [2025-02-11T00:16:47.929-0300] {dagbag.py:588} INFO - Filling up the DagBag from /home/felipe/lab/novamind-flow/.env/lib/python3.10/site-packages/airflow/example_dags/example_params_trigger_ui.py
[2025-02-11T00:16:47.938-0300] {processor.py:925} INFO - DAG(s) 'example_params_trigger_ui' retrieved from /home/felipe/lab/novamind-flow/.env/lib/python3.10/site-packages/airflow/example_dags/example_params_trigger_ui.py
[2025-02-11T00:16:47.966-0300] {logging_mixin.py:190} INFO - [2025-02-11T00:16:47.966-0300] {dag.py:3239} INFO - Sync 1 DAGs
[2025-02-11T00:16:47.976-0300] {logging_mixin.py:190} INFO - [2025-02-11T00:16:47.975-0300] {dag.py:4180} INFO - Setting next_dagrun for example_params_trigger_ui to None, run_after=None
[2025-02-11T00:16:47.998-0300] {processor.py:208} INFO - Processing /home/felipe/lab/novamind-flow/.env/lib/python3.10/site-packages/airflow/example_dags/example_params_trigger_ui.py took 0.077 seconds
[2025-02-11T00:17:48.303-0300] {processor.py:186} INFO - Started process (PID=71935) to work on /home/felipe/lab/novamind-flow/.env/lib/python3.10/site-packages/airflow/example_dags/example_params_trigger_ui.py
[2025-02-11T00:17:48.305-0300] {processor.py:914} INFO - Processing file /home/felipe/lab/novamind-flow/.env/lib/python3.10/site-packages/airflow/example_dags/example_params_trigger_ui.py for tasks to queue
[2025-02-11T00:17:48.307-0300] {logging_mixin.py:190} INFO - [2025-02-11T00:17:48.306-0300] {dagbag.py:588} INFO - Filling up the DagBag from /home/felipe/lab/novamind-flow/.env/lib/python3.10/site-packages/airflow/example_dags/example_params_trigger_ui.py
[2025-02-11T00:17:48.316-0300] {processor.py:925} INFO - DAG(s) 'example_params_trigger_ui' retrieved from /home/felipe/lab/novamind-flow/.env/lib/python3.10/site-packages/airflow/example_dags/example_params_trigger_ui.py
[2025-02-11T00:17:48.344-0300] {logging_mixin.py:190} INFO - [2025-02-11T00:17:48.344-0300] {dag.py:3239} INFO - Sync 1 DAGs
[2025-02-11T00:17:48.354-0300] {logging_mixin.py:190} INFO - [2025-02-11T00:17:48.354-0300] {dag.py:4180} INFO - Setting next_dagrun for example_params_trigger_ui to None, run_after=None
[2025-02-11T00:17:48.376-0300] {processor.py:208} INFO - Processing /home/felipe/lab/novamind-flow/.env/lib/python3.10/site-packages/airflow/example_dags/example_params_trigger_ui.py took 0.077 seconds
