[2025-02-11T00:16:11.725-0300] {processor.py:186} INFO - Started process (PID=71540) to work on /home/felipe/lab/novamind-flow/.env/lib/python3.10/site-packages/airflow/example_dags/example_bash_operator.py
[2025-02-11T00:16:11.725-0300] {processor.py:914} INFO - Processing file /home/felipe/lab/novamind-flow/.env/lib/python3.10/site-packages/airflow/example_dags/example_bash_operator.py for tasks to queue
[2025-02-11T00:16:11.727-0300] {logging_mixin.py:190} INFO - [2025-02-11T00:16:11.727-0300] {dagbag.py:588} INFO - Filling up the DagBag from /home/felipe/lab/novamind-flow/.env/lib/python3.10/site-packages/airflow/example_dags/example_bash_operator.py
[2025-02-11T00:16:11.739-0300] {processor.py:925} INFO - DAG(s) 'example_bash_operator' retrieved from /home/felipe/lab/novamind-flow/.env/lib/python3.10/site-packages/airflow/example_dags/example_bash_operator.py
[2025-02-11T00:16:11.831-0300] {logging_mixin.py:190} INFO - [2025-02-11T00:16:11.830-0300] {override.py:1930} INFO - Created Permission View: can delete on DAG:example_bash_operator
[2025-02-11T00:16:11.847-0300] {logging_mixin.py:190} INFO - [2025-02-11T00:16:11.846-0300] {override.py:1930} INFO - Created Permission View: can edit on DAG:example_bash_operator
[2025-02-11T00:16:11.863-0300] {logging_mixin.py:190} INFO - [2025-02-11T00:16:11.863-0300] {override.py:1930} INFO - Created Permission View: can read on DAG:example_bash_operator
[2025-02-11T00:16:11.891-0300] {logging_mixin.py:190} INFO - [2025-02-11T00:16:11.891-0300] {override.py:1930} INFO - Created Permission View: can delete on DAG Run:example_bash_operator
[2025-02-11T00:16:11.906-0300] {logging_mixin.py:190} INFO - [2025-02-11T00:16:11.905-0300] {override.py:1930} INFO - Created Permission View: can create on DAG Run:example_bash_operator
[2025-02-11T00:16:11.919-0300] {logging_mixin.py:190} INFO - [2025-02-11T00:16:11.918-0300] {override.py:1930} INFO - Created Permission View: menu access on DAG Run:example_bash_operator
[2025-02-11T00:16:11.933-0300] {logging_mixin.py:190} INFO - [2025-02-11T00:16:11.933-0300] {override.py:1930} INFO - Created Permission View: can read on DAG Run:example_bash_operator
[2025-02-11T00:16:11.934-0300] {logging_mixin.py:190} INFO - [2025-02-11T00:16:11.934-0300] {dag.py:3239} INFO - Sync 1 DAGs
[2025-02-11T00:16:11.942-0300] {logging_mixin.py:190} INFO - [2025-02-11T00:16:11.942-0300] {dag.py:3262} INFO - Creating ORM DAG for example_bash_operator
[2025-02-11T00:16:11.949-0300] {logging_mixin.py:190} INFO - [2025-02-11T00:16:11.949-0300] {dag.py:4180} INFO - Setting next_dagrun for example_bash_operator to 2025-02-10 00:00:00+00:00, run_after=2025-02-11 00:00:00+00:00
[2025-02-11T00:16:11.973-0300] {processor.py:208} INFO - Processing /home/felipe/lab/novamind-flow/.env/lib/python3.10/site-packages/airflow/example_dags/example_bash_operator.py took 0.253 seconds
[2025-02-11T00:17:12.494-0300] {processor.py:186} INFO - Started process (PID=71676) to work on /home/felipe/lab/novamind-flow/.env/lib/python3.10/site-packages/airflow/example_dags/example_bash_operator.py
[2025-02-11T00:17:12.496-0300] {processor.py:914} INFO - Processing file /home/felipe/lab/novamind-flow/.env/lib/python3.10/site-packages/airflow/example_dags/example_bash_operator.py for tasks to queue
[2025-02-11T00:17:12.498-0300] {logging_mixin.py:190} INFO - [2025-02-11T00:17:12.498-0300] {dagbag.py:588} INFO - Filling up the DagBag from /home/felipe/lab/novamind-flow/.env/lib/python3.10/site-packages/airflow/example_dags/example_bash_operator.py
[2025-02-11T00:17:12.512-0300] {processor.py:925} INFO - DAG(s) 'example_bash_operator' retrieved from /home/felipe/lab/novamind-flow/.env/lib/python3.10/site-packages/airflow/example_dags/example_bash_operator.py
[2025-02-11T00:17:12.530-0300] {logging_mixin.py:190} INFO - [2025-02-11T00:17:12.530-0300] {dag.py:3239} INFO - Sync 1 DAGs
[2025-02-11T00:17:12.544-0300] {logging_mixin.py:190} INFO - [2025-02-11T00:17:12.544-0300] {dag.py:4180} INFO - Setting next_dagrun for example_bash_operator to 2025-02-10 00:00:00+00:00, run_after=2025-02-11 00:00:00+00:00
[2025-02-11T00:17:12.568-0300] {processor.py:208} INFO - Processing /home/felipe/lab/novamind-flow/.env/lib/python3.10/site-packages/airflow/example_dags/example_bash_operator.py took 0.078 seconds
