[2025-02-11T00:15:54.089-0300] {processor.py:186} INFO - Started process (PID=71464) to work on /home/felipe/lab/novamind-flow/.env/lib/python3.10/site-packages/airflow/example_dags/example_dataset_alias_with_no_taskflow.py
[2025-02-11T00:15:54.090-0300] {processor.py:914} INFO - Processing file /home/felipe/lab/novamind-flow/.env/lib/python3.10/site-packages/airflow/example_dags/example_dataset_alias_with_no_taskflow.py for tasks to queue
[2025-02-11T00:15:54.092-0300] {logging_mixin.py:190} INFO - [2025-02-11T00:15:54.091-0300] {dagbag.py:588} INFO - Filling up the DagBag from /home/felipe/lab/novamind-flow/.env/lib/python3.10/site-packages/airflow/example_dags/example_dataset_alias_with_no_taskflow.py
[2025-02-11T00:15:54.106-0300] {processor.py:925} INFO - DAG(s) 'dataset_s3_bucket_consumer_with_no_taskflow', 'dataset_alias_example_alias_consumer_with_no_taskflow', 'dataset_s3_bucket_producer_with_no_taskflow', 'dataset_alias_example_alias_producer_with_no_taskflow' retrieved from /home/felipe/lab/novamind-flow/.env/lib/python3.10/site-packages/airflow/example_dags/example_dataset_alias_with_no_taskflow.py
[2025-02-11T00:15:54.272-0300] {logging_mixin.py:190} INFO - [2025-02-11T00:15:54.271-0300] {override.py:1930} INFO - Created Permission View: can delete on DAG:dataset_s3_bucket_consumer_with_no_taskflow
[2025-02-11T00:15:54.289-0300] {logging_mixin.py:190} INFO - [2025-02-11T00:15:54.288-0300] {override.py:1930} INFO - Created Permission View: can edit on DAG:dataset_s3_bucket_consumer_with_no_taskflow
[2025-02-11T00:15:54.303-0300] {logging_mixin.py:190} INFO - [2025-02-11T00:15:54.302-0300] {override.py:1930} INFO - Created Permission View: can read on DAG:dataset_s3_bucket_consumer_with_no_taskflow
[2025-02-11T00:15:54.326-0300] {logging_mixin.py:190} INFO - [2025-02-11T00:15:54.326-0300] {override.py:1930} INFO - Created Permission View: can delete on DAG Run:dataset_s3_bucket_consumer_with_no_taskflow
[2025-02-11T00:15:54.340-0300] {logging_mixin.py:190} INFO - [2025-02-11T00:15:54.339-0300] {override.py:1930} INFO - Created Permission View: can create on DAG Run:dataset_s3_bucket_consumer_with_no_taskflow
[2025-02-11T00:15:54.353-0300] {logging_mixin.py:190} INFO - [2025-02-11T00:15:54.352-0300] {override.py:1930} INFO - Created Permission View: menu access on DAG Run:dataset_s3_bucket_consumer_with_no_taskflow
[2025-02-11T00:15:54.366-0300] {logging_mixin.py:190} INFO - [2025-02-11T00:15:54.366-0300] {override.py:1930} INFO - Created Permission View: can read on DAG Run:dataset_s3_bucket_consumer_with_no_taskflow
[2025-02-11T00:15:54.396-0300] {logging_mixin.py:190} INFO - [2025-02-11T00:15:54.395-0300] {override.py:1930} INFO - Created Permission View: can delete on DAG:dataset_alias_example_alias_consumer_with_no_taskflow
[2025-02-11T00:15:54.409-0300] {logging_mixin.py:190} INFO - [2025-02-11T00:15:54.409-0300] {override.py:1930} INFO - Created Permission View: can edit on DAG:dataset_alias_example_alias_consumer_with_no_taskflow
[2025-02-11T00:15:54.423-0300] {logging_mixin.py:190} INFO - [2025-02-11T00:15:54.422-0300] {override.py:1930} INFO - Created Permission View: can read on DAG:dataset_alias_example_alias_consumer_with_no_taskflow
[2025-02-11T00:15:54.450-0300] {logging_mixin.py:190} INFO - [2025-02-11T00:15:54.449-0300] {override.py:1930} INFO - Created Permission View: can delete on DAG Run:dataset_alias_example_alias_consumer_with_no_taskflow
[2025-02-11T00:15:54.464-0300] {logging_mixin.py:190} INFO - [2025-02-11T00:15:54.464-0300] {override.py:1930} INFO - Created Permission View: can create on DAG Run:dataset_alias_example_alias_consumer_with_no_taskflow
[2025-02-11T00:15:54.479-0300] {logging_mixin.py:190} INFO - [2025-02-11T00:15:54.478-0300] {override.py:1930} INFO - Created Permission View: menu access on DAG Run:dataset_alias_example_alias_consumer_with_no_taskflow
[2025-02-11T00:15:54.492-0300] {logging_mixin.py:190} INFO - [2025-02-11T00:15:54.492-0300] {override.py:1930} INFO - Created Permission View: can read on DAG Run:dataset_alias_example_alias_consumer_with_no_taskflow
[2025-02-11T00:15:54.521-0300] {logging_mixin.py:190} INFO - [2025-02-11T00:15:54.521-0300] {override.py:1930} INFO - Created Permission View: can delete on DAG:dataset_s3_bucket_producer_with_no_taskflow
[2025-02-11T00:15:54.535-0300] {logging_mixin.py:190} INFO - [2025-02-11T00:15:54.535-0300] {override.py:1930} INFO - Created Permission View: can edit on DAG:dataset_s3_bucket_producer_with_no_taskflow
[2025-02-11T00:15:54.549-0300] {logging_mixin.py:190} INFO - [2025-02-11T00:15:54.548-0300] {override.py:1930} INFO - Created Permission View: can read on DAG:dataset_s3_bucket_producer_with_no_taskflow
[2025-02-11T00:15:54.573-0300] {logging_mixin.py:190} INFO - [2025-02-11T00:15:54.572-0300] {override.py:1930} INFO - Created Permission View: can delete on DAG Run:dataset_s3_bucket_producer_with_no_taskflow
[2025-02-11T00:15:54.586-0300] {logging_mixin.py:190} INFO - [2025-02-11T00:15:54.586-0300] {override.py:1930} INFO - Created Permission View: can create on DAG Run:dataset_s3_bucket_producer_with_no_taskflow
[2025-02-11T00:15:54.600-0300] {logging_mixin.py:190} INFO - [2025-02-11T00:15:54.599-0300] {override.py:1930} INFO - Created Permission View: menu access on DAG Run:dataset_s3_bucket_producer_with_no_taskflow
[2025-02-11T00:15:54.616-0300] {logging_mixin.py:190} INFO - [2025-02-11T00:15:54.616-0300] {override.py:1930} INFO - Created Permission View: can read on DAG Run:dataset_s3_bucket_producer_with_no_taskflow
[2025-02-11T00:15:54.647-0300] {logging_mixin.py:190} INFO - [2025-02-11T00:15:54.646-0300] {override.py:1930} INFO - Created Permission View: can delete on DAG:dataset_alias_example_alias_producer_with_no_taskflow
[2025-02-11T00:15:54.660-0300] {logging_mixin.py:190} INFO - [2025-02-11T00:15:54.659-0300] {override.py:1930} INFO - Created Permission View: can edit on DAG:dataset_alias_example_alias_producer_with_no_taskflow
[2025-02-11T00:15:54.674-0300] {logging_mixin.py:190} INFO - [2025-02-11T00:15:54.673-0300] {override.py:1930} INFO - Created Permission View: can read on DAG:dataset_alias_example_alias_producer_with_no_taskflow
[2025-02-11T00:15:54.698-0300] {logging_mixin.py:190} INFO - [2025-02-11T00:15:54.697-0300] {override.py:1930} INFO - Created Permission View: can delete on DAG Run:dataset_alias_example_alias_producer_with_no_taskflow
[2025-02-11T00:15:54.712-0300] {logging_mixin.py:190} INFO - [2025-02-11T00:15:54.711-0300] {override.py:1930} INFO - Created Permission View: can create on DAG Run:dataset_alias_example_alias_producer_with_no_taskflow
[2025-02-11T00:15:54.725-0300] {logging_mixin.py:190} INFO - [2025-02-11T00:15:54.725-0300] {override.py:1930} INFO - Created Permission View: menu access on DAG Run:dataset_alias_example_alias_producer_with_no_taskflow
[2025-02-11T00:15:54.739-0300] {logging_mixin.py:190} INFO - [2025-02-11T00:15:54.738-0300] {override.py:1930} INFO - Created Permission View: can read on DAG Run:dataset_alias_example_alias_producer_with_no_taskflow
[2025-02-11T00:15:54.739-0300] {logging_mixin.py:190} INFO - [2025-02-11T00:15:54.739-0300] {dag.py:3239} INFO - Sync 4 DAGs
[2025-02-11T00:15:54.746-0300] {logging_mixin.py:190} INFO - [2025-02-11T00:15:54.746-0300] {dag.py:3262} INFO - Creating ORM DAG for dataset_s3_bucket_consumer_with_no_taskflow
[2025-02-11T00:15:54.747-0300] {logging_mixin.py:190} INFO - [2025-02-11T00:15:54.746-0300] {dag.py:3262} INFO - Creating ORM DAG for dataset_alias_example_alias_producer_with_no_taskflow
[2025-02-11T00:15:54.747-0300] {logging_mixin.py:190} INFO - [2025-02-11T00:15:54.747-0300] {dag.py:3262} INFO - Creating ORM DAG for dataset_s3_bucket_producer_with_no_taskflow
[2025-02-11T00:15:54.747-0300] {logging_mixin.py:190} INFO - [2025-02-11T00:15:54.747-0300] {dag.py:3262} INFO - Creating ORM DAG for dataset_alias_example_alias_consumer_with_no_taskflow
[2025-02-11T00:15:54.752-0300] {logging_mixin.py:190} INFO - [2025-02-11T00:15:54.752-0300] {dag.py:4180} INFO - Setting next_dagrun for dataset_alias_example_alias_consumer_with_no_taskflow to None, run_after=None
[2025-02-11T00:15:54.752-0300] {logging_mixin.py:190} INFO - [2025-02-11T00:15:54.752-0300] {dag.py:4180} INFO - Setting next_dagrun for dataset_alias_example_alias_producer_with_no_taskflow to None, run_after=None
[2025-02-11T00:15:54.753-0300] {logging_mixin.py:190} INFO - [2025-02-11T00:15:54.752-0300] {dag.py:4180} INFO - Setting next_dagrun for dataset_s3_bucket_consumer_with_no_taskflow to None, run_after=None
[2025-02-11T00:15:54.753-0300] {logging_mixin.py:190} INFO - [2025-02-11T00:15:54.753-0300] {dag.py:4180} INFO - Setting next_dagrun for dataset_s3_bucket_producer_with_no_taskflow to None, run_after=None
[2025-02-11T00:15:54.782-0300] {processor.py:208} INFO - Processing /home/felipe/lab/novamind-flow/.env/lib/python3.10/site-packages/airflow/example_dags/example_dataset_alias_with_no_taskflow.py took 0.697 seconds
[2025-02-11T00:17:00.751-0300] {processor.py:186} INFO - Started process (PID=71625) to work on /home/felipe/lab/novamind-flow/.env/lib/python3.10/site-packages/airflow/example_dags/example_dataset_alias_with_no_taskflow.py
[2025-02-11T00:17:00.754-0300] {processor.py:914} INFO - Processing file /home/felipe/lab/novamind-flow/.env/lib/python3.10/site-packages/airflow/example_dags/example_dataset_alias_with_no_taskflow.py for tasks to queue
[2025-02-11T00:17:00.756-0300] {logging_mixin.py:190} INFO - [2025-02-11T00:17:00.756-0300] {dagbag.py:588} INFO - Filling up the DagBag from /home/felipe/lab/novamind-flow/.env/lib/python3.10/site-packages/airflow/example_dags/example_dataset_alias_with_no_taskflow.py
[2025-02-11T00:17:00.775-0300] {processor.py:925} INFO - DAG(s) 'dataset_alias_example_alias_producer_with_no_taskflow', 'dataset_alias_example_alias_consumer_with_no_taskflow', 'dataset_s3_bucket_producer_with_no_taskflow', 'dataset_s3_bucket_consumer_with_no_taskflow' retrieved from /home/felipe/lab/novamind-flow/.env/lib/python3.10/site-packages/airflow/example_dags/example_dataset_alias_with_no_taskflow.py
[2025-02-11T00:17:00.790-0300] {logging_mixin.py:190} INFO - [2025-02-11T00:17:00.790-0300] {dag.py:3239} INFO - Sync 4 DAGs
[2025-02-11T00:17:00.805-0300] {logging_mixin.py:190} INFO - [2025-02-11T00:17:00.805-0300] {dag.py:4180} INFO - Setting next_dagrun for dataset_alias_example_alias_consumer_with_no_taskflow to None, run_after=None
[2025-02-11T00:17:00.807-0300] {logging_mixin.py:190} INFO - [2025-02-11T00:17:00.807-0300] {dag.py:4180} INFO - Setting next_dagrun for dataset_alias_example_alias_producer_with_no_taskflow to None, run_after=None
[2025-02-11T00:17:00.807-0300] {logging_mixin.py:190} INFO - [2025-02-11T00:17:00.807-0300] {dag.py:4180} INFO - Setting next_dagrun for dataset_s3_bucket_consumer_with_no_taskflow to None, run_after=None
[2025-02-11T00:17:00.808-0300] {logging_mixin.py:190} INFO - [2025-02-11T00:17:00.808-0300] {dag.py:4180} INFO - Setting next_dagrun for dataset_s3_bucket_producer_with_no_taskflow to None, run_after=None
[2025-02-11T00:17:00.839-0300] {processor.py:208} INFO - Processing /home/felipe/lab/novamind-flow/.env/lib/python3.10/site-packages/airflow/example_dags/example_dataset_alias_with_no_taskflow.py took 0.092 seconds
