[2025-02-11T00:15:29.569-0300] {processor.py:186} INFO - Started process (PID=71417) to work on /home/felipe/lab/novamind-flow/.env/lib/python3.10/site-packages/airflow/example_dags/example_subdag_operator.py
[2025-02-11T00:15:29.570-0300] {processor.py:914} INFO - Processing file /home/felipe/lab/novamind-flow/.env/lib/python3.10/site-packages/airflow/example_dags/example_subdag_operator.py for tasks to queue
[2025-02-11T00:15:29.571-0300] {logging_mixin.py:190} INFO - [2025-02-11T00:15:29.571-0300] {dagbag.py:588} INFO - Filling up the DagBag from /home/felipe/lab/novamind-flow/.env/lib/python3.10/site-packages/airflow/example_dags/example_subdag_operator.py
[2025-02-11T00:15:29.588-0300] {processor.py:925} INFO - DAG(s) 'example_subdag_operator.section-1', 'example_subdag_operator.section-2', 'example_subdag_operator' retrieved from /home/felipe/lab/novamind-flow/.env/lib/python3.10/site-packages/airflow/example_dags/example_subdag_operator.py
[2025-02-11T00:15:29.750-0300] {logging_mixin.py:190} INFO - [2025-02-11T00:15:29.750-0300] {override.py:1930} INFO - Created Permission View: can delete on DAG:example_subdag_operator
[2025-02-11T00:15:29.766-0300] {logging_mixin.py:190} INFO - [2025-02-11T00:15:29.766-0300] {override.py:1930} INFO - Created Permission View: can edit on DAG:example_subdag_operator
[2025-02-11T00:15:29.779-0300] {logging_mixin.py:190} INFO - [2025-02-11T00:15:29.779-0300] {override.py:1930} INFO - Created Permission View: can read on DAG:example_subdag_operator
[2025-02-11T00:15:29.802-0300] {logging_mixin.py:190} INFO - [2025-02-11T00:15:29.802-0300] {override.py:1930} INFO - Created Permission View: can delete on DAG Run:example_subdag_operator
[2025-02-11T00:15:29.816-0300] {logging_mixin.py:190} INFO - [2025-02-11T00:15:29.815-0300] {override.py:1930} INFO - Created Permission View: can create on DAG Run:example_subdag_operator
[2025-02-11T00:15:29.829-0300] {logging_mixin.py:190} INFO - [2025-02-11T00:15:29.829-0300] {override.py:1930} INFO - Created Permission View: menu access on DAG Run:example_subdag_operator
[2025-02-11T00:15:29.843-0300] {logging_mixin.py:190} INFO - [2025-02-11T00:15:29.842-0300] {override.py:1930} INFO - Created Permission View: can read on DAG Run:example_subdag_operator
[2025-02-11T00:15:29.843-0300] {logging_mixin.py:190} INFO - [2025-02-11T00:15:29.843-0300] {dag.py:3239} INFO - Sync 3 DAGs
[2025-02-11T00:15:29.851-0300] {logging_mixin.py:190} INFO - [2025-02-11T00:15:29.851-0300] {dag.py:3262} INFO - Creating ORM DAG for example_subdag_operator.section-1
[2025-02-11T00:15:29.852-0300] {logging_mixin.py:190} INFO - [2025-02-11T00:15:29.852-0300] {dag.py:3262} INFO - Creating ORM DAG for example_subdag_operator
[2025-02-11T00:15:29.852-0300] {logging_mixin.py:190} INFO - [2025-02-11T00:15:29.852-0300] {dag.py:3262} INFO - Creating ORM DAG for example_subdag_operator.section-2
[2025-02-11T00:15:29.857-0300] {logging_mixin.py:190} INFO - [2025-02-11T00:15:29.857-0300] {dag.py:4180} INFO - Setting next_dagrun for example_subdag_operator to 2022-01-01 00:00:00+00:00, run_after=2022-01-01 00:00:00+00:00
[2025-02-11T00:15:29.857-0300] {logging_mixin.py:190} INFO - [2025-02-11T00:15:29.857-0300] {dag.py:4180} INFO - Setting next_dagrun for example_subdag_operator.section-1 to None, run_after=None
[2025-02-11T00:15:29.857-0300] {logging_mixin.py:190} INFO - [2025-02-11T00:15:29.857-0300] {dag.py:4180} INFO - Setting next_dagrun for example_subdag_operator.section-2 to None, run_after=None
[2025-02-11T00:15:29.861-0300] {logging_mixin.py:190} INFO - [2025-02-11T00:15:29.861-0300] {dag.py:3239} INFO - Sync 2 DAGs
[2025-02-11T00:15:29.863-0300] {logging_mixin.py:190} INFO - [2025-02-11T00:15:29.863-0300] {dag.py:4180} INFO - Setting next_dagrun for example_subdag_operator.section-1 to None, run_after=None
[2025-02-11T00:15:29.865-0300] {logging_mixin.py:190} INFO - [2025-02-11T00:15:29.865-0300] {dag.py:4180} INFO - Setting next_dagrun for example_subdag_operator.section-2 to None, run_after=None
[2025-02-11T00:15:29.886-0300] {processor.py:208} INFO - Processing /home/felipe/lab/novamind-flow/.env/lib/python3.10/site-packages/airflow/example_dags/example_subdag_operator.py took 0.322 seconds
[2025-02-11T00:16:38.404-0300] {processor.py:186} INFO - Started process (PID=71567) to work on /home/felipe/lab/novamind-flow/.env/lib/python3.10/site-packages/airflow/example_dags/example_subdag_operator.py
[2025-02-11T00:16:38.405-0300] {processor.py:914} INFO - Processing file /home/felipe/lab/novamind-flow/.env/lib/python3.10/site-packages/airflow/example_dags/example_subdag_operator.py for tasks to queue
[2025-02-11T00:16:38.407-0300] {logging_mixin.py:190} INFO - [2025-02-11T00:16:38.407-0300] {dagbag.py:588} INFO - Filling up the DagBag from /home/felipe/lab/novamind-flow/.env/lib/python3.10/site-packages/airflow/example_dags/example_subdag_operator.py
[2025-02-11T00:16:38.424-0300] {processor.py:925} INFO - DAG(s) 'example_subdag_operator.section-1', 'example_subdag_operator.section-2', 'example_subdag_operator' retrieved from /home/felipe/lab/novamind-flow/.env/lib/python3.10/site-packages/airflow/example_dags/example_subdag_operator.py
[2025-02-11T00:16:38.435-0300] {logging_mixin.py:190} INFO - [2025-02-11T00:16:38.435-0300] {dag.py:3239} INFO - Sync 3 DAGs
[2025-02-11T00:16:38.450-0300] {logging_mixin.py:190} INFO - [2025-02-11T00:16:38.449-0300] {dag.py:4180} INFO - Setting next_dagrun for example_subdag_operator to 2022-01-01 00:00:00+00:00, run_after=2022-01-01 00:00:00+00:00
[2025-02-11T00:16:38.452-0300] {logging_mixin.py:190} INFO - [2025-02-11T00:16:38.452-0300] {dag.py:4180} INFO - Setting next_dagrun for example_subdag_operator.section-1 to None, run_after=None
[2025-02-11T00:16:38.452-0300] {logging_mixin.py:190} INFO - [2025-02-11T00:16:38.452-0300] {dag.py:4180} INFO - Setting next_dagrun for example_subdag_operator.section-2 to None, run_after=None
[2025-02-11T00:16:38.456-0300] {logging_mixin.py:190} INFO - [2025-02-11T00:16:38.456-0300] {dag.py:3239} INFO - Sync 2 DAGs
[2025-02-11T00:16:38.459-0300] {logging_mixin.py:190} INFO - [2025-02-11T00:16:38.458-0300] {dag.py:4180} INFO - Setting next_dagrun for example_subdag_operator.section-1 to None, run_after=None
[2025-02-11T00:16:38.459-0300] {logging_mixin.py:190} INFO - [2025-02-11T00:16:38.459-0300] {dag.py:4180} INFO - Setting next_dagrun for example_subdag_operator.section-2 to None, run_after=None
[2025-02-11T00:16:38.476-0300] {processor.py:208} INFO - Processing /home/felipe/lab/novamind-flow/.env/lib/python3.10/site-packages/airflow/example_dags/example_subdag_operator.py took 0.078 seconds
[2025-02-11T00:17:32.700-0300] {processor.py:186} INFO - Started process (PID=71912) to work on /home/felipe/lab/novamind-flow/.env/lib/python3.10/site-packages/airflow/example_dags/example_subdag_operator.py
[2025-02-11T00:17:32.702-0300] {processor.py:914} INFO - Processing file /home/felipe/lab/novamind-flow/.env/lib/python3.10/site-packages/airflow/example_dags/example_subdag_operator.py for tasks to queue
[2025-02-11T00:17:32.703-0300] {logging_mixin.py:190} INFO - [2025-02-11T00:17:32.703-0300] {dagbag.py:588} INFO - Filling up the DagBag from /home/felipe/lab/novamind-flow/.env/lib/python3.10/site-packages/airflow/example_dags/example_subdag_operator.py
[2025-02-11T00:17:32.721-0300] {processor.py:925} INFO - DAG(s) 'example_subdag_operator.section-1', 'example_subdag_operator.section-2', 'example_subdag_operator' retrieved from /home/felipe/lab/novamind-flow/.env/lib/python3.10/site-packages/airflow/example_dags/example_subdag_operator.py
[2025-02-11T00:17:32.731-0300] {logging_mixin.py:190} INFO - [2025-02-11T00:17:32.731-0300] {dag.py:3239} INFO - Sync 3 DAGs
[2025-02-11T00:17:32.746-0300] {logging_mixin.py:190} INFO - [2025-02-11T00:17:32.745-0300] {dag.py:4180} INFO - Setting next_dagrun for example_subdag_operator to 2022-01-01 00:00:00+00:00, run_after=2022-01-01 00:00:00+00:00
[2025-02-11T00:17:32.748-0300] {logging_mixin.py:190} INFO - [2025-02-11T00:17:32.748-0300] {dag.py:4180} INFO - Setting next_dagrun for example_subdag_operator.section-1 to None, run_after=None
[2025-02-11T00:17:32.749-0300] {logging_mixin.py:190} INFO - [2025-02-11T00:17:32.748-0300] {dag.py:4180} INFO - Setting next_dagrun for example_subdag_operator.section-2 to None, run_after=None
[2025-02-11T00:17:32.752-0300] {logging_mixin.py:190} INFO - [2025-02-11T00:17:32.752-0300] {dag.py:3239} INFO - Sync 2 DAGs
[2025-02-11T00:17:32.755-0300] {logging_mixin.py:190} INFO - [2025-02-11T00:17:32.755-0300] {dag.py:4180} INFO - Setting next_dagrun for example_subdag_operator.section-1 to None, run_after=None
[2025-02-11T00:17:32.755-0300] {logging_mixin.py:190} INFO - [2025-02-11T00:17:32.755-0300] {dag.py:4180} INFO - Setting next_dagrun for example_subdag_operator.section-2 to None, run_after=None
[2025-02-11T00:17:32.772-0300] {processor.py:208} INFO - Processing /home/felipe/lab/novamind-flow/.env/lib/python3.10/site-packages/airflow/example_dags/example_subdag_operator.py took 0.077 seconds
