[2025-02-11T00:15:55.827-0300] {processor.py:186} INFO - Started process (PID=71468) to work on /home/felipe/lab/novamind-flow/.env/lib/python3.10/site-packages/airflow/example_dags/example_dynamic_task_mapping.py
[2025-02-11T00:15:55.828-0300] {processor.py:914} INFO - Processing file /home/felipe/lab/novamind-flow/.env/lib/python3.10/site-packages/airflow/example_dags/example_dynamic_task_mapping.py for tasks to queue
[2025-02-11T00:15:55.830-0300] {logging_mixin.py:190} INFO - [2025-02-11T00:15:55.829-0300] {dagbag.py:588} INFO - Filling up the DagBag from /home/felipe/lab/novamind-flow/.env/lib/python3.10/site-packages/airflow/example_dags/example_dynamic_task_mapping.py
[2025-02-11T00:15:55.837-0300] {processor.py:925} INFO - DAG(s) 'example_dynamic_task_mapping' retrieved from /home/felipe/lab/novamind-flow/.env/lib/python3.10/site-packages/airflow/example_dags/example_dynamic_task_mapping.py
[2025-02-11T00:15:56.003-0300] {logging_mixin.py:190} INFO - [2025-02-11T00:15:56.002-0300] {override.py:1930} INFO - Created Permission View: can delete on DAG:example_dynamic_task_mapping
[2025-02-11T00:15:56.019-0300] {logging_mixin.py:190} INFO - [2025-02-11T00:15:56.018-0300] {override.py:1930} INFO - Created Permission View: can edit on DAG:example_dynamic_task_mapping
[2025-02-11T00:15:56.033-0300] {logging_mixin.py:190} INFO - [2025-02-11T00:15:56.032-0300] {override.py:1930} INFO - Created Permission View: can read on DAG:example_dynamic_task_mapping
[2025-02-11T00:15:56.057-0300] {logging_mixin.py:190} INFO - [2025-02-11T00:15:56.056-0300] {override.py:1930} INFO - Created Permission View: can delete on DAG Run:example_dynamic_task_mapping
[2025-02-11T00:15:56.071-0300] {logging_mixin.py:190} INFO - [2025-02-11T00:15:56.071-0300] {override.py:1930} INFO - Created Permission View: can create on DAG Run:example_dynamic_task_mapping
[2025-02-11T00:15:56.085-0300] {logging_mixin.py:190} INFO - [2025-02-11T00:15:56.084-0300] {override.py:1930} INFO - Created Permission View: menu access on DAG Run:example_dynamic_task_mapping
[2025-02-11T00:15:56.101-0300] {logging_mixin.py:190} INFO - [2025-02-11T00:15:56.100-0300] {override.py:1930} INFO - Created Permission View: can read on DAG Run:example_dynamic_task_mapping
[2025-02-11T00:15:56.101-0300] {logging_mixin.py:190} INFO - [2025-02-11T00:15:56.101-0300] {dag.py:3239} INFO - Sync 1 DAGs
[2025-02-11T00:15:56.109-0300] {logging_mixin.py:190} INFO - [2025-02-11T00:15:56.109-0300] {dag.py:3262} INFO - Creating ORM DAG for example_dynamic_task_mapping
[2025-02-11T00:15:56.110-0300] {logging_mixin.py:190} INFO - [2025-02-11T00:15:56.109-0300] {dag.py:4180} INFO - Setting next_dagrun for example_dynamic_task_mapping to None, run_after=None
[2025-02-11T00:15:56.130-0300] {processor.py:208} INFO - Processing /home/felipe/lab/novamind-flow/.env/lib/python3.10/site-packages/airflow/example_dags/example_dynamic_task_mapping.py took 0.308 seconds
[2025-02-11T00:17:01.225-0300] {processor.py:186} INFO - Started process (PID=71661) to work on /home/felipe/lab/novamind-flow/.env/lib/python3.10/site-packages/airflow/example_dags/example_dynamic_task_mapping.py
[2025-02-11T00:17:01.227-0300] {processor.py:914} INFO - Processing file /home/felipe/lab/novamind-flow/.env/lib/python3.10/site-packages/airflow/example_dags/example_dynamic_task_mapping.py for tasks to queue
[2025-02-11T00:17:01.229-0300] {logging_mixin.py:190} INFO - [2025-02-11T00:17:01.229-0300] {dagbag.py:588} INFO - Filling up the DagBag from /home/felipe/lab/novamind-flow/.env/lib/python3.10/site-packages/airflow/example_dags/example_dynamic_task_mapping.py
[2025-02-11T00:17:01.236-0300] {processor.py:925} INFO - DAG(s) 'example_dynamic_task_mapping' retrieved from /home/felipe/lab/novamind-flow/.env/lib/python3.10/site-packages/airflow/example_dags/example_dynamic_task_mapping.py
[2025-02-11T00:17:01.247-0300] {logging_mixin.py:190} INFO - [2025-02-11T00:17:01.247-0300] {dag.py:3239} INFO - Sync 1 DAGs
[2025-02-11T00:17:01.257-0300] {logging_mixin.py:190} INFO - [2025-02-11T00:17:01.257-0300] {dag.py:4180} INFO - Setting next_dagrun for example_dynamic_task_mapping to None, run_after=None
[2025-02-11T00:17:01.278-0300] {processor.py:208} INFO - Processing /home/felipe/lab/novamind-flow/.env/lib/python3.10/site-packages/airflow/example_dags/example_dynamic_task_mapping.py took 0.058 seconds
