[2025-02-11T00:15:58.206-0300] {processor.py:186} INFO - Started process (PID=71470) to work on /home/felipe/lab/novamind-flow/.env/lib/python3.10/site-packages/airflow/example_dags/example_dataset_alias.py
[2025-02-11T00:15:58.207-0300] {processor.py:914} INFO - Processing file /home/felipe/lab/novamind-flow/.env/lib/python3.10/site-packages/airflow/example_dags/example_dataset_alias.py for tasks to queue
[2025-02-11T00:15:58.209-0300] {logging_mixin.py:190} INFO - [2025-02-11T00:15:58.209-0300] {dagbag.py:588} INFO - Filling up the DagBag from /home/felipe/lab/novamind-flow/.env/lib/python3.10/site-packages/airflow/example_dags/example_dataset_alias.py
[2025-02-11T00:15:58.224-0300] {processor.py:925} INFO - DAG(s) 'dataset_alias_example_alias_consumer', 'dataset_s3_bucket_consumer', 'dataset_s3_bucket_producer', 'dataset_alias_example_alias_producer' retrieved from /home/felipe/lab/novamind-flow/.env/lib/python3.10/site-packages/airflow/example_dags/example_dataset_alias.py
[2025-02-11T00:15:58.382-0300] {logging_mixin.py:190} INFO - [2025-02-11T00:15:58.381-0300] {override.py:1930} INFO - Created Permission View: can delete on DAG:dataset_alias_example_alias_consumer
[2025-02-11T00:15:58.397-0300] {logging_mixin.py:190} INFO - [2025-02-11T00:15:58.396-0300] {override.py:1930} INFO - Created Permission View: can edit on DAG:dataset_alias_example_alias_consumer
[2025-02-11T00:15:58.411-0300] {logging_mixin.py:190} INFO - [2025-02-11T00:15:58.410-0300] {override.py:1930} INFO - Created Permission View: can read on DAG:dataset_alias_example_alias_consumer
[2025-02-11T00:15:58.435-0300] {logging_mixin.py:190} INFO - [2025-02-11T00:15:58.434-0300] {override.py:1930} INFO - Created Permission View: can delete on DAG Run:dataset_alias_example_alias_consumer
[2025-02-11T00:15:58.449-0300] {logging_mixin.py:190} INFO - [2025-02-11T00:15:58.448-0300] {override.py:1930} INFO - Created Permission View: can create on DAG Run:dataset_alias_example_alias_consumer
[2025-02-11T00:15:58.462-0300] {logging_mixin.py:190} INFO - [2025-02-11T00:15:58.462-0300] {override.py:1930} INFO - Created Permission View: menu access on DAG Run:dataset_alias_example_alias_consumer
[2025-02-11T00:15:58.477-0300] {logging_mixin.py:190} INFO - [2025-02-11T00:15:58.476-0300] {override.py:1930} INFO - Created Permission View: can read on DAG Run:dataset_alias_example_alias_consumer
[2025-02-11T00:15:58.507-0300] {logging_mixin.py:190} INFO - [2025-02-11T00:15:58.507-0300] {override.py:1930} INFO - Created Permission View: can delete on DAG:dataset_s3_bucket_consumer
[2025-02-11T00:15:58.520-0300] {logging_mixin.py:190} INFO - [2025-02-11T00:15:58.519-0300] {override.py:1930} INFO - Created Permission View: can edit on DAG:dataset_s3_bucket_consumer
[2025-02-11T00:15:58.533-0300] {logging_mixin.py:190} INFO - [2025-02-11T00:15:58.533-0300] {override.py:1930} INFO - Created Permission View: can read on DAG:dataset_s3_bucket_consumer
[2025-02-11T00:15:58.557-0300] {logging_mixin.py:190} INFO - [2025-02-11T00:15:58.557-0300] {override.py:1930} INFO - Created Permission View: can delete on DAG Run:dataset_s3_bucket_consumer
[2025-02-11T00:15:58.571-0300] {logging_mixin.py:190} INFO - [2025-02-11T00:15:58.571-0300] {override.py:1930} INFO - Created Permission View: can create on DAG Run:dataset_s3_bucket_consumer
[2025-02-11T00:15:58.585-0300] {logging_mixin.py:190} INFO - [2025-02-11T00:15:58.585-0300] {override.py:1930} INFO - Created Permission View: menu access on DAG Run:dataset_s3_bucket_consumer
[2025-02-11T00:15:58.598-0300] {logging_mixin.py:190} INFO - [2025-02-11T00:15:58.598-0300] {override.py:1930} INFO - Created Permission View: can read on DAG Run:dataset_s3_bucket_consumer
[2025-02-11T00:15:58.625-0300] {logging_mixin.py:190} INFO - [2025-02-11T00:15:58.625-0300] {override.py:1930} INFO - Created Permission View: can delete on DAG:dataset_s3_bucket_producer
[2025-02-11T00:15:58.643-0300] {logging_mixin.py:190} INFO - [2025-02-11T00:15:58.643-0300] {override.py:1930} INFO - Created Permission View: can edit on DAG:dataset_s3_bucket_producer
[2025-02-11T00:15:58.657-0300] {logging_mixin.py:190} INFO - [2025-02-11T00:15:58.657-0300] {override.py:1930} INFO - Created Permission View: can read on DAG:dataset_s3_bucket_producer
[2025-02-11T00:15:58.681-0300] {logging_mixin.py:190} INFO - [2025-02-11T00:15:58.680-0300] {override.py:1930} INFO - Created Permission View: can delete on DAG Run:dataset_s3_bucket_producer
[2025-02-11T00:15:58.694-0300] {logging_mixin.py:190} INFO - [2025-02-11T00:15:58.693-0300] {override.py:1930} INFO - Created Permission View: can create on DAG Run:dataset_s3_bucket_producer
[2025-02-11T00:15:58.708-0300] {logging_mixin.py:190} INFO - [2025-02-11T00:15:58.708-0300] {override.py:1930} INFO - Created Permission View: menu access on DAG Run:dataset_s3_bucket_producer
[2025-02-11T00:15:58.723-0300] {logging_mixin.py:190} INFO - [2025-02-11T00:15:58.722-0300] {override.py:1930} INFO - Created Permission View: can read on DAG Run:dataset_s3_bucket_producer
[2025-02-11T00:15:58.753-0300] {logging_mixin.py:190} INFO - [2025-02-11T00:15:58.753-0300] {override.py:1930} INFO - Created Permission View: can delete on DAG:dataset_alias_example_alias_producer
[2025-02-11T00:15:58.767-0300] {logging_mixin.py:190} INFO - [2025-02-11T00:15:58.767-0300] {override.py:1930} INFO - Created Permission View: can edit on DAG:dataset_alias_example_alias_producer
[2025-02-11T00:15:58.784-0300] {logging_mixin.py:190} INFO - [2025-02-11T00:15:58.783-0300] {override.py:1930} INFO - Created Permission View: can read on DAG:dataset_alias_example_alias_producer
[2025-02-11T00:15:58.808-0300] {logging_mixin.py:190} INFO - [2025-02-11T00:15:58.808-0300] {override.py:1930} INFO - Created Permission View: can delete on DAG Run:dataset_alias_example_alias_producer
[2025-02-11T00:15:58.821-0300] {logging_mixin.py:190} INFO - [2025-02-11T00:15:58.821-0300] {override.py:1930} INFO - Created Permission View: can create on DAG Run:dataset_alias_example_alias_producer
[2025-02-11T00:15:58.835-0300] {logging_mixin.py:190} INFO - [2025-02-11T00:15:58.835-0300] {override.py:1930} INFO - Created Permission View: menu access on DAG Run:dataset_alias_example_alias_producer
[2025-02-11T00:15:58.849-0300] {logging_mixin.py:190} INFO - [2025-02-11T00:15:58.848-0300] {override.py:1930} INFO - Created Permission View: can read on DAG Run:dataset_alias_example_alias_producer
[2025-02-11T00:15:58.849-0300] {logging_mixin.py:190} INFO - [2025-02-11T00:15:58.849-0300] {dag.py:3239} INFO - Sync 4 DAGs
[2025-02-11T00:15:58.856-0300] {logging_mixin.py:190} INFO - [2025-02-11T00:15:58.856-0300] {dag.py:3262} INFO - Creating ORM DAG for dataset_s3_bucket_producer
[2025-02-11T00:15:58.856-0300] {logging_mixin.py:190} INFO - [2025-02-11T00:15:58.856-0300] {dag.py:3262} INFO - Creating ORM DAG for dataset_alias_example_alias_producer
[2025-02-11T00:15:58.857-0300] {logging_mixin.py:190} INFO - [2025-02-11T00:15:58.857-0300] {dag.py:3262} INFO - Creating ORM DAG for dataset_alias_example_alias_consumer
[2025-02-11T00:15:58.857-0300] {logging_mixin.py:190} INFO - [2025-02-11T00:15:58.857-0300] {dag.py:3262} INFO - Creating ORM DAG for dataset_s3_bucket_consumer
[2025-02-11T00:15:58.862-0300] {logging_mixin.py:190} INFO - [2025-02-11T00:15:58.861-0300] {dag.py:4180} INFO - Setting next_dagrun for dataset_alias_example_alias_consumer to None, run_after=None
[2025-02-11T00:15:58.862-0300] {logging_mixin.py:190} INFO - [2025-02-11T00:15:58.862-0300] {dag.py:4180} INFO - Setting next_dagrun for dataset_alias_example_alias_producer to None, run_after=None
[2025-02-11T00:15:58.862-0300] {logging_mixin.py:190} INFO - [2025-02-11T00:15:58.862-0300] {dag.py:4180} INFO - Setting next_dagrun for dataset_s3_bucket_consumer to None, run_after=None
[2025-02-11T00:15:58.862-0300] {logging_mixin.py:190} INFO - [2025-02-11T00:15:58.862-0300] {dag.py:4180} INFO - Setting next_dagrun for dataset_s3_bucket_producer to None, run_after=None
[2025-02-11T00:15:58.891-0300] {processor.py:208} INFO - Processing /home/felipe/lab/novamind-flow/.env/lib/python3.10/site-packages/airflow/example_dags/example_dataset_alias.py took 0.690 seconds
[2025-02-11T00:17:03.491-0300] {processor.py:186} INFO - Started process (PID=71666) to work on /home/felipe/lab/novamind-flow/.env/lib/python3.10/site-packages/airflow/example_dags/example_dataset_alias.py
[2025-02-11T00:17:03.493-0300] {processor.py:914} INFO - Processing file /home/felipe/lab/novamind-flow/.env/lib/python3.10/site-packages/airflow/example_dags/example_dataset_alias.py for tasks to queue
[2025-02-11T00:17:03.495-0300] {logging_mixin.py:190} INFO - [2025-02-11T00:17:03.495-0300] {dagbag.py:588} INFO - Filling up the DagBag from /home/felipe/lab/novamind-flow/.env/lib/python3.10/site-packages/airflow/example_dags/example_dataset_alias.py
[2025-02-11T00:17:03.514-0300] {processor.py:925} INFO - DAG(s) 'dataset_alias_example_alias_producer', 'dataset_s3_bucket_producer', 'dataset_alias_example_alias_consumer', 'dataset_s3_bucket_consumer' retrieved from /home/felipe/lab/novamind-flow/.env/lib/python3.10/site-packages/airflow/example_dags/example_dataset_alias.py
[2025-02-11T00:17:03.527-0300] {logging_mixin.py:190} INFO - [2025-02-11T00:17:03.526-0300] {dag.py:3239} INFO - Sync 4 DAGs
[2025-02-11T00:17:03.542-0300] {logging_mixin.py:190} INFO - [2025-02-11T00:17:03.542-0300] {dag.py:4180} INFO - Setting next_dagrun for dataset_alias_example_alias_consumer to None, run_after=None
[2025-02-11T00:17:03.543-0300] {logging_mixin.py:190} INFO - [2025-02-11T00:17:03.543-0300] {dag.py:4180} INFO - Setting next_dagrun for dataset_alias_example_alias_producer to None, run_after=None
[2025-02-11T00:17:03.544-0300] {logging_mixin.py:190} INFO - [2025-02-11T00:17:03.544-0300] {dag.py:4180} INFO - Setting next_dagrun for dataset_s3_bucket_consumer to None, run_after=None
[2025-02-11T00:17:03.544-0300] {logging_mixin.py:190} INFO - [2025-02-11T00:17:03.544-0300] {dag.py:4180} INFO - Setting next_dagrun for dataset_s3_bucket_producer to None, run_after=None
[2025-02-11T00:17:03.569-0300] {processor.py:208} INFO - Processing /home/felipe/lab/novamind-flow/.env/lib/python3.10/site-packages/airflow/example_dags/example_dataset_alias.py took 0.083 seconds
