[2025-02-11T00:15:28.972-0300] {processor.py:186} INFO - Started process (PID=71416) to work on /home/felipe/lab/novamind-flow/.env/lib/python3.10/site-packages/airflow/example_dags/example_sensor_decorator.py
[2025-02-11T00:15:28.972-0300] {processor.py:914} INFO - Processing file /home/felipe/lab/novamind-flow/.env/lib/python3.10/site-packages/airflow/example_dags/example_sensor_decorator.py for tasks to queue
[2025-02-11T00:15:28.974-0300] {logging_mixin.py:190} INFO - [2025-02-11T00:15:28.974-0300] {dagbag.py:588} INFO - Filling up the DagBag from /home/felipe/lab/novamind-flow/.env/lib/python3.10/site-packages/airflow/example_dags/example_sensor_decorator.py
[2025-02-11T00:15:28.981-0300] {processor.py:925} INFO - DAG(s) 'example_sensor_decorator' retrieved from /home/felipe/lab/novamind-flow/.env/lib/python3.10/site-packages/airflow/example_dags/example_sensor_decorator.py
[2025-02-11T00:15:29.141-0300] {logging_mixin.py:190} INFO - [2025-02-11T00:15:29.140-0300] {override.py:1930} INFO - Created Permission View: can delete on DAG:example_sensor_decorator
[2025-02-11T00:15:29.161-0300] {logging_mixin.py:190} INFO - [2025-02-11T00:15:29.161-0300] {override.py:1930} INFO - Created Permission View: can edit on DAG:example_sensor_decorator
[2025-02-11T00:15:29.175-0300] {logging_mixin.py:190} INFO - [2025-02-11T00:15:29.174-0300] {override.py:1930} INFO - Created Permission View: can read on DAG:example_sensor_decorator
[2025-02-11T00:15:29.198-0300] {logging_mixin.py:190} INFO - [2025-02-11T00:15:29.198-0300] {override.py:1930} INFO - Created Permission View: can delete on DAG Run:example_sensor_decorator
[2025-02-11T00:15:29.211-0300] {logging_mixin.py:190} INFO - [2025-02-11T00:15:29.211-0300] {override.py:1930} INFO - Created Permission View: can create on DAG Run:example_sensor_decorator
[2025-02-11T00:15:29.225-0300] {logging_mixin.py:190} INFO - [2025-02-11T00:15:29.225-0300] {override.py:1930} INFO - Created Permission View: menu access on DAG Run:example_sensor_decorator
[2025-02-11T00:15:29.238-0300] {logging_mixin.py:190} INFO - [2025-02-11T00:15:29.238-0300] {override.py:1930} INFO - Created Permission View: can read on DAG Run:example_sensor_decorator
[2025-02-11T00:15:29.238-0300] {logging_mixin.py:190} INFO - [2025-02-11T00:15:29.238-0300] {dag.py:3239} INFO - Sync 1 DAGs
[2025-02-11T00:15:29.246-0300] {logging_mixin.py:190} INFO - [2025-02-11T00:15:29.246-0300] {dag.py:3262} INFO - Creating ORM DAG for example_sensor_decorator
[2025-02-11T00:15:29.247-0300] {logging_mixin.py:190} INFO - [2025-02-11T00:15:29.246-0300] {dag.py:4180} INFO - Setting next_dagrun for example_sensor_decorator to None, run_after=None
[2025-02-11T00:15:29.267-0300] {processor.py:208} INFO - Processing /home/felipe/lab/novamind-flow/.env/lib/python3.10/site-packages/airflow/example_dags/example_sensor_decorator.py took 0.300 seconds
[2025-02-11T00:16:37.272-0300] {processor.py:186} INFO - Started process (PID=71566) to work on /home/felipe/lab/novamind-flow/.env/lib/python3.10/site-packages/airflow/example_dags/example_sensor_decorator.py
[2025-02-11T00:16:37.274-0300] {processor.py:914} INFO - Processing file /home/felipe/lab/novamind-flow/.env/lib/python3.10/site-packages/airflow/example_dags/example_sensor_decorator.py for tasks to queue
[2025-02-11T00:16:37.276-0300] {logging_mixin.py:190} INFO - [2025-02-11T00:16:37.276-0300] {dagbag.py:588} INFO - Filling up the DagBag from /home/felipe/lab/novamind-flow/.env/lib/python3.10/site-packages/airflow/example_dags/example_sensor_decorator.py
[2025-02-11T00:16:37.283-0300] {processor.py:925} INFO - DAG(s) 'example_sensor_decorator' retrieved from /home/felipe/lab/novamind-flow/.env/lib/python3.10/site-packages/airflow/example_dags/example_sensor_decorator.py
[2025-02-11T00:16:37.294-0300] {logging_mixin.py:190} INFO - [2025-02-11T00:16:37.294-0300] {dag.py:3239} INFO - Sync 1 DAGs
[2025-02-11T00:16:37.305-0300] {logging_mixin.py:190} INFO - [2025-02-11T00:16:37.304-0300] {dag.py:4180} INFO - Setting next_dagrun for example_sensor_decorator to None, run_after=None
[2025-02-11T00:16:37.329-0300] {processor.py:208} INFO - Processing /home/felipe/lab/novamind-flow/.env/lib/python3.10/site-packages/airflow/example_dags/example_sensor_decorator.py took 0.062 seconds
[2025-02-11T00:17:31.566-0300] {processor.py:186} INFO - Started process (PID=71909) to work on /home/felipe/lab/novamind-flow/.env/lib/python3.10/site-packages/airflow/example_dags/example_sensor_decorator.py
[2025-02-11T00:17:31.569-0300] {processor.py:914} INFO - Processing file /home/felipe/lab/novamind-flow/.env/lib/python3.10/site-packages/airflow/example_dags/example_sensor_decorator.py for tasks to queue
[2025-02-11T00:17:31.571-0300] {logging_mixin.py:190} INFO - [2025-02-11T00:17:31.571-0300] {dagbag.py:588} INFO - Filling up the DagBag from /home/felipe/lab/novamind-flow/.env/lib/python3.10/site-packages/airflow/example_dags/example_sensor_decorator.py
[2025-02-11T00:17:31.578-0300] {processor.py:925} INFO - DAG(s) 'example_sensor_decorator' retrieved from /home/felipe/lab/novamind-flow/.env/lib/python3.10/site-packages/airflow/example_dags/example_sensor_decorator.py
[2025-02-11T00:17:31.589-0300] {logging_mixin.py:190} INFO - [2025-02-11T00:17:31.589-0300] {dag.py:3239} INFO - Sync 1 DAGs
[2025-02-11T00:17:31.598-0300] {logging_mixin.py:190} INFO - [2025-02-11T00:17:31.598-0300] {dag.py:4180} INFO - Setting next_dagrun for example_sensor_decorator to None, run_after=None
[2025-02-11T00:17:31.620-0300] {processor.py:208} INFO - Processing /home/felipe/lab/novamind-flow/.env/lib/python3.10/site-packages/airflow/example_dags/example_sensor_decorator.py took 0.060 seconds
