[2025-02-11T00:15:35.470-0300] {processor.py:186} INFO - Started process (PID=71422) to work on /home/felipe/lab/novamind-flow/.env/lib/python3.10/site-packages/airflow/example_dags/example_skip_dag.py
[2025-02-11T00:15:35.470-0300] {processor.py:914} INFO - Processing file /home/felipe/lab/novamind-flow/.env/lib/python3.10/site-packages/airflow/example_dags/example_skip_dag.py for tasks to queue
[2025-02-11T00:15:35.472-0300] {logging_mixin.py:190} INFO - [2025-02-11T00:15:35.472-0300] {dagbag.py:588} INFO - Filling up the DagBag from /home/felipe/lab/novamind-flow/.env/lib/python3.10/site-packages/airflow/example_dags/example_skip_dag.py
[2025-02-11T00:15:35.478-0300] {processor.py:925} INFO - DAG(s) 'example_skip_dag' retrieved from /home/felipe/lab/novamind-flow/.env/lib/python3.10/site-packages/airflow/example_dags/example_skip_dag.py
[2025-02-11T00:15:35.634-0300] {logging_mixin.py:190} INFO - [2025-02-11T00:15:35.633-0300] {override.py:1930} INFO - Created Permission View: can delete on DAG:example_skip_dag
[2025-02-11T00:15:35.649-0300] {logging_mixin.py:190} INFO - [2025-02-11T00:15:35.649-0300] {override.py:1930} INFO - Created Permission View: can edit on DAG:example_skip_dag
[2025-02-11T00:15:35.662-0300] {logging_mixin.py:190} INFO - [2025-02-11T00:15:35.662-0300] {override.py:1930} INFO - Created Permission View: can read on DAG:example_skip_dag
[2025-02-11T00:15:35.685-0300] {logging_mixin.py:190} INFO - [2025-02-11T00:15:35.685-0300] {override.py:1930} INFO - Created Permission View: can delete on DAG Run:example_skip_dag
[2025-02-11T00:15:35.699-0300] {logging_mixin.py:190} INFO - [2025-02-11T00:15:35.698-0300] {override.py:1930} INFO - Created Permission View: can create on DAG Run:example_skip_dag
[2025-02-11T00:15:35.712-0300] {logging_mixin.py:190} INFO - [2025-02-11T00:15:35.711-0300] {override.py:1930} INFO - Created Permission View: menu access on DAG Run:example_skip_dag
[2025-02-11T00:15:35.725-0300] {logging_mixin.py:190} INFO - [2025-02-11T00:15:35.725-0300] {override.py:1930} INFO - Created Permission View: can read on DAG Run:example_skip_dag
[2025-02-11T00:15:35.726-0300] {logging_mixin.py:190} INFO - [2025-02-11T00:15:35.725-0300] {dag.py:3239} INFO - Sync 1 DAGs
[2025-02-11T00:15:35.734-0300] {logging_mixin.py:190} INFO - [2025-02-11T00:15:35.734-0300] {dag.py:3262} INFO - Creating ORM DAG for example_skip_dag
[2025-02-11T00:15:35.740-0300] {logging_mixin.py:190} INFO - [2025-02-11T00:15:35.739-0300] {dag.py:4180} INFO - Setting next_dagrun for example_skip_dag to 2025-02-10 00:00:00+00:00, run_after=2025-02-11 00:00:00+00:00
[2025-02-11T00:15:35.762-0300] {processor.py:208} INFO - Processing /home/felipe/lab/novamind-flow/.env/lib/python3.10/site-packages/airflow/example_dags/example_skip_dag.py took 0.298 seconds
[2025-02-11T00:16:43.225-0300] {processor.py:186} INFO - Started process (PID=71579) to work on /home/felipe/lab/novamind-flow/.env/lib/python3.10/site-packages/airflow/example_dags/example_skip_dag.py
[2025-02-11T00:16:43.227-0300] {processor.py:914} INFO - Processing file /home/felipe/lab/novamind-flow/.env/lib/python3.10/site-packages/airflow/example_dags/example_skip_dag.py for tasks to queue
[2025-02-11T00:16:43.229-0300] {logging_mixin.py:190} INFO - [2025-02-11T00:16:43.229-0300] {dagbag.py:588} INFO - Filling up the DagBag from /home/felipe/lab/novamind-flow/.env/lib/python3.10/site-packages/airflow/example_dags/example_skip_dag.py
[2025-02-11T00:16:43.236-0300] {processor.py:925} INFO - DAG(s) 'example_skip_dag' retrieved from /home/felipe/lab/novamind-flow/.env/lib/python3.10/site-packages/airflow/example_dags/example_skip_dag.py
[2025-02-11T00:16:43.251-0300] {logging_mixin.py:190} INFO - [2025-02-11T00:16:43.251-0300] {dag.py:3239} INFO - Sync 1 DAGs
[2025-02-11T00:16:43.268-0300] {logging_mixin.py:190} INFO - [2025-02-11T00:16:43.268-0300] {dag.py:4180} INFO - Setting next_dagrun for example_skip_dag to 2025-02-10 00:00:00+00:00, run_after=2025-02-11 00:00:00+00:00
[2025-02-11T00:16:43.297-0300] {processor.py:208} INFO - Processing /home/felipe/lab/novamind-flow/.env/lib/python3.10/site-packages/airflow/example_dags/example_skip_dag.py took 0.077 seconds
[2025-02-11T00:17:37.997-0300] {processor.py:186} INFO - Started process (PID=71918) to work on /home/felipe/lab/novamind-flow/.env/lib/python3.10/site-packages/airflow/example_dags/example_skip_dag.py
[2025-02-11T00:17:37.999-0300] {processor.py:914} INFO - Processing file /home/felipe/lab/novamind-flow/.env/lib/python3.10/site-packages/airflow/example_dags/example_skip_dag.py for tasks to queue
[2025-02-11T00:17:38.001-0300] {logging_mixin.py:190} INFO - [2025-02-11T00:17:38.001-0300] {dagbag.py:588} INFO - Filling up the DagBag from /home/felipe/lab/novamind-flow/.env/lib/python3.10/site-packages/airflow/example_dags/example_skip_dag.py
[2025-02-11T00:17:38.008-0300] {processor.py:925} INFO - DAG(s) 'example_skip_dag' retrieved from /home/felipe/lab/novamind-flow/.env/lib/python3.10/site-packages/airflow/example_dags/example_skip_dag.py
[2025-02-11T00:17:38.022-0300] {logging_mixin.py:190} INFO - [2025-02-11T00:17:38.021-0300] {dag.py:3239} INFO - Sync 1 DAGs
[2025-02-11T00:17:38.036-0300] {logging_mixin.py:190} INFO - [2025-02-11T00:17:38.036-0300] {dag.py:4180} INFO - Setting next_dagrun for example_skip_dag to 2025-02-10 00:00:00+00:00, run_after=2025-02-11 00:00:00+00:00
[2025-02-11T00:17:38.059-0300] {processor.py:208} INFO - Processing /home/felipe/lab/novamind-flow/.env/lib/python3.10/site-packages/airflow/example_dags/example_skip_dag.py took 0.066 seconds
