[2025-02-11T00:15:44.422-0300] {processor.py:186} INFO - Started process (PID=71429) to work on /home/felipe/lab/novamind-flow/.env/lib/python3.10/site-packages/airflow/example_dags/example_outlet_event_extra.py
[2025-02-11T00:15:44.423-0300] {processor.py:914} INFO - Processing file /home/felipe/lab/novamind-flow/.env/lib/python3.10/site-packages/airflow/example_dags/example_outlet_event_extra.py for tasks to queue
[2025-02-11T00:15:44.425-0300] {logging_mixin.py:190} INFO - [2025-02-11T00:15:44.424-0300] {dagbag.py:588} INFO - Filling up the DagBag from /home/felipe/lab/novamind-flow/.env/lib/python3.10/site-packages/airflow/example_dags/example_outlet_event_extra.py
[2025-02-11T00:15:44.436-0300] {processor.py:925} INFO - DAG(s) 'dataset_with_extra_by_context', 'dataset_with_extra_from_classic_operator', 'dataset_with_extra_by_yield' retrieved from /home/felipe/lab/novamind-flow/.env/lib/python3.10/site-packages/airflow/example_dags/example_outlet_event_extra.py
[2025-02-11T00:15:44.594-0300] {logging_mixin.py:190} INFO - [2025-02-11T00:15:44.593-0300] {override.py:1930} INFO - Created Permission View: can delete on DAG:dataset_with_extra_by_context
[2025-02-11T00:15:44.610-0300] {logging_mixin.py:190} INFO - [2025-02-11T00:15:44.610-0300] {override.py:1930} INFO - Created Permission View: can edit on DAG:dataset_with_extra_by_context
[2025-02-11T00:15:44.624-0300] {logging_mixin.py:190} INFO - [2025-02-11T00:15:44.623-0300] {override.py:1930} INFO - Created Permission View: can read on DAG:dataset_with_extra_by_context
[2025-02-11T00:15:44.647-0300] {logging_mixin.py:190} INFO - [2025-02-11T00:15:44.647-0300] {override.py:1930} INFO - Created Permission View: can delete on DAG Run:dataset_with_extra_by_context
[2025-02-11T00:15:44.660-0300] {logging_mixin.py:190} INFO - [2025-02-11T00:15:44.659-0300] {override.py:1930} INFO - Created Permission View: can create on DAG Run:dataset_with_extra_by_context
[2025-02-11T00:15:44.673-0300] {logging_mixin.py:190} INFO - [2025-02-11T00:15:44.673-0300] {override.py:1930} INFO - Created Permission View: menu access on DAG Run:dataset_with_extra_by_context
[2025-02-11T00:15:44.686-0300] {logging_mixin.py:190} INFO - [2025-02-11T00:15:44.685-0300] {override.py:1930} INFO - Created Permission View: can read on DAG Run:dataset_with_extra_by_context
[2025-02-11T00:15:44.716-0300] {logging_mixin.py:190} INFO - [2025-02-11T00:15:44.716-0300] {override.py:1930} INFO - Created Permission View: can delete on DAG:dataset_with_extra_from_classic_operator
[2025-02-11T00:15:44.729-0300] {logging_mixin.py:190} INFO - [2025-02-11T00:15:44.729-0300] {override.py:1930} INFO - Created Permission View: can edit on DAG:dataset_with_extra_from_classic_operator
[2025-02-11T00:15:44.743-0300] {logging_mixin.py:190} INFO - [2025-02-11T00:15:44.742-0300] {override.py:1930} INFO - Created Permission View: can read on DAG:dataset_with_extra_from_classic_operator
[2025-02-11T00:15:44.768-0300] {logging_mixin.py:190} INFO - [2025-02-11T00:15:44.768-0300] {override.py:1930} INFO - Created Permission View: can delete on DAG Run:dataset_with_extra_from_classic_operator
[2025-02-11T00:15:44.782-0300] {logging_mixin.py:190} INFO - [2025-02-11T00:15:44.781-0300] {override.py:1930} INFO - Created Permission View: can create on DAG Run:dataset_with_extra_from_classic_operator
[2025-02-11T00:15:44.795-0300] {logging_mixin.py:190} INFO - [2025-02-11T00:15:44.795-0300] {override.py:1930} INFO - Created Permission View: menu access on DAG Run:dataset_with_extra_from_classic_operator
[2025-02-11T00:15:44.807-0300] {logging_mixin.py:190} INFO - [2025-02-11T00:15:44.807-0300] {override.py:1930} INFO - Created Permission View: can read on DAG Run:dataset_with_extra_from_classic_operator
[2025-02-11T00:15:44.838-0300] {logging_mixin.py:190} INFO - [2025-02-11T00:15:44.838-0300] {override.py:1930} INFO - Created Permission View: can delete on DAG:dataset_with_extra_by_yield
[2025-02-11T00:15:44.851-0300] {logging_mixin.py:190} INFO - [2025-02-11T00:15:44.851-0300] {override.py:1930} INFO - Created Permission View: can edit on DAG:dataset_with_extra_by_yield
[2025-02-11T00:15:44.863-0300] {logging_mixin.py:190} INFO - [2025-02-11T00:15:44.863-0300] {override.py:1930} INFO - Created Permission View: can read on DAG:dataset_with_extra_by_yield
[2025-02-11T00:15:44.887-0300] {logging_mixin.py:190} INFO - [2025-02-11T00:15:44.886-0300] {override.py:1930} INFO - Created Permission View: can delete on DAG Run:dataset_with_extra_by_yield
[2025-02-11T00:15:44.900-0300] {logging_mixin.py:190} INFO - [2025-02-11T00:15:44.899-0300] {override.py:1930} INFO - Created Permission View: can create on DAG Run:dataset_with_extra_by_yield
[2025-02-11T00:15:44.913-0300] {logging_mixin.py:190} INFO - [2025-02-11T00:15:44.913-0300] {override.py:1930} INFO - Created Permission View: menu access on DAG Run:dataset_with_extra_by_yield
[2025-02-11T00:15:44.926-0300] {logging_mixin.py:190} INFO - [2025-02-11T00:15:44.926-0300] {override.py:1930} INFO - Created Permission View: can read on DAG Run:dataset_with_extra_by_yield
[2025-02-11T00:15:44.926-0300] {logging_mixin.py:190} INFO - [2025-02-11T00:15:44.926-0300] {dag.py:3239} INFO - Sync 3 DAGs
[2025-02-11T00:15:44.933-0300] {logging_mixin.py:190} INFO - [2025-02-11T00:15:44.933-0300] {dag.py:3262} INFO - Creating ORM DAG for dataset_with_extra_from_classic_operator
[2025-02-11T00:15:44.934-0300] {logging_mixin.py:190} INFO - [2025-02-11T00:15:44.934-0300] {dag.py:3262} INFO - Creating ORM DAG for dataset_with_extra_by_context
[2025-02-11T00:15:44.934-0300] {logging_mixin.py:190} INFO - [2025-02-11T00:15:44.934-0300] {dag.py:3262} INFO - Creating ORM DAG for dataset_with_extra_by_yield
[2025-02-11T00:15:44.939-0300] {logging_mixin.py:190} INFO - [2025-02-11T00:15:44.939-0300] {dag.py:4180} INFO - Setting next_dagrun for dataset_with_extra_by_context to 2025-02-10 00:00:00+00:00, run_after=2025-02-11 00:00:00+00:00
[2025-02-11T00:15:44.940-0300] {logging_mixin.py:190} INFO - [2025-02-11T00:15:44.940-0300] {dag.py:4180} INFO - Setting next_dagrun for dataset_with_extra_by_yield to 2025-02-10 00:00:00+00:00, run_after=2025-02-11 00:00:00+00:00
[2025-02-11T00:15:44.941-0300] {logging_mixin.py:190} INFO - [2025-02-11T00:15:44.941-0300] {dag.py:4180} INFO - Setting next_dagrun for dataset_with_extra_from_classic_operator to 2025-02-10 00:00:00+00:00, run_after=2025-02-11 00:00:00+00:00
[2025-02-11T00:15:44.967-0300] {processor.py:208} INFO - Processing /home/felipe/lab/novamind-flow/.env/lib/python3.10/site-packages/airflow/example_dags/example_outlet_event_extra.py took 0.550 seconds
[2025-02-11T00:16:49.306-0300] {processor.py:186} INFO - Started process (PID=71587) to work on /home/felipe/lab/novamind-flow/.env/lib/python3.10/site-packages/airflow/example_dags/example_outlet_event_extra.py
[2025-02-11T00:16:49.308-0300] {processor.py:914} INFO - Processing file /home/felipe/lab/novamind-flow/.env/lib/python3.10/site-packages/airflow/example_dags/example_outlet_event_extra.py for tasks to queue
[2025-02-11T00:16:49.310-0300] {logging_mixin.py:190} INFO - [2025-02-11T00:16:49.309-0300] {dagbag.py:588} INFO - Filling up the DagBag from /home/felipe/lab/novamind-flow/.env/lib/python3.10/site-packages/airflow/example_dags/example_outlet_event_extra.py
[2025-02-11T00:16:49.320-0300] {processor.py:925} INFO - DAG(s) 'dataset_with_extra_by_context', 'dataset_with_extra_from_classic_operator', 'dataset_with_extra_by_yield' retrieved from /home/felipe/lab/novamind-flow/.env/lib/python3.10/site-packages/airflow/example_dags/example_outlet_event_extra.py
[2025-02-11T00:16:49.336-0300] {logging_mixin.py:190} INFO - [2025-02-11T00:16:49.335-0300] {dag.py:3239} INFO - Sync 3 DAGs
[2025-02-11T00:16:49.352-0300] {logging_mixin.py:190} INFO - [2025-02-11T00:16:49.352-0300] {dag.py:4180} INFO - Setting next_dagrun for dataset_with_extra_by_context to 2025-02-10 00:00:00+00:00, run_after=2025-02-11 00:00:00+00:00
[2025-02-11T00:16:49.355-0300] {logging_mixin.py:190} INFO - [2025-02-11T00:16:49.355-0300] {dag.py:4180} INFO - Setting next_dagrun for dataset_with_extra_by_yield to 2025-02-10 00:00:00+00:00, run_after=2025-02-11 00:00:00+00:00
[2025-02-11T00:16:49.356-0300] {logging_mixin.py:190} INFO - [2025-02-11T00:16:49.356-0300] {dag.py:4180} INFO - Setting next_dagrun for dataset_with_extra_from_classic_operator to 2025-02-10 00:00:00+00:00, run_after=2025-02-11 00:00:00+00:00
[2025-02-11T00:16:49.378-0300] {processor.py:208} INFO - Processing /home/felipe/lab/novamind-flow/.env/lib/python3.10/site-packages/airflow/example_dags/example_outlet_event_extra.py took 0.078 seconds
