[2025-02-11T00:15:51.208-0300] {processor.py:186} INFO - Started process (PID=71443) to work on /home/felipe/lab/novamind-flow/.env/lib/python3.10/site-packages/airflow/example_dags/example_dynamic_task_mapping_with_no_taskflow_operators.py
[2025-02-11T00:15:51.208-0300] {processor.py:914} INFO - Processing file /home/felipe/lab/novamind-flow/.env/lib/python3.10/site-packages/airflow/example_dags/example_dynamic_task_mapping_with_no_taskflow_operators.py for tasks to queue
[2025-02-11T00:15:51.210-0300] {logging_mixin.py:190} INFO - [2025-02-11T00:15:51.210-0300] {dagbag.py:588} INFO - Filling up the DagBag from /home/felipe/lab/novamind-flow/.env/lib/python3.10/site-packages/airflow/example_dags/example_dynamic_task_mapping_with_no_taskflow_operators.py
[2025-02-11T00:15:51.217-0300] {processor.py:925} INFO - DAG(s) 'example_dynamic_task_mapping_with_no_taskflow_operators' retrieved from /home/felipe/lab/novamind-flow/.env/lib/python3.10/site-packages/airflow/example_dags/example_dynamic_task_mapping_with_no_taskflow_operators.py
[2025-02-11T00:15:51.384-0300] {logging_mixin.py:190} INFO - [2025-02-11T00:15:51.383-0300] {override.py:1930} INFO - Created Permission View: can delete on DAG:example_dynamic_task_mapping_with_no_taskflow_operators
[2025-02-11T00:15:51.400-0300] {logging_mixin.py:190} INFO - [2025-02-11T00:15:51.399-0300] {override.py:1930} INFO - Created Permission View: can edit on DAG:example_dynamic_task_mapping_with_no_taskflow_operators
[2025-02-11T00:15:51.414-0300] {logging_mixin.py:190} INFO - [2025-02-11T00:15:51.413-0300] {override.py:1930} INFO - Created Permission View: can read on DAG:example_dynamic_task_mapping_with_no_taskflow_operators
[2025-02-11T00:15:51.439-0300] {logging_mixin.py:190} INFO - [2025-02-11T00:15:51.438-0300] {override.py:1930} INFO - Created Permission View: can delete on DAG Run:example_dynamic_task_mapping_with_no_taskflow_operators
[2025-02-11T00:15:51.452-0300] {logging_mixin.py:190} INFO - [2025-02-11T00:15:51.452-0300] {override.py:1930} INFO - Created Permission View: can create on DAG Run:example_dynamic_task_mapping_with_no_taskflow_operators
[2025-02-11T00:15:51.466-0300] {logging_mixin.py:190} INFO - [2025-02-11T00:15:51.465-0300] {override.py:1930} INFO - Created Permission View: menu access on DAG Run:example_dynamic_task_mapping_with_no_taskflow_operators
[2025-02-11T00:15:51.481-0300] {logging_mixin.py:190} INFO - [2025-02-11T00:15:51.480-0300] {override.py:1930} INFO - Created Permission View: can read on DAG Run:example_dynamic_task_mapping_with_no_taskflow_operators
[2025-02-11T00:15:51.481-0300] {logging_mixin.py:190} INFO - [2025-02-11T00:15:51.481-0300] {dag.py:3239} INFO - Sync 1 DAGs
[2025-02-11T00:15:51.488-0300] {logging_mixin.py:190} INFO - [2025-02-11T00:15:51.488-0300] {dag.py:3262} INFO - Creating ORM DAG for example_dynamic_task_mapping_with_no_taskflow_operators
[2025-02-11T00:15:51.489-0300] {logging_mixin.py:190} INFO - [2025-02-11T00:15:51.489-0300] {dag.py:4180} INFO - Setting next_dagrun for example_dynamic_task_mapping_with_no_taskflow_operators to None, run_after=None
[2025-02-11T00:15:51.509-0300] {processor.py:208} INFO - Processing /home/felipe/lab/novamind-flow/.env/lib/python3.10/site-packages/airflow/example_dags/example_dynamic_task_mapping_with_no_taskflow_operators.py took 0.306 seconds
[2025-02-11T00:16:58.947-0300] {processor.py:186} INFO - Started process (PID=71597) to work on /home/felipe/lab/novamind-flow/.env/lib/python3.10/site-packages/airflow/example_dags/example_dynamic_task_mapping_with_no_taskflow_operators.py
[2025-02-11T00:16:58.950-0300] {processor.py:914} INFO - Processing file /home/felipe/lab/novamind-flow/.env/lib/python3.10/site-packages/airflow/example_dags/example_dynamic_task_mapping_with_no_taskflow_operators.py for tasks to queue
[2025-02-11T00:16:58.951-0300] {logging_mixin.py:190} INFO - [2025-02-11T00:16:58.951-0300] {dagbag.py:588} INFO - Filling up the DagBag from /home/felipe/lab/novamind-flow/.env/lib/python3.10/site-packages/airflow/example_dags/example_dynamic_task_mapping_with_no_taskflow_operators.py
[2025-02-11T00:16:58.958-0300] {processor.py:925} INFO - DAG(s) 'example_dynamic_task_mapping_with_no_taskflow_operators' retrieved from /home/felipe/lab/novamind-flow/.env/lib/python3.10/site-packages/airflow/example_dags/example_dynamic_task_mapping_with_no_taskflow_operators.py
[2025-02-11T00:16:58.974-0300] {logging_mixin.py:190} INFO - [2025-02-11T00:16:58.974-0300] {dag.py:3239} INFO - Sync 1 DAGs
[2025-02-11T00:16:58.986-0300] {logging_mixin.py:190} INFO - [2025-02-11T00:16:58.986-0300] {dag.py:4180} INFO - Setting next_dagrun for example_dynamic_task_mapping_with_no_taskflow_operators to None, run_after=None
[2025-02-11T00:16:59.011-0300] {processor.py:208} INFO - Processing /home/felipe/lab/novamind-flow/.env/lib/python3.10/site-packages/airflow/example_dags/example_dynamic_task_mapping_with_no_taskflow_operators.py took 0.069 seconds
