[2025-02-11T00:15:49.771-0300] {processor.py:186} INFO - Started process (PID=71433) to work on /home/felipe/lab/novamind-flow/.env/lib/python3.10/site-packages/airflow/example_dags/example_latest_only.py
[2025-02-11T00:15:49.772-0300] {processor.py:914} INFO - Processing file /home/felipe/lab/novamind-flow/.env/lib/python3.10/site-packages/airflow/example_dags/example_latest_only.py for tasks to queue
[2025-02-11T00:15:49.773-0300] {logging_mixin.py:190} INFO - [2025-02-11T00:15:49.773-0300] {dagbag.py:588} INFO - Filling up the DagBag from /home/felipe/lab/novamind-flow/.env/lib/python3.10/site-packages/airflow/example_dags/example_latest_only.py
[2025-02-11T00:15:49.779-0300] {processor.py:925} INFO - DAG(s) 'latest_only' retrieved from /home/felipe/lab/novamind-flow/.env/lib/python3.10/site-packages/airflow/example_dags/example_latest_only.py
[2025-02-11T00:15:49.949-0300] {logging_mixin.py:190} INFO - [2025-02-11T00:15:49.948-0300] {override.py:1930} INFO - Created Permission View: can delete on DAG:latest_only
[2025-02-11T00:15:49.964-0300] {logging_mixin.py:190} INFO - [2025-02-11T00:15:49.964-0300] {override.py:1930} INFO - Created Permission View: can edit on DAG:latest_only
[2025-02-11T00:15:49.978-0300] {logging_mixin.py:190} INFO - [2025-02-11T00:15:49.977-0300] {override.py:1930} INFO - Created Permission View: can read on DAG:latest_only
[2025-02-11T00:15:50.001-0300] {logging_mixin.py:190} INFO - [2025-02-11T00:15:50.000-0300] {override.py:1930} INFO - Created Permission View: can delete on DAG Run:latest_only
[2025-02-11T00:15:50.014-0300] {logging_mixin.py:190} INFO - [2025-02-11T00:15:50.013-0300] {override.py:1930} INFO - Created Permission View: can create on DAG Run:latest_only
[2025-02-11T00:15:50.027-0300] {logging_mixin.py:190} INFO - [2025-02-11T00:15:50.027-0300] {override.py:1930} INFO - Created Permission View: menu access on DAG Run:latest_only
[2025-02-11T00:15:50.040-0300] {logging_mixin.py:190} INFO - [2025-02-11T00:15:50.040-0300] {override.py:1930} INFO - Created Permission View: can read on DAG Run:latest_only
[2025-02-11T00:15:50.041-0300] {logging_mixin.py:190} INFO - [2025-02-11T00:15:50.041-0300] {dag.py:3239} INFO - Sync 1 DAGs
[2025-02-11T00:15:50.049-0300] {logging_mixin.py:190} INFO - [2025-02-11T00:15:50.049-0300] {dag.py:3262} INFO - Creating ORM DAG for latest_only
[2025-02-11T00:15:50.054-0300] {logging_mixin.py:190} INFO - [2025-02-11T00:15:50.054-0300] {dag.py:4180} INFO - Setting next_dagrun for latest_only to 2025-02-10 20:00:00+00:00, run_after=2025-02-11 00:00:00+00:00
[2025-02-11T00:15:50.096-0300] {processor.py:208} INFO - Processing /home/felipe/lab/novamind-flow/.env/lib/python3.10/site-packages/airflow/example_dags/example_latest_only.py took 0.330 seconds
[2025-02-11T00:16:58.672-0300] {processor.py:186} INFO - Started process (PID=71596) to work on /home/felipe/lab/novamind-flow/.env/lib/python3.10/site-packages/airflow/example_dags/example_latest_only.py
[2025-02-11T00:16:58.674-0300] {processor.py:914} INFO - Processing file /home/felipe/lab/novamind-flow/.env/lib/python3.10/site-packages/airflow/example_dags/example_latest_only.py for tasks to queue
[2025-02-11T00:16:58.676-0300] {logging_mixin.py:190} INFO - [2025-02-11T00:16:58.675-0300] {dagbag.py:588} INFO - Filling up the DagBag from /home/felipe/lab/novamind-flow/.env/lib/python3.10/site-packages/airflow/example_dags/example_latest_only.py
[2025-02-11T00:16:58.681-0300] {processor.py:925} INFO - DAG(s) 'latest_only' retrieved from /home/felipe/lab/novamind-flow/.env/lib/python3.10/site-packages/airflow/example_dags/example_latest_only.py
[2025-02-11T00:16:58.693-0300] {logging_mixin.py:190} INFO - [2025-02-11T00:16:58.693-0300] {dag.py:3239} INFO - Sync 1 DAGs
[2025-02-11T00:16:58.707-0300] {logging_mixin.py:190} INFO - [2025-02-11T00:16:58.707-0300] {dag.py:4180} INFO - Setting next_dagrun for latest_only to 2025-02-10 20:00:00+00:00, run_after=2025-02-11 00:00:00+00:00
[2025-02-11T00:16:58.730-0300] {processor.py:208} INFO - Processing /home/felipe/lab/novamind-flow/.env/lib/python3.10/site-packages/airflow/example_dags/example_latest_only.py took 0.064 seconds
