[2025-02-11T00:15:36.827-0300] {processor.py:186} INFO - Started process (PID=71423) to work on /home/felipe/lab/novamind-flow/.env/lib/python3.10/site-packages/airflow/example_dags/example_nested_branch_dag.py
[2025-02-11T00:15:36.828-0300] {processor.py:914} INFO - Processing file /home/felipe/lab/novamind-flow/.env/lib/python3.10/site-packages/airflow/example_dags/example_nested_branch_dag.py for tasks to queue
[2025-02-11T00:15:36.830-0300] {logging_mixin.py:190} INFO - [2025-02-11T00:15:36.830-0300] {dagbag.py:588} INFO - Filling up the DagBag from /home/felipe/lab/novamind-flow/.env/lib/python3.10/site-packages/airflow/example_dags/example_nested_branch_dag.py
[2025-02-11T00:15:36.843-0300] {processor.py:925} INFO - DAG(s) 'example_nested_branch_dag' retrieved from /home/felipe/lab/novamind-flow/.env/lib/python3.10/site-packages/airflow/example_dags/example_nested_branch_dag.py
[2025-02-11T00:15:37.023-0300] {logging_mixin.py:190} INFO - [2025-02-11T00:15:37.022-0300] {override.py:1930} INFO - Created Permission View: can delete on DAG:example_nested_branch_dag
[2025-02-11T00:15:37.038-0300] {logging_mixin.py:190} INFO - [2025-02-11T00:15:37.038-0300] {override.py:1930} INFO - Created Permission View: can edit on DAG:example_nested_branch_dag
[2025-02-11T00:15:37.051-0300] {logging_mixin.py:190} INFO - [2025-02-11T00:15:37.051-0300] {override.py:1930} INFO - Created Permission View: can read on DAG:example_nested_branch_dag
[2025-02-11T00:15:37.074-0300] {logging_mixin.py:190} INFO - [2025-02-11T00:15:37.074-0300] {override.py:1930} INFO - Created Permission View: can delete on DAG Run:example_nested_branch_dag
[2025-02-11T00:15:37.087-0300] {logging_mixin.py:190} INFO - [2025-02-11T00:15:37.087-0300] {override.py:1930} INFO - Created Permission View: can create on DAG Run:example_nested_branch_dag
[2025-02-11T00:15:37.101-0300] {logging_mixin.py:190} INFO - [2025-02-11T00:15:37.100-0300] {override.py:1930} INFO - Created Permission View: menu access on DAG Run:example_nested_branch_dag
[2025-02-11T00:15:37.114-0300] {logging_mixin.py:190} INFO - [2025-02-11T00:15:37.114-0300] {override.py:1930} INFO - Created Permission View: can read on DAG Run:example_nested_branch_dag
[2025-02-11T00:15:37.115-0300] {logging_mixin.py:190} INFO - [2025-02-11T00:15:37.115-0300] {dag.py:3239} INFO - Sync 1 DAGs
[2025-02-11T00:15:37.123-0300] {logging_mixin.py:190} INFO - [2025-02-11T00:15:37.123-0300] {dag.py:3262} INFO - Creating ORM DAG for example_nested_branch_dag
[2025-02-11T00:15:37.129-0300] {logging_mixin.py:190} INFO - [2025-02-11T00:15:37.129-0300] {dag.py:4180} INFO - Setting next_dagrun for example_nested_branch_dag to 2025-02-10 00:00:00+00:00, run_after=2025-02-11 00:00:00+00:00
[2025-02-11T00:15:37.152-0300] {processor.py:208} INFO - Processing /home/felipe/lab/novamind-flow/.env/lib/python3.10/site-packages/airflow/example_dags/example_nested_branch_dag.py took 0.332 seconds
[2025-02-11T00:16:44.152-0300] {processor.py:186} INFO - Started process (PID=71580) to work on /home/felipe/lab/novamind-flow/.env/lib/python3.10/site-packages/airflow/example_dags/example_nested_branch_dag.py
[2025-02-11T00:16:44.154-0300] {processor.py:914} INFO - Processing file /home/felipe/lab/novamind-flow/.env/lib/python3.10/site-packages/airflow/example_dags/example_nested_branch_dag.py for tasks to queue
[2025-02-11T00:16:44.157-0300] {logging_mixin.py:190} INFO - [2025-02-11T00:16:44.156-0300] {dagbag.py:588} INFO - Filling up the DagBag from /home/felipe/lab/novamind-flow/.env/lib/python3.10/site-packages/airflow/example_dags/example_nested_branch_dag.py
[2025-02-11T00:16:44.165-0300] {processor.py:925} INFO - DAG(s) 'example_nested_branch_dag' retrieved from /home/felipe/lab/novamind-flow/.env/lib/python3.10/site-packages/airflow/example_dags/example_nested_branch_dag.py
[2025-02-11T00:16:44.178-0300] {logging_mixin.py:190} INFO - [2025-02-11T00:16:44.178-0300] {dag.py:3239} INFO - Sync 1 DAGs
[2025-02-11T00:16:44.193-0300] {logging_mixin.py:190} INFO - [2025-02-11T00:16:44.193-0300] {dag.py:4180} INFO - Setting next_dagrun for example_nested_branch_dag to 2025-02-10 00:00:00+00:00, run_after=2025-02-11 00:00:00+00:00
[2025-02-11T00:16:44.215-0300] {processor.py:208} INFO - Processing /home/felipe/lab/novamind-flow/.env/lib/python3.10/site-packages/airflow/example_dags/example_nested_branch_dag.py took 0.067 seconds
[2025-02-11T00:17:39.129-0300] {processor.py:186} INFO - Started process (PID=71920) to work on /home/felipe/lab/novamind-flow/.env/lib/python3.10/site-packages/airflow/example_dags/example_nested_branch_dag.py
[2025-02-11T00:17:39.132-0300] {processor.py:914} INFO - Processing file /home/felipe/lab/novamind-flow/.env/lib/python3.10/site-packages/airflow/example_dags/example_nested_branch_dag.py for tasks to queue
[2025-02-11T00:17:39.133-0300] {logging_mixin.py:190} INFO - [2025-02-11T00:17:39.133-0300] {dagbag.py:588} INFO - Filling up the DagBag from /home/felipe/lab/novamind-flow/.env/lib/python3.10/site-packages/airflow/example_dags/example_nested_branch_dag.py
[2025-02-11T00:17:39.142-0300] {processor.py:925} INFO - DAG(s) 'example_nested_branch_dag' retrieved from /home/felipe/lab/novamind-flow/.env/lib/python3.10/site-packages/airflow/example_dags/example_nested_branch_dag.py
[2025-02-11T00:17:39.154-0300] {logging_mixin.py:190} INFO - [2025-02-11T00:17:39.154-0300] {dag.py:3239} INFO - Sync 1 DAGs
[2025-02-11T00:17:39.170-0300] {logging_mixin.py:190} INFO - [2025-02-11T00:17:39.170-0300] {dag.py:4180} INFO - Setting next_dagrun for example_nested_branch_dag to 2025-02-10 00:00:00+00:00, run_after=2025-02-11 00:00:00+00:00
[2025-02-11T00:17:39.191-0300] {processor.py:208} INFO - Processing /home/felipe/lab/novamind-flow/.env/lib/python3.10/site-packages/airflow/example_dags/example_nested_branch_dag.py took 0.067 seconds
