[2025-02-11T00:15:31.471-0300] {processor.py:186} INFO - Started process (PID=71419) to work on /home/felipe/lab/novamind-flow/.env/lib/python3.10/site-packages/airflow/example_dags/example_sla_dag.py
[2025-02-11T00:15:31.472-0300] {processor.py:914} INFO - Processing file /home/felipe/lab/novamind-flow/.env/lib/python3.10/site-packages/airflow/example_dags/example_sla_dag.py for tasks to queue
[2025-02-11T00:15:31.473-0300] {logging_mixin.py:190} INFO - [2025-02-11T00:15:31.473-0300] {dagbag.py:588} INFO - Filling up the DagBag from /home/felipe/lab/novamind-flow/.env/lib/python3.10/site-packages/airflow/example_dags/example_sla_dag.py
[2025-02-11T00:15:31.482-0300] {processor.py:925} INFO - DAG(s) 'example_sla_dag' retrieved from /home/felipe/lab/novamind-flow/.env/lib/python3.10/site-packages/airflow/example_dags/example_sla_dag.py
[2025-02-11T00:15:31.645-0300] {logging_mixin.py:190} INFO - [2025-02-11T00:15:31.644-0300] {override.py:1930} INFO - Created Permission View: can delete on DAG:example_sla_dag
[2025-02-11T00:15:31.661-0300] {logging_mixin.py:190} INFO - [2025-02-11T00:15:31.660-0300] {override.py:1930} INFO - Created Permission View: can edit on DAG:example_sla_dag
[2025-02-11T00:15:31.676-0300] {logging_mixin.py:190} INFO - [2025-02-11T00:15:31.675-0300] {override.py:1930} INFO - Created Permission View: can read on DAG:example_sla_dag
[2025-02-11T00:15:31.699-0300] {logging_mixin.py:190} INFO - [2025-02-11T00:15:31.699-0300] {override.py:1930} INFO - Created Permission View: can delete on DAG Run:example_sla_dag
[2025-02-11T00:15:31.712-0300] {logging_mixin.py:190} INFO - [2025-02-11T00:15:31.712-0300] {override.py:1930} INFO - Created Permission View: can create on DAG Run:example_sla_dag
[2025-02-11T00:15:31.725-0300] {logging_mixin.py:190} INFO - [2025-02-11T00:15:31.725-0300] {override.py:1930} INFO - Created Permission View: menu access on DAG Run:example_sla_dag
[2025-02-11T00:15:31.739-0300] {logging_mixin.py:190} INFO - [2025-02-11T00:15:31.739-0300] {override.py:1930} INFO - Created Permission View: can read on DAG Run:example_sla_dag
[2025-02-11T00:15:31.740-0300] {logging_mixin.py:190} INFO - [2025-02-11T00:15:31.740-0300] {dag.py:3239} INFO - Sync 1 DAGs
[2025-02-11T00:15:31.751-0300] {logging_mixin.py:190} INFO - [2025-02-11T00:15:31.751-0300] {dag.py:3262} INFO - Creating ORM DAG for example_sla_dag
[2025-02-11T00:15:31.760-0300] {logging_mixin.py:190} INFO - [2025-02-11T00:15:31.759-0300] {dag.py:4180} INFO - Setting next_dagrun for example_sla_dag to 2025-02-11 03:12:00+00:00, run_after=2025-02-11 03:14:00+00:00
[2025-02-11T00:15:31.782-0300] {processor.py:208} INFO - Processing /home/felipe/lab/novamind-flow/.env/lib/python3.10/site-packages/airflow/example_dags/example_sla_dag.py took 0.316 seconds
[2025-02-11T00:16:40.153-0300] {processor.py:186} INFO - Started process (PID=71576) to work on /home/felipe/lab/novamind-flow/.env/lib/python3.10/site-packages/airflow/example_dags/example_sla_dag.py
[2025-02-11T00:16:40.155-0300] {processor.py:914} INFO - Processing file /home/felipe/lab/novamind-flow/.env/lib/python3.10/site-packages/airflow/example_dags/example_sla_dag.py for tasks to queue
[2025-02-11T00:16:40.157-0300] {logging_mixin.py:190} INFO - [2025-02-11T00:16:40.157-0300] {dagbag.py:588} INFO - Filling up the DagBag from /home/felipe/lab/novamind-flow/.env/lib/python3.10/site-packages/airflow/example_dags/example_sla_dag.py
[2025-02-11T00:16:40.166-0300] {processor.py:925} INFO - DAG(s) 'example_sla_dag' retrieved from /home/felipe/lab/novamind-flow/.env/lib/python3.10/site-packages/airflow/example_dags/example_sla_dag.py
[2025-02-11T00:16:40.179-0300] {logging_mixin.py:190} INFO - [2025-02-11T00:16:40.179-0300] {dag.py:3239} INFO - Sync 1 DAGs
[2025-02-11T00:16:40.198-0300] {logging_mixin.py:190} INFO - [2025-02-11T00:16:40.198-0300] {dag.py:4180} INFO - Setting next_dagrun for example_sla_dag to 2025-02-11 03:14:00+00:00, run_after=2025-02-11 03:16:00+00:00
[2025-02-11T00:16:40.221-0300] {processor.py:208} INFO - Processing /home/felipe/lab/novamind-flow/.env/lib/python3.10/site-packages/airflow/example_dags/example_sla_dag.py took 0.073 seconds
[2025-02-11T00:17:34.965-0300] {processor.py:186} INFO - Started process (PID=71915) to work on /home/felipe/lab/novamind-flow/.env/lib/python3.10/site-packages/airflow/example_dags/example_sla_dag.py
[2025-02-11T00:17:34.967-0300] {processor.py:914} INFO - Processing file /home/felipe/lab/novamind-flow/.env/lib/python3.10/site-packages/airflow/example_dags/example_sla_dag.py for tasks to queue
[2025-02-11T00:17:34.969-0300] {logging_mixin.py:190} INFO - [2025-02-11T00:17:34.969-0300] {dagbag.py:588} INFO - Filling up the DagBag from /home/felipe/lab/novamind-flow/.env/lib/python3.10/site-packages/airflow/example_dags/example_sla_dag.py
[2025-02-11T00:17:34.978-0300] {processor.py:925} INFO - DAG(s) 'example_sla_dag' retrieved from /home/felipe/lab/novamind-flow/.env/lib/python3.10/site-packages/airflow/example_dags/example_sla_dag.py
[2025-02-11T00:17:34.990-0300] {logging_mixin.py:190} INFO - [2025-02-11T00:17:34.989-0300] {dag.py:3239} INFO - Sync 1 DAGs
[2025-02-11T00:17:35.008-0300] {logging_mixin.py:190} INFO - [2025-02-11T00:17:35.008-0300] {dag.py:4180} INFO - Setting next_dagrun for example_sla_dag to 2025-02-11 03:14:00+00:00, run_after=2025-02-11 03:16:00+00:00
[2025-02-11T00:17:35.030-0300] {processor.py:208} INFO - Processing /home/felipe/lab/novamind-flow/.env/lib/python3.10/site-packages/airflow/example_dags/example_sla_dag.py took 0.070 seconds
