[2025-02-11T00:16:03.663-0300] {processor.py:186} INFO - Started process (PID=71534) to work on /home/felipe/lab/novamind-flow/.env/lib/python3.10/site-packages/airflow/example_dags/example_branch_python_dop_operator_3.py
[2025-02-11T00:16:03.664-0300] {processor.py:914} INFO - Processing file /home/felipe/lab/novamind-flow/.env/lib/python3.10/site-packages/airflow/example_dags/example_branch_python_dop_operator_3.py for tasks to queue
[2025-02-11T00:16:03.666-0300] {logging_mixin.py:190} INFO - [2025-02-11T00:16:03.665-0300] {dagbag.py:588} INFO - Filling up the DagBag from /home/felipe/lab/novamind-flow/.env/lib/python3.10/site-packages/airflow/example_dags/example_branch_python_dop_operator_3.py
[2025-02-11T00:16:03.675-0300] {processor.py:925} INFO - DAG(s) 'example_branch_dop_operator_v3' retrieved from /home/felipe/lab/novamind-flow/.env/lib/python3.10/site-packages/airflow/example_dags/example_branch_python_dop_operator_3.py
[2025-02-11T00:16:03.839-0300] {logging_mixin.py:190} INFO - [2025-02-11T00:16:03.838-0300] {override.py:1930} INFO - Created Permission View: can delete on DAG:example_branch_dop_operator_v3
[2025-02-11T00:16:03.854-0300] {logging_mixin.py:190} INFO - [2025-02-11T00:16:03.854-0300] {override.py:1930} INFO - Created Permission View: can edit on DAG:example_branch_dop_operator_v3
[2025-02-11T00:16:03.868-0300] {logging_mixin.py:190} INFO - [2025-02-11T00:16:03.868-0300] {override.py:1930} INFO - Created Permission View: can read on DAG:example_branch_dop_operator_v3
[2025-02-11T00:16:03.894-0300] {logging_mixin.py:190} INFO - [2025-02-11T00:16:03.894-0300] {override.py:1930} INFO - Created Permission View: can delete on DAG Run:example_branch_dop_operator_v3
[2025-02-11T00:16:03.908-0300] {logging_mixin.py:190} INFO - [2025-02-11T00:16:03.907-0300] {override.py:1930} INFO - Created Permission View: can create on DAG Run:example_branch_dop_operator_v3
[2025-02-11T00:16:03.923-0300] {logging_mixin.py:190} INFO - [2025-02-11T00:16:03.922-0300] {override.py:1930} INFO - Created Permission View: menu access on DAG Run:example_branch_dop_operator_v3
[2025-02-11T00:16:03.937-0300] {logging_mixin.py:190} INFO - [2025-02-11T00:16:03.936-0300] {override.py:1930} INFO - Created Permission View: can read on DAG Run:example_branch_dop_operator_v3
[2025-02-11T00:16:03.937-0300] {logging_mixin.py:190} INFO - [2025-02-11T00:16:03.937-0300] {dag.py:3239} INFO - Sync 1 DAGs
[2025-02-11T00:16:03.944-0300] {logging_mixin.py:190} INFO - [2025-02-11T00:16:03.944-0300] {dag.py:3262} INFO - Creating ORM DAG for example_branch_dop_operator_v3
[2025-02-11T00:16:03.952-0300] {logging_mixin.py:190} INFO - [2025-02-11T00:16:03.952-0300] {dag.py:4180} INFO - Setting next_dagrun for example_branch_dop_operator_v3 to 2025-02-11 03:15:00+00:00, run_after=2025-02-11 03:16:00+00:00
[2025-02-11T00:16:03.974-0300] {processor.py:208} INFO - Processing /home/felipe/lab/novamind-flow/.env/lib/python3.10/site-packages/airflow/example_dags/example_branch_python_dop_operator_3.py took 0.316 seconds
[2025-02-11T00:17:08.144-0300] {processor.py:186} INFO - Started process (PID=71670) to work on /home/felipe/lab/novamind-flow/.env/lib/python3.10/site-packages/airflow/example_dags/example_branch_python_dop_operator_3.py
[2025-02-11T00:17:08.146-0300] {processor.py:914} INFO - Processing file /home/felipe/lab/novamind-flow/.env/lib/python3.10/site-packages/airflow/example_dags/example_branch_python_dop_operator_3.py for tasks to queue
[2025-02-11T00:17:08.148-0300] {logging_mixin.py:190} INFO - [2025-02-11T00:17:08.148-0300] {dagbag.py:588} INFO - Filling up the DagBag from /home/felipe/lab/novamind-flow/.env/lib/python3.10/site-packages/airflow/example_dags/example_branch_python_dop_operator_3.py
[2025-02-11T00:17:08.157-0300] {processor.py:925} INFO - DAG(s) 'example_branch_dop_operator_v3' retrieved from /home/felipe/lab/novamind-flow/.env/lib/python3.10/site-packages/airflow/example_dags/example_branch_python_dop_operator_3.py
[2025-02-11T00:17:08.168-0300] {logging_mixin.py:190} INFO - [2025-02-11T00:17:08.168-0300] {dag.py:3239} INFO - Sync 1 DAGs
[2025-02-11T00:17:08.185-0300] {logging_mixin.py:190} INFO - [2025-02-11T00:17:08.185-0300] {dag.py:4180} INFO - Setting next_dagrun for example_branch_dop_operator_v3 to 2025-02-11 03:16:00+00:00, run_after=2025-02-11 03:17:00+00:00
[2025-02-11T00:17:08.207-0300] {processor.py:208} INFO - Processing /home/felipe/lab/novamind-flow/.env/lib/python3.10/site-packages/airflow/example_dags/example_branch_python_dop_operator_3.py took 0.069 seconds
