[2025-02-11T00:15:30.022-0300] {processor.py:186} INFO - Started process (PID=71418) to work on /home/felipe/lab/novamind-flow/.env/lib/python3.10/site-packages/airflow/example_dags/example_sensors.py
[2025-02-11T00:15:30.022-0300] {processor.py:914} INFO - Processing file /home/felipe/lab/novamind-flow/.env/lib/python3.10/site-packages/airflow/example_dags/example_sensors.py for tasks to queue
[2025-02-11T00:15:30.024-0300] {logging_mixin.py:190} INFO - [2025-02-11T00:15:30.024-0300] {dagbag.py:588} INFO - Filling up the DagBag from /home/felipe/lab/novamind-flow/.env/lib/python3.10/site-packages/airflow/example_dags/example_sensors.py
[2025-02-11T00:15:30.033-0300] {processor.py:925} INFO - DAG(s) 'example_sensors' retrieved from /home/felipe/lab/novamind-flow/.env/lib/python3.10/site-packages/airflow/example_dags/example_sensors.py
[2025-02-11T00:15:30.211-0300] {logging_mixin.py:190} INFO - [2025-02-11T00:15:30.210-0300] {override.py:1930} INFO - Created Permission View: can delete on DAG:example_sensors
[2025-02-11T00:15:30.227-0300] {logging_mixin.py:190} INFO - [2025-02-11T00:15:30.226-0300] {override.py:1930} INFO - Created Permission View: can edit on DAG:example_sensors
[2025-02-11T00:15:30.241-0300] {logging_mixin.py:190} INFO - [2025-02-11T00:15:30.240-0300] {override.py:1930} INFO - Created Permission View: can read on DAG:example_sensors
[2025-02-11T00:15:30.265-0300] {logging_mixin.py:190} INFO - [2025-02-11T00:15:30.265-0300] {override.py:1930} INFO - Created Permission View: can delete on DAG Run:example_sensors
[2025-02-11T00:15:30.278-0300] {logging_mixin.py:190} INFO - [2025-02-11T00:15:30.278-0300] {override.py:1930} INFO - Created Permission View: can create on DAG Run:example_sensors
[2025-02-11T00:15:30.293-0300] {logging_mixin.py:190} INFO - [2025-02-11T00:15:30.292-0300] {override.py:1930} INFO - Created Permission View: menu access on DAG Run:example_sensors
[2025-02-11T00:15:30.306-0300] {logging_mixin.py:190} INFO - [2025-02-11T00:15:30.305-0300] {override.py:1930} INFO - Created Permission View: can read on DAG Run:example_sensors
[2025-02-11T00:15:30.306-0300] {logging_mixin.py:190} INFO - [2025-02-11T00:15:30.306-0300] {dag.py:3239} INFO - Sync 1 DAGs
[2025-02-11T00:15:30.314-0300] {logging_mixin.py:190} INFO - [2025-02-11T00:15:30.314-0300] {dag.py:3262} INFO - Creating ORM DAG for example_sensors
[2025-02-11T00:15:30.315-0300] {logging_mixin.py:190} INFO - [2025-02-11T00:15:30.315-0300] {dag.py:4180} INFO - Setting next_dagrun for example_sensors to None, run_after=None
[2025-02-11T00:15:30.337-0300] {processor.py:208} INFO - Processing /home/felipe/lab/novamind-flow/.env/lib/python3.10/site-packages/airflow/example_dags/example_sensors.py took 0.320 seconds
[2025-02-11T00:16:38.996-0300] {processor.py:186} INFO - Started process (PID=71571) to work on /home/felipe/lab/novamind-flow/.env/lib/python3.10/site-packages/airflow/example_dags/example_sensors.py
[2025-02-11T00:16:38.998-0300] {processor.py:914} INFO - Processing file /home/felipe/lab/novamind-flow/.env/lib/python3.10/site-packages/airflow/example_dags/example_sensors.py for tasks to queue
[2025-02-11T00:16:39.000-0300] {logging_mixin.py:190} INFO - [2025-02-11T00:16:38.999-0300] {dagbag.py:588} INFO - Filling up the DagBag from /home/felipe/lab/novamind-flow/.env/lib/python3.10/site-packages/airflow/example_dags/example_sensors.py
[2025-02-11T00:16:39.009-0300] {processor.py:925} INFO - DAG(s) 'example_sensors' retrieved from /home/felipe/lab/novamind-flow/.env/lib/python3.10/site-packages/airflow/example_dags/example_sensors.py
[2025-02-11T00:16:39.027-0300] {logging_mixin.py:190} INFO - [2025-02-11T00:16:39.027-0300] {dag.py:3239} INFO - Sync 1 DAGs
[2025-02-11T00:16:39.036-0300] {logging_mixin.py:190} INFO - [2025-02-11T00:16:39.036-0300] {dag.py:4180} INFO - Setting next_dagrun for example_sensors to None, run_after=None
[2025-02-11T00:16:39.059-0300] {processor.py:208} INFO - Processing /home/felipe/lab/novamind-flow/.env/lib/python3.10/site-packages/airflow/example_dags/example_sensors.py took 0.068 seconds
[2025-02-11T00:17:33.834-0300] {processor.py:186} INFO - Started process (PID=71913) to work on /home/felipe/lab/novamind-flow/.env/lib/python3.10/site-packages/airflow/example_dags/example_sensors.py
[2025-02-11T00:17:33.836-0300] {processor.py:914} INFO - Processing file /home/felipe/lab/novamind-flow/.env/lib/python3.10/site-packages/airflow/example_dags/example_sensors.py for tasks to queue
[2025-02-11T00:17:33.837-0300] {logging_mixin.py:190} INFO - [2025-02-11T00:17:33.837-0300] {dagbag.py:588} INFO - Filling up the DagBag from /home/felipe/lab/novamind-flow/.env/lib/python3.10/site-packages/airflow/example_dags/example_sensors.py
[2025-02-11T00:17:33.846-0300] {processor.py:925} INFO - DAG(s) 'example_sensors' retrieved from /home/felipe/lab/novamind-flow/.env/lib/python3.10/site-packages/airflow/example_dags/example_sensors.py
[2025-02-11T00:17:33.860-0300] {logging_mixin.py:190} INFO - [2025-02-11T00:17:33.860-0300] {dag.py:3239} INFO - Sync 1 DAGs
[2025-02-11T00:17:33.868-0300] {logging_mixin.py:190} INFO - [2025-02-11T00:17:33.868-0300] {dag.py:4180} INFO - Setting next_dagrun for example_sensors to None, run_after=None
[2025-02-11T00:17:33.891-0300] {processor.py:208} INFO - Processing /home/felipe/lab/novamind-flow/.env/lib/python3.10/site-packages/airflow/example_dags/example_sensors.py took 0.063 seconds
