[2025-02-11T00:15:56.656-0300] {processor.py:186} INFO - Started process (PID=71469) to work on /home/felipe/lab/novamind-flow/.env/lib/python3.10/site-packages/airflow/example_dags/example_external_task_marker_dag.py
[2025-02-11T00:15:56.657-0300] {processor.py:914} INFO - Processing file /home/felipe/lab/novamind-flow/.env/lib/python3.10/site-packages/airflow/example_dags/example_external_task_marker_dag.py for tasks to queue
[2025-02-11T00:15:56.659-0300] {logging_mixin.py:190} INFO - [2025-02-11T00:15:56.659-0300] {dagbag.py:588} INFO - Filling up the DagBag from /home/felipe/lab/novamind-flow/.env/lib/python3.10/site-packages/airflow/example_dags/example_external_task_marker_dag.py
[2025-02-11T00:15:56.665-0300] {processor.py:925} INFO - DAG(s) 'example_external_task_marker_parent', 'example_external_task_marker_child' retrieved from /home/felipe/lab/novamind-flow/.env/lib/python3.10/site-packages/airflow/example_dags/example_external_task_marker_dag.py
[2025-02-11T00:15:56.829-0300] {logging_mixin.py:190} INFO - [2025-02-11T00:15:56.828-0300] {override.py:1930} INFO - Created Permission View: can delete on DAG:example_external_task_marker_parent
[2025-02-11T00:15:56.845-0300] {logging_mixin.py:190} INFO - [2025-02-11T00:15:56.844-0300] {override.py:1930} INFO - Created Permission View: can edit on DAG:example_external_task_marker_parent
[2025-02-11T00:15:56.860-0300] {logging_mixin.py:190} INFO - [2025-02-11T00:15:56.859-0300] {override.py:1930} INFO - Created Permission View: can read on DAG:example_external_task_marker_parent
[2025-02-11T00:15:56.885-0300] {logging_mixin.py:190} INFO - [2025-02-11T00:15:56.885-0300] {override.py:1930} INFO - Created Permission View: can delete on DAG Run:example_external_task_marker_parent
[2025-02-11T00:15:56.899-0300] {logging_mixin.py:190} INFO - [2025-02-11T00:15:56.899-0300] {override.py:1930} INFO - Created Permission View: can create on DAG Run:example_external_task_marker_parent
[2025-02-11T00:15:56.914-0300] {logging_mixin.py:190} INFO - [2025-02-11T00:15:56.913-0300] {override.py:1930} INFO - Created Permission View: menu access on DAG Run:example_external_task_marker_parent
[2025-02-11T00:15:56.927-0300] {logging_mixin.py:190} INFO - [2025-02-11T00:15:56.926-0300] {override.py:1930} INFO - Created Permission View: can read on DAG Run:example_external_task_marker_parent
[2025-02-11T00:15:56.957-0300] {logging_mixin.py:190} INFO - [2025-02-11T00:15:56.957-0300] {override.py:1930} INFO - Created Permission View: can delete on DAG:example_external_task_marker_child
[2025-02-11T00:15:56.971-0300] {logging_mixin.py:190} INFO - [2025-02-11T00:15:56.971-0300] {override.py:1930} INFO - Created Permission View: can edit on DAG:example_external_task_marker_child
[2025-02-11T00:15:56.985-0300] {logging_mixin.py:190} INFO - [2025-02-11T00:15:56.985-0300] {override.py:1930} INFO - Created Permission View: can read on DAG:example_external_task_marker_child
[2025-02-11T00:15:57.010-0300] {logging_mixin.py:190} INFO - [2025-02-11T00:15:57.009-0300] {override.py:1930} INFO - Created Permission View: can delete on DAG Run:example_external_task_marker_child
[2025-02-11T00:15:57.024-0300] {logging_mixin.py:190} INFO - [2025-02-11T00:15:57.023-0300] {override.py:1930} INFO - Created Permission View: can create on DAG Run:example_external_task_marker_child
[2025-02-11T00:15:57.038-0300] {logging_mixin.py:190} INFO - [2025-02-11T00:15:57.038-0300] {override.py:1930} INFO - Created Permission View: menu access on DAG Run:example_external_task_marker_child
[2025-02-11T00:15:57.052-0300] {logging_mixin.py:190} INFO - [2025-02-11T00:15:57.051-0300] {override.py:1930} INFO - Created Permission View: can read on DAG Run:example_external_task_marker_child
[2025-02-11T00:15:57.052-0300] {logging_mixin.py:190} INFO - [2025-02-11T00:15:57.052-0300] {dag.py:3239} INFO - Sync 2 DAGs
[2025-02-11T00:15:57.060-0300] {logging_mixin.py:190} INFO - [2025-02-11T00:15:57.060-0300] {dag.py:3262} INFO - Creating ORM DAG for example_external_task_marker_parent
[2025-02-11T00:15:57.061-0300] {logging_mixin.py:190} INFO - [2025-02-11T00:15:57.061-0300] {dag.py:3262} INFO - Creating ORM DAG for example_external_task_marker_child
[2025-02-11T00:15:57.061-0300] {logging_mixin.py:190} INFO - [2025-02-11T00:15:57.061-0300] {dag.py:4180} INFO - Setting next_dagrun for example_external_task_marker_child to None, run_after=None
[2025-02-11T00:15:57.062-0300] {logging_mixin.py:190} INFO - [2025-02-11T00:15:57.061-0300] {dag.py:4180} INFO - Setting next_dagrun for example_external_task_marker_parent to None, run_after=None
[2025-02-11T00:15:57.086-0300] {processor.py:208} INFO - Processing /home/felipe/lab/novamind-flow/.env/lib/python3.10/site-packages/airflow/example_dags/example_external_task_marker_dag.py took 0.435 seconds
[2025-02-11T00:17:02.358-0300] {processor.py:186} INFO - Started process (PID=71665) to work on /home/felipe/lab/novamind-flow/.env/lib/python3.10/site-packages/airflow/example_dags/example_external_task_marker_dag.py
[2025-02-11T00:17:02.361-0300] {processor.py:914} INFO - Processing file /home/felipe/lab/novamind-flow/.env/lib/python3.10/site-packages/airflow/example_dags/example_external_task_marker_dag.py for tasks to queue
[2025-02-11T00:17:02.362-0300] {logging_mixin.py:190} INFO - [2025-02-11T00:17:02.362-0300] {dagbag.py:588} INFO - Filling up the DagBag from /home/felipe/lab/novamind-flow/.env/lib/python3.10/site-packages/airflow/example_dags/example_external_task_marker_dag.py
[2025-02-11T00:17:02.370-0300] {processor.py:925} INFO - DAG(s) 'example_external_task_marker_child', 'example_external_task_marker_parent' retrieved from /home/felipe/lab/novamind-flow/.env/lib/python3.10/site-packages/airflow/example_dags/example_external_task_marker_dag.py
[2025-02-11T00:17:02.385-0300] {logging_mixin.py:190} INFO - [2025-02-11T00:17:02.384-0300] {dag.py:3239} INFO - Sync 2 DAGs
[2025-02-11T00:17:02.395-0300] {logging_mixin.py:190} INFO - [2025-02-11T00:17:02.395-0300] {dag.py:4180} INFO - Setting next_dagrun for example_external_task_marker_child to None, run_after=None
[2025-02-11T00:17:02.397-0300] {logging_mixin.py:190} INFO - [2025-02-11T00:17:02.397-0300] {dag.py:4180} INFO - Setting next_dagrun for example_external_task_marker_parent to None, run_after=None
[2025-02-11T00:17:02.417-0300] {processor.py:208} INFO - Processing /home/felipe/lab/novamind-flow/.env/lib/python3.10/site-packages/airflow/example_dags/example_external_task_marker_dag.py took 0.064 seconds
