[2025-02-11T00:15:17.994-0300] {processor.py:186} INFO - Started process (PID=71189) to work on /home/felipe/lab/novamind-flow/.env/lib/python3.10/site-packages/airflow/example_dags/example_workday_timetable.py
[2025-02-11T00:15:17.995-0300] {processor.py:914} INFO - Processing file /home/felipe/lab/novamind-flow/.env/lib/python3.10/site-packages/airflow/example_dags/example_workday_timetable.py for tasks to queue
[2025-02-11T00:15:17.997-0300] {logging_mixin.py:190} INFO - [2025-02-11T00:15:17.996-0300] {dagbag.py:588} INFO - Filling up the DagBag from /home/felipe/lab/novamind-flow/.env/lib/python3.10/site-packages/airflow/example_dags/example_workday_timetable.py
[2025-02-11T00:15:18.002-0300] {processor.py:925} INFO - DAG(s) 'example_workday_timetable' retrieved from /home/felipe/lab/novamind-flow/.env/lib/python3.10/site-packages/airflow/example_dags/example_workday_timetable.py
[2025-02-11T00:15:18.168-0300] {logging_mixin.py:190} INFO - [2025-02-11T00:15:18.167-0300] {override.py:1930} INFO - Created Permission View: can delete on DAG:example_workday_timetable
[2025-02-11T00:15:18.186-0300] {logging_mixin.py:190} INFO - [2025-02-11T00:15:18.185-0300] {override.py:1930} INFO - Created Permission View: can edit on DAG:example_workday_timetable
[2025-02-11T00:15:18.200-0300] {logging_mixin.py:190} INFO - [2025-02-11T00:15:18.199-0300] {override.py:1930} INFO - Created Permission View: can read on DAG:example_workday_timetable
[2025-02-11T00:15:18.229-0300] {logging_mixin.py:190} INFO - [2025-02-11T00:15:18.228-0300] {override.py:1930} INFO - Created Permission View: can delete on DAG Run:example_workday_timetable
[2025-02-11T00:15:18.242-0300] {logging_mixin.py:190} INFO - [2025-02-11T00:15:18.242-0300] {override.py:1930} INFO - Created Permission View: can create on DAG Run:example_workday_timetable
[2025-02-11T00:15:18.256-0300] {logging_mixin.py:190} INFO - [2025-02-11T00:15:18.255-0300] {override.py:1930} INFO - Created Permission View: menu access on DAG Run:example_workday_timetable
[2025-02-11T00:15:18.269-0300] {logging_mixin.py:190} INFO - [2025-02-11T00:15:18.269-0300] {override.py:1930} INFO - Created Permission View: can read on DAG Run:example_workday_timetable
[2025-02-11T00:15:18.270-0300] {logging_mixin.py:190} INFO - [2025-02-11T00:15:18.270-0300] {dag.py:3239} INFO - Sync 1 DAGs
[2025-02-11T00:15:18.277-0300] {logging_mixin.py:190} INFO - [2025-02-11T00:15:18.277-0300] {dag.py:3262} INFO - Creating ORM DAG for example_workday_timetable
[2025-02-11T00:15:18.284-0300] {logging_mixin.py:190} INFO - [2025-02-11T00:15:18.284-0300] {dag.py:4180} INFO - Setting next_dagrun for example_workday_timetable to 2021-01-01 00:00:00+00:00, run_after=2021-01-02 00:00:00+00:00
[2025-02-11T00:15:18.305-0300] {processor.py:208} INFO - Processing /home/felipe/lab/novamind-flow/.env/lib/python3.10/site-packages/airflow/example_dags/example_workday_timetable.py took 0.315 seconds
[2025-02-11T00:16:29.850-0300] {processor.py:186} INFO - Started process (PID=71558) to work on /home/felipe/lab/novamind-flow/.env/lib/python3.10/site-packages/airflow/example_dags/example_workday_timetable.py
[2025-02-11T00:16:29.853-0300] {processor.py:914} INFO - Processing file /home/felipe/lab/novamind-flow/.env/lib/python3.10/site-packages/airflow/example_dags/example_workday_timetable.py for tasks to queue
[2025-02-11T00:16:29.855-0300] {logging_mixin.py:190} INFO - [2025-02-11T00:16:29.854-0300] {dagbag.py:588} INFO - Filling up the DagBag from /home/felipe/lab/novamind-flow/.env/lib/python3.10/site-packages/airflow/example_dags/example_workday_timetable.py
[2025-02-11T00:16:29.860-0300] {processor.py:925} INFO - DAG(s) 'example_workday_timetable' retrieved from /home/felipe/lab/novamind-flow/.env/lib/python3.10/site-packages/airflow/example_dags/example_workday_timetable.py
[2025-02-11T00:16:29.872-0300] {logging_mixin.py:190} INFO - [2025-02-11T00:16:29.872-0300] {dag.py:3239} INFO - Sync 1 DAGs
[2025-02-11T00:16:29.888-0300] {logging_mixin.py:190} INFO - [2025-02-11T00:16:29.888-0300] {dag.py:4180} INFO - Setting next_dagrun for example_workday_timetable to 2021-01-01 00:00:00+00:00, run_after=2021-01-02 00:00:00+00:00
[2025-02-11T00:16:29.911-0300] {processor.py:208} INFO - Processing /home/felipe/lab/novamind-flow/.env/lib/python3.10/site-packages/airflow/example_dags/example_workday_timetable.py took 0.067 seconds
[2025-02-11T00:17:24.836-0300] {processor.py:186} INFO - Started process (PID=71726) to work on /home/felipe/lab/novamind-flow/.env/lib/python3.10/site-packages/airflow/example_dags/example_workday_timetable.py
[2025-02-11T00:17:24.839-0300] {processor.py:914} INFO - Processing file /home/felipe/lab/novamind-flow/.env/lib/python3.10/site-packages/airflow/example_dags/example_workday_timetable.py for tasks to queue
[2025-02-11T00:17:24.840-0300] {logging_mixin.py:190} INFO - [2025-02-11T00:17:24.840-0300] {dagbag.py:588} INFO - Filling up the DagBag from /home/felipe/lab/novamind-flow/.env/lib/python3.10/site-packages/airflow/example_dags/example_workday_timetable.py
[2025-02-11T00:17:24.846-0300] {processor.py:925} INFO - DAG(s) 'example_workday_timetable' retrieved from /home/felipe/lab/novamind-flow/.env/lib/python3.10/site-packages/airflow/example_dags/example_workday_timetable.py
[2025-02-11T00:17:24.858-0300] {logging_mixin.py:190} INFO - [2025-02-11T00:17:24.858-0300] {dag.py:3239} INFO - Sync 1 DAGs
[2025-02-11T00:17:24.872-0300] {logging_mixin.py:190} INFO - [2025-02-11T00:17:24.872-0300] {dag.py:4180} INFO - Setting next_dagrun for example_workday_timetable to 2021-01-01 00:00:00+00:00, run_after=2021-01-02 00:00:00+00:00
[2025-02-11T00:17:24.896-0300] {processor.py:208} INFO - Processing /home/felipe/lab/novamind-flow/.env/lib/python3.10/site-packages/airflow/example_dags/example_workday_timetable.py took 0.064 seconds
