[2025-02-11T00:15:19.121-0300] {processor.py:186} INFO - Started process (PID=71190) to work on /home/felipe/lab/novamind-flow/.env/lib/python3.10/site-packages/airflow/example_dags/example_trigger_target_dag.py
[2025-02-11T00:15:19.122-0300] {processor.py:914} INFO - Processing file /home/felipe/lab/novamind-flow/.env/lib/python3.10/site-packages/airflow/example_dags/example_trigger_target_dag.py for tasks to queue
[2025-02-11T00:15:19.123-0300] {logging_mixin.py:190} INFO - [2025-02-11T00:15:19.123-0300] {dagbag.py:588} INFO - Filling up the DagBag from /home/felipe/lab/novamind-flow/.env/lib/python3.10/site-packages/airflow/example_dags/example_trigger_target_dag.py
[2025-02-11T00:15:19.130-0300] {processor.py:925} INFO - DAG(s) 'example_trigger_target_dag' retrieved from /home/felipe/lab/novamind-flow/.env/lib/python3.10/site-packages/airflow/example_dags/example_trigger_target_dag.py
[2025-02-11T00:15:19.298-0300] {logging_mixin.py:190} INFO - [2025-02-11T00:15:19.297-0300] {override.py:1930} INFO - Created Permission View: can delete on DAG:example_trigger_target_dag
[2025-02-11T00:15:19.315-0300] {logging_mixin.py:190} INFO - [2025-02-11T00:15:19.314-0300] {override.py:1930} INFO - Created Permission View: can edit on DAG:example_trigger_target_dag
[2025-02-11T00:15:19.329-0300] {logging_mixin.py:190} INFO - [2025-02-11T00:15:19.329-0300] {override.py:1930} INFO - Created Permission View: can read on DAG:example_trigger_target_dag
[2025-02-11T00:15:19.354-0300] {logging_mixin.py:190} INFO - [2025-02-11T00:15:19.353-0300] {override.py:1930} INFO - Created Permission View: can delete on DAG Run:example_trigger_target_dag
[2025-02-11T00:15:19.368-0300] {logging_mixin.py:190} INFO - [2025-02-11T00:15:19.368-0300] {override.py:1930} INFO - Created Permission View: can create on DAG Run:example_trigger_target_dag
[2025-02-11T00:15:19.382-0300] {logging_mixin.py:190} INFO - [2025-02-11T00:15:19.381-0300] {override.py:1930} INFO - Created Permission View: menu access on DAG Run:example_trigger_target_dag
[2025-02-11T00:15:19.395-0300] {logging_mixin.py:190} INFO - [2025-02-11T00:15:19.395-0300] {override.py:1930} INFO - Created Permission View: can read on DAG Run:example_trigger_target_dag
[2025-02-11T00:15:19.396-0300] {logging_mixin.py:190} INFO - [2025-02-11T00:15:19.395-0300] {dag.py:3239} INFO - Sync 1 DAGs
[2025-02-11T00:15:19.403-0300] {logging_mixin.py:190} INFO - [2025-02-11T00:15:19.403-0300] {dag.py:3262} INFO - Creating ORM DAG for example_trigger_target_dag
[2025-02-11T00:15:19.404-0300] {logging_mixin.py:190} INFO - [2025-02-11T00:15:19.404-0300] {dag.py:4180} INFO - Setting next_dagrun for example_trigger_target_dag to None, run_after=None
[2025-02-11T00:15:19.427-0300] {processor.py:208} INFO - Processing /home/felipe/lab/novamind-flow/.env/lib/python3.10/site-packages/airflow/example_dags/example_trigger_target_dag.py took 0.311 seconds
[2025-02-11T00:16:30.521-0300] {processor.py:186} INFO - Started process (PID=71559) to work on /home/felipe/lab/novamind-flow/.env/lib/python3.10/site-packages/airflow/example_dags/example_trigger_target_dag.py
[2025-02-11T00:16:30.523-0300] {processor.py:914} INFO - Processing file /home/felipe/lab/novamind-flow/.env/lib/python3.10/site-packages/airflow/example_dags/example_trigger_target_dag.py for tasks to queue
[2025-02-11T00:16:30.525-0300] {logging_mixin.py:190} INFO - [2025-02-11T00:16:30.525-0300] {dagbag.py:588} INFO - Filling up the DagBag from /home/felipe/lab/novamind-flow/.env/lib/python3.10/site-packages/airflow/example_dags/example_trigger_target_dag.py
[2025-02-11T00:16:30.531-0300] {processor.py:925} INFO - DAG(s) 'example_trigger_target_dag' retrieved from /home/felipe/lab/novamind-flow/.env/lib/python3.10/site-packages/airflow/example_dags/example_trigger_target_dag.py
[2025-02-11T00:16:30.542-0300] {logging_mixin.py:190} INFO - [2025-02-11T00:16:30.542-0300] {dag.py:3239} INFO - Sync 1 DAGs
[2025-02-11T00:16:30.551-0300] {logging_mixin.py:190} INFO - [2025-02-11T00:16:30.551-0300] {dag.py:4180} INFO - Setting next_dagrun for example_trigger_target_dag to None, run_after=None
[2025-02-11T00:16:30.575-0300] {processor.py:208} INFO - Processing /home/felipe/lab/novamind-flow/.env/lib/python3.10/site-packages/airflow/example_dags/example_trigger_target_dag.py took 0.059 seconds
[2025-02-11T00:17:25.423-0300] {processor.py:186} INFO - Started process (PID=71731) to work on /home/felipe/lab/novamind-flow/.env/lib/python3.10/site-packages/airflow/example_dags/example_trigger_target_dag.py
[2025-02-11T00:17:25.425-0300] {processor.py:914} INFO - Processing file /home/felipe/lab/novamind-flow/.env/lib/python3.10/site-packages/airflow/example_dags/example_trigger_target_dag.py for tasks to queue
[2025-02-11T00:17:25.427-0300] {logging_mixin.py:190} INFO - [2025-02-11T00:17:25.427-0300] {dagbag.py:588} INFO - Filling up the DagBag from /home/felipe/lab/novamind-flow/.env/lib/python3.10/site-packages/airflow/example_dags/example_trigger_target_dag.py
[2025-02-11T00:17:25.434-0300] {processor.py:925} INFO - DAG(s) 'example_trigger_target_dag' retrieved from /home/felipe/lab/novamind-flow/.env/lib/python3.10/site-packages/airflow/example_dags/example_trigger_target_dag.py
[2025-02-11T00:17:25.446-0300] {logging_mixin.py:190} INFO - [2025-02-11T00:17:25.445-0300] {dag.py:3239} INFO - Sync 1 DAGs
[2025-02-11T00:17:25.455-0300] {logging_mixin.py:190} INFO - [2025-02-11T00:17:25.455-0300] {dag.py:4180} INFO - Setting next_dagrun for example_trigger_target_dag to None, run_after=None
[2025-02-11T00:17:25.476-0300] {processor.py:208} INFO - Processing /home/felipe/lab/novamind-flow/.env/lib/python3.10/site-packages/airflow/example_dags/example_trigger_target_dag.py took 0.059 seconds
