[2025-02-11T00:16:05.096-0300] {processor.py:186} INFO - Started process (PID=71536) to work on /home/felipe/lab/novamind-flow/.env/lib/python3.10/site-packages/airflow/example_dags/example_branch_operator.py
[2025-02-11T00:16:05.097-0300] {processor.py:914} INFO - Processing file /home/felipe/lab/novamind-flow/.env/lib/python3.10/site-packages/airflow/example_dags/example_branch_operator.py for tasks to queue
[2025-02-11T00:16:05.099-0300] {logging_mixin.py:190} INFO - [2025-02-11T00:16:05.098-0300] {dagbag.py:588} INFO - Filling up the DagBag from /home/felipe/lab/novamind-flow/.env/lib/python3.10/site-packages/airflow/example_dags/example_branch_operator.py
[2025-02-11T00:16:05.198-0300] {processor.py:925} INFO - DAG(s) 'example_branch_operator' retrieved from /home/felipe/lab/novamind-flow/.env/lib/python3.10/site-packages/airflow/example_dags/example_branch_operator.py
[2025-02-11T00:16:05.281-0300] {logging_mixin.py:190} INFO - [2025-02-11T00:16:05.280-0300] {override.py:1930} INFO - Created Permission View: can delete on DAG:example_branch_operator
[2025-02-11T00:16:05.296-0300] {logging_mixin.py:190} INFO - [2025-02-11T00:16:05.296-0300] {override.py:1930} INFO - Created Permission View: can edit on DAG:example_branch_operator
[2025-02-11T00:16:05.310-0300] {logging_mixin.py:190} INFO - [2025-02-11T00:16:05.310-0300] {override.py:1930} INFO - Created Permission View: can read on DAG:example_branch_operator
[2025-02-11T00:16:05.337-0300] {logging_mixin.py:190} INFO - [2025-02-11T00:16:05.336-0300] {override.py:1930} INFO - Created Permission View: can delete on DAG Run:example_branch_operator
[2025-02-11T00:16:05.351-0300] {logging_mixin.py:190} INFO - [2025-02-11T00:16:05.350-0300] {override.py:1930} INFO - Created Permission View: can create on DAG Run:example_branch_operator
[2025-02-11T00:16:05.365-0300] {logging_mixin.py:190} INFO - [2025-02-11T00:16:05.364-0300] {override.py:1930} INFO - Created Permission View: menu access on DAG Run:example_branch_operator
[2025-02-11T00:16:05.379-0300] {logging_mixin.py:190} INFO - [2025-02-11T00:16:05.379-0300] {override.py:1930} INFO - Created Permission View: can read on DAG Run:example_branch_operator
[2025-02-11T00:16:05.380-0300] {logging_mixin.py:190} INFO - [2025-02-11T00:16:05.379-0300] {dag.py:3239} INFO - Sync 1 DAGs
[2025-02-11T00:16:05.387-0300] {logging_mixin.py:190} INFO - [2025-02-11T00:16:05.387-0300] {dag.py:3262} INFO - Creating ORM DAG for example_branch_operator
[2025-02-11T00:16:05.394-0300] {logging_mixin.py:190} INFO - [2025-02-11T00:16:05.394-0300] {dag.py:4180} INFO - Setting next_dagrun for example_branch_operator to 2025-02-10 00:00:00+00:00, run_after=2025-02-11 00:00:00+00:00
[2025-02-11T00:16:05.437-0300] {processor.py:208} INFO - Processing /home/felipe/lab/novamind-flow/.env/lib/python3.10/site-packages/airflow/example_dags/example_branch_operator.py took 0.345 seconds
[2025-02-11T00:17:09.277-0300] {processor.py:186} INFO - Started process (PID=71671) to work on /home/felipe/lab/novamind-flow/.env/lib/python3.10/site-packages/airflow/example_dags/example_branch_operator.py
[2025-02-11T00:17:09.279-0300] {processor.py:914} INFO - Processing file /home/felipe/lab/novamind-flow/.env/lib/python3.10/site-packages/airflow/example_dags/example_branch_operator.py for tasks to queue
[2025-02-11T00:17:09.281-0300] {logging_mixin.py:190} INFO - [2025-02-11T00:17:09.280-0300] {dagbag.py:588} INFO - Filling up the DagBag from /home/felipe/lab/novamind-flow/.env/lib/python3.10/site-packages/airflow/example_dags/example_branch_operator.py
[2025-02-11T00:17:09.294-0300] {processor.py:925} INFO - DAG(s) 'example_branch_operator' retrieved from /home/felipe/lab/novamind-flow/.env/lib/python3.10/site-packages/airflow/example_dags/example_branch_operator.py
[2025-02-11T00:17:09.314-0300] {logging_mixin.py:190} INFO - [2025-02-11T00:17:09.313-0300] {dag.py:3239} INFO - Sync 1 DAGs
[2025-02-11T00:17:09.330-0300] {logging_mixin.py:190} INFO - [2025-02-11T00:17:09.329-0300] {dag.py:4180} INFO - Setting next_dagrun for example_branch_operator to 2025-02-10 00:00:00+00:00, run_after=2025-02-11 00:00:00+00:00
[2025-02-11T00:17:09.357-0300] {processor.py:208} INFO - Processing /home/felipe/lab/novamind-flow/.env/lib/python3.10/site-packages/airflow/example_dags/example_branch_operator.py took 0.085 seconds
