[2025-02-11T00:16:13.058-0300] {processor.py:186} INFO - Started process (PID=71541) to work on /home/felipe/lab/novamind-flow/.env/lib/python3.10/site-packages/airflow/example_dags/example_bash_decorator.py
[2025-02-11T00:16:13.059-0300] {processor.py:914} INFO - Processing file /home/felipe/lab/novamind-flow/.env/lib/python3.10/site-packages/airflow/example_dags/example_bash_decorator.py for tasks to queue
[2025-02-11T00:16:13.061-0300] {logging_mixin.py:190} INFO - [2025-02-11T00:16:13.060-0300] {dagbag.py:588} INFO - Filling up the DagBag from /home/felipe/lab/novamind-flow/.env/lib/python3.10/site-packages/airflow/example_dags/example_bash_decorator.py
[2025-02-11T00:16:13.072-0300] {processor.py:925} INFO - DAG(s) 'example_bash_decorator' retrieved from /home/felipe/lab/novamind-flow/.env/lib/python3.10/site-packages/airflow/example_dags/example_bash_decorator.py
[2025-02-11T00:16:13.162-0300] {logging_mixin.py:190} INFO - [2025-02-11T00:16:13.161-0300] {override.py:1930} INFO - Created Permission View: can delete on DAG:example_bash_decorator
[2025-02-11T00:16:13.182-0300] {logging_mixin.py:190} INFO - [2025-02-11T00:16:13.181-0300] {override.py:1930} INFO - Created Permission View: can edit on DAG:example_bash_decorator
[2025-02-11T00:16:13.195-0300] {logging_mixin.py:190} INFO - [2025-02-11T00:16:13.194-0300] {override.py:1930} INFO - Created Permission View: can read on DAG:example_bash_decorator
[2025-02-11T00:16:13.221-0300] {logging_mixin.py:190} INFO - [2025-02-11T00:16:13.221-0300] {override.py:1930} INFO - Created Permission View: can delete on DAG Run:example_bash_decorator
[2025-02-11T00:16:13.236-0300] {logging_mixin.py:190} INFO - [2025-02-11T00:16:13.236-0300] {override.py:1930} INFO - Created Permission View: can create on DAG Run:example_bash_decorator
[2025-02-11T00:16:13.249-0300] {logging_mixin.py:190} INFO - [2025-02-11T00:16:13.248-0300] {override.py:1930} INFO - Created Permission View: menu access on DAG Run:example_bash_decorator
[2025-02-11T00:16:13.263-0300] {logging_mixin.py:190} INFO - [2025-02-11T00:16:13.263-0300] {override.py:1930} INFO - Created Permission View: can read on DAG Run:example_bash_decorator
[2025-02-11T00:16:13.263-0300] {logging_mixin.py:190} INFO - [2025-02-11T00:16:13.263-0300] {dag.py:3239} INFO - Sync 1 DAGs
[2025-02-11T00:16:13.272-0300] {logging_mixin.py:190} INFO - [2025-02-11T00:16:13.272-0300] {dag.py:3262} INFO - Creating ORM DAG for example_bash_decorator
[2025-02-11T00:16:13.273-0300] {logging_mixin.py:190} INFO - [2025-02-11T00:16:13.273-0300] {dag.py:4180} INFO - Setting next_dagrun for example_bash_decorator to None, run_after=None
[2025-02-11T00:16:13.296-0300] {processor.py:208} INFO - Processing /home/felipe/lab/novamind-flow/.env/lib/python3.10/site-packages/airflow/example_dags/example_bash_decorator.py took 0.243 seconds
[2025-02-11T00:17:13.627-0300] {processor.py:186} INFO - Started process (PID=71682) to work on /home/felipe/lab/novamind-flow/.env/lib/python3.10/site-packages/airflow/example_dags/example_bash_decorator.py
[2025-02-11T00:17:13.629-0300] {processor.py:914} INFO - Processing file /home/felipe/lab/novamind-flow/.env/lib/python3.10/site-packages/airflow/example_dags/example_bash_decorator.py for tasks to queue
[2025-02-11T00:17:13.631-0300] {logging_mixin.py:190} INFO - [2025-02-11T00:17:13.630-0300] {dagbag.py:588} INFO - Filling up the DagBag from /home/felipe/lab/novamind-flow/.env/lib/python3.10/site-packages/airflow/example_dags/example_bash_decorator.py
[2025-02-11T00:17:13.643-0300] {processor.py:925} INFO - DAG(s) 'example_bash_decorator' retrieved from /home/felipe/lab/novamind-flow/.env/lib/python3.10/site-packages/airflow/example_dags/example_bash_decorator.py
[2025-02-11T00:17:13.657-0300] {logging_mixin.py:190} INFO - [2025-02-11T00:17:13.657-0300] {dag.py:3239} INFO - Sync 1 DAGs
[2025-02-11T00:17:13.666-0300] {logging_mixin.py:190} INFO - [2025-02-11T00:17:13.666-0300] {dag.py:4180} INFO - Setting next_dagrun for example_bash_decorator to None, run_after=None
[2025-02-11T00:17:13.688-0300] {processor.py:208} INFO - Processing /home/felipe/lab/novamind-flow/.env/lib/python3.10/site-packages/airflow/example_dags/example_bash_decorator.py took 0.066 seconds
