[2025-02-11T00:15:52.655-0300] {processor.py:186} INFO - Started process (PID=71461) to work on /home/felipe/lab/novamind-flow/.env/lib/python3.10/site-packages/airflow/example_dags/example_branch_operator_decorator.py
[2025-02-11T00:15:52.656-0300] {processor.py:914} INFO - Processing file /home/felipe/lab/novamind-flow/.env/lib/python3.10/site-packages/airflow/example_dags/example_branch_operator_decorator.py for tasks to queue
[2025-02-11T00:15:52.658-0300] {logging_mixin.py:190} INFO - [2025-02-11T00:15:52.658-0300] {dagbag.py:588} INFO - Filling up the DagBag from /home/felipe/lab/novamind-flow/.env/lib/python3.10/site-packages/airflow/example_dags/example_branch_operator_decorator.py
[2025-02-11T00:15:52.676-0300] {processor.py:925} INFO - DAG(s) 'example_branch_python_operator_decorator' retrieved from /home/felipe/lab/novamind-flow/.env/lib/python3.10/site-packages/airflow/example_dags/example_branch_operator_decorator.py
[2025-02-11T00:15:52.847-0300] {logging_mixin.py:190} INFO - [2025-02-11T00:15:52.846-0300] {override.py:1930} INFO - Created Permission View: can delete on DAG:example_branch_python_operator_decorator
[2025-02-11T00:15:52.863-0300] {logging_mixin.py:190} INFO - [2025-02-11T00:15:52.863-0300] {override.py:1930} INFO - Created Permission View: can edit on DAG:example_branch_python_operator_decorator
[2025-02-11T00:15:52.877-0300] {logging_mixin.py:190} INFO - [2025-02-11T00:15:52.877-0300] {override.py:1930} INFO - Created Permission View: can read on DAG:example_branch_python_operator_decorator
[2025-02-11T00:15:52.907-0300] {logging_mixin.py:190} INFO - [2025-02-11T00:15:52.906-0300] {override.py:1930} INFO - Created Permission View: can delete on DAG Run:example_branch_python_operator_decorator
[2025-02-11T00:15:52.925-0300] {logging_mixin.py:190} INFO - [2025-02-11T00:15:52.924-0300] {override.py:1930} INFO - Created Permission View: can create on DAG Run:example_branch_python_operator_decorator
[2025-02-11T00:15:52.940-0300] {logging_mixin.py:190} INFO - [2025-02-11T00:15:52.940-0300] {override.py:1930} INFO - Created Permission View: menu access on DAG Run:example_branch_python_operator_decorator
[2025-02-11T00:15:52.955-0300] {logging_mixin.py:190} INFO - [2025-02-11T00:15:52.954-0300] {override.py:1930} INFO - Created Permission View: can read on DAG Run:example_branch_python_operator_decorator
[2025-02-11T00:15:52.955-0300] {logging_mixin.py:190} INFO - [2025-02-11T00:15:52.955-0300] {dag.py:3239} INFO - Sync 1 DAGs
[2025-02-11T00:15:52.963-0300] {logging_mixin.py:190} INFO - [2025-02-11T00:15:52.963-0300] {dag.py:3262} INFO - Creating ORM DAG for example_branch_python_operator_decorator
[2025-02-11T00:15:52.971-0300] {logging_mixin.py:190} INFO - [2025-02-11T00:15:52.970-0300] {dag.py:4180} INFO - Setting next_dagrun for example_branch_python_operator_decorator to 2025-02-10 00:00:00+00:00, run_after=2025-02-11 00:00:00+00:00
[2025-02-11T00:15:52.997-0300] {processor.py:208} INFO - Processing /home/felipe/lab/novamind-flow/.env/lib/python3.10/site-packages/airflow/example_dags/example_branch_operator_decorator.py took 0.346 seconds
[2025-02-11T00:16:59.603-0300] {processor.py:186} INFO - Started process (PID=71599) to work on /home/felipe/lab/novamind-flow/.env/lib/python3.10/site-packages/airflow/example_dags/example_branch_operator_decorator.py
[2025-02-11T00:16:59.604-0300] {processor.py:914} INFO - Processing file /home/felipe/lab/novamind-flow/.env/lib/python3.10/site-packages/airflow/example_dags/example_branch_operator_decorator.py for tasks to queue
[2025-02-11T00:16:59.606-0300] {logging_mixin.py:190} INFO - [2025-02-11T00:16:59.606-0300] {dagbag.py:588} INFO - Filling up the DagBag from /home/felipe/lab/novamind-flow/.env/lib/python3.10/site-packages/airflow/example_dags/example_branch_operator_decorator.py
[2025-02-11T00:16:59.624-0300] {processor.py:925} INFO - DAG(s) 'example_branch_python_operator_decorator' retrieved from /home/felipe/lab/novamind-flow/.env/lib/python3.10/site-packages/airflow/example_dags/example_branch_operator_decorator.py
[2025-02-11T00:16:59.642-0300] {logging_mixin.py:190} INFO - [2025-02-11T00:16:59.642-0300] {dag.py:3239} INFO - Sync 1 DAGs
[2025-02-11T00:16:59.658-0300] {logging_mixin.py:190} INFO - [2025-02-11T00:16:59.658-0300] {dag.py:4180} INFO - Setting next_dagrun for example_branch_python_operator_decorator to 2025-02-10 00:00:00+00:00, run_after=2025-02-11 00:00:00+00:00
[2025-02-11T00:16:59.681-0300] {processor.py:208} INFO - Processing /home/felipe/lab/novamind-flow/.env/lib/python3.10/site-packages/airflow/example_dags/example_branch_operator_decorator.py took 0.083 seconds
