[2025-02-11T00:15:22.422-0300] {processor.py:186} INFO - Started process (PID=71243) to work on /home/felipe/lab/novamind-flow/.env/lib/python3.10/site-packages/airflow/example_dags/example_time_delta_sensor_async.py
[2025-02-11T00:15:22.423-0300] {processor.py:914} INFO - Processing file /home/felipe/lab/novamind-flow/.env/lib/python3.10/site-packages/airflow/example_dags/example_time_delta_sensor_async.py for tasks to queue
[2025-02-11T00:15:22.425-0300] {logging_mixin.py:190} INFO - [2025-02-11T00:15:22.424-0300] {dagbag.py:588} INFO - Filling up the DagBag from /home/felipe/lab/novamind-flow/.env/lib/python3.10/site-packages/airflow/example_dags/example_time_delta_sensor_async.py
[2025-02-11T00:15:22.430-0300] {processor.py:925} INFO - DAG(s) 'example_time_delta_sensor_async' retrieved from /home/felipe/lab/novamind-flow/.env/lib/python3.10/site-packages/airflow/example_dags/example_time_delta_sensor_async.py
[2025-02-11T00:15:22.593-0300] {logging_mixin.py:190} INFO - [2025-02-11T00:15:22.593-0300] {override.py:1930} INFO - Created Permission View: can delete on DAG:example_time_delta_sensor_async
[2025-02-11T00:15:22.608-0300] {logging_mixin.py:190} INFO - [2025-02-11T00:15:22.607-0300] {override.py:1930} INFO - Created Permission View: can edit on DAG:example_time_delta_sensor_async
[2025-02-11T00:15:22.622-0300] {logging_mixin.py:190} INFO - [2025-02-11T00:15:22.621-0300] {override.py:1930} INFO - Created Permission View: can read on DAG:example_time_delta_sensor_async
[2025-02-11T00:15:22.645-0300] {logging_mixin.py:190} INFO - [2025-02-11T00:15:22.644-0300] {override.py:1930} INFO - Created Permission View: can delete on DAG Run:example_time_delta_sensor_async
[2025-02-11T00:15:22.657-0300] {logging_mixin.py:190} INFO - [2025-02-11T00:15:22.657-0300] {override.py:1930} INFO - Created Permission View: can create on DAG Run:example_time_delta_sensor_async
[2025-02-11T00:15:22.671-0300] {logging_mixin.py:190} INFO - [2025-02-11T00:15:22.670-0300] {override.py:1930} INFO - Created Permission View: menu access on DAG Run:example_time_delta_sensor_async
[2025-02-11T00:15:22.684-0300] {logging_mixin.py:190} INFO - [2025-02-11T00:15:22.683-0300] {override.py:1930} INFO - Created Permission View: can read on DAG Run:example_time_delta_sensor_async
[2025-02-11T00:15:22.684-0300] {logging_mixin.py:190} INFO - [2025-02-11T00:15:22.684-0300] {dag.py:3239} INFO - Sync 1 DAGs
[2025-02-11T00:15:22.691-0300] {logging_mixin.py:190} INFO - [2025-02-11T00:15:22.691-0300] {dag.py:3262} INFO - Creating ORM DAG for example_time_delta_sensor_async
[2025-02-11T00:15:22.691-0300] {logging_mixin.py:190} INFO - [2025-02-11T00:15:22.691-0300] {dag.py:4180} INFO - Setting next_dagrun for example_time_delta_sensor_async to None, run_after=None
[2025-02-11T00:15:22.716-0300] {processor.py:208} INFO - Processing /home/felipe/lab/novamind-flow/.env/lib/python3.10/site-packages/airflow/example_dags/example_time_delta_sensor_async.py took 0.299 seconds
[2025-02-11T00:16:31.957-0300] {processor.py:186} INFO - Started process (PID=71561) to work on /home/felipe/lab/novamind-flow/.env/lib/python3.10/site-packages/airflow/example_dags/example_time_delta_sensor_async.py
[2025-02-11T00:16:31.959-0300] {processor.py:914} INFO - Processing file /home/felipe/lab/novamind-flow/.env/lib/python3.10/site-packages/airflow/example_dags/example_time_delta_sensor_async.py for tasks to queue
[2025-02-11T00:16:31.961-0300] {logging_mixin.py:190} INFO - [2025-02-11T00:16:31.960-0300] {dagbag.py:588} INFO - Filling up the DagBag from /home/felipe/lab/novamind-flow/.env/lib/python3.10/site-packages/airflow/example_dags/example_time_delta_sensor_async.py
[2025-02-11T00:16:31.967-0300] {processor.py:925} INFO - DAG(s) 'example_time_delta_sensor_async' retrieved from /home/felipe/lab/novamind-flow/.env/lib/python3.10/site-packages/airflow/example_dags/example_time_delta_sensor_async.py
[2025-02-11T00:16:31.978-0300] {logging_mixin.py:190} INFO - [2025-02-11T00:16:31.978-0300] {dag.py:3239} INFO - Sync 1 DAGs
[2025-02-11T00:16:31.987-0300] {logging_mixin.py:190} INFO - [2025-02-11T00:16:31.987-0300] {dag.py:4180} INFO - Setting next_dagrun for example_time_delta_sensor_async to None, run_after=None
[2025-02-11T00:16:32.012-0300] {processor.py:208} INFO - Processing /home/felipe/lab/novamind-flow/.env/lib/python3.10/site-packages/airflow/example_dags/example_time_delta_sensor_async.py took 0.060 seconds
[2025-02-11T00:17:27.706-0300] {processor.py:186} INFO - Started process (PID=71737) to work on /home/felipe/lab/novamind-flow/.env/lib/python3.10/site-packages/airflow/example_dags/example_time_delta_sensor_async.py
[2025-02-11T00:17:27.707-0300] {processor.py:914} INFO - Processing file /home/felipe/lab/novamind-flow/.env/lib/python3.10/site-packages/airflow/example_dags/example_time_delta_sensor_async.py for tasks to queue
[2025-02-11T00:17:27.709-0300] {logging_mixin.py:190} INFO - [2025-02-11T00:17:27.709-0300] {dagbag.py:588} INFO - Filling up the DagBag from /home/felipe/lab/novamind-flow/.env/lib/python3.10/site-packages/airflow/example_dags/example_time_delta_sensor_async.py
[2025-02-11T00:17:27.715-0300] {processor.py:925} INFO - DAG(s) 'example_time_delta_sensor_async' retrieved from /home/felipe/lab/novamind-flow/.env/lib/python3.10/site-packages/airflow/example_dags/example_time_delta_sensor_async.py
[2025-02-11T00:17:27.727-0300] {logging_mixin.py:190} INFO - [2025-02-11T00:17:27.727-0300] {dag.py:3239} INFO - Sync 1 DAGs
[2025-02-11T00:17:27.738-0300] {logging_mixin.py:190} INFO - [2025-02-11T00:17:27.738-0300] {dag.py:4180} INFO - Setting next_dagrun for example_time_delta_sensor_async to None, run_after=None
[2025-02-11T00:17:27.762-0300] {processor.py:208} INFO - Processing /home/felipe/lab/novamind-flow/.env/lib/python3.10/site-packages/airflow/example_dags/example_time_delta_sensor_async.py took 0.062 seconds
