[2025-02-11T00:15:32.904-0300] {processor.py:186} INFO - Started process (PID=71420) to work on /home/felipe/lab/novamind-flow/.env/lib/python3.10/site-packages/airflow/example_dags/example_short_circuit_operator.py
[2025-02-11T00:15:32.905-0300] {processor.py:914} INFO - Processing file /home/felipe/lab/novamind-flow/.env/lib/python3.10/site-packages/airflow/example_dags/example_short_circuit_operator.py for tasks to queue
[2025-02-11T00:15:32.907-0300] {logging_mixin.py:190} INFO - [2025-02-11T00:15:32.907-0300] {dagbag.py:588} INFO - Filling up the DagBag from /home/felipe/lab/novamind-flow/.env/lib/python3.10/site-packages/airflow/example_dags/example_short_circuit_operator.py
[2025-02-11T00:15:32.914-0300] {processor.py:925} INFO - DAG(s) 'example_short_circuit_operator' retrieved from /home/felipe/lab/novamind-flow/.env/lib/python3.10/site-packages/airflow/example_dags/example_short_circuit_operator.py
[2025-02-11T00:15:33.080-0300] {logging_mixin.py:190} INFO - [2025-02-11T00:15:33.079-0300] {override.py:1930} INFO - Created Permission View: can delete on DAG:example_short_circuit_operator
[2025-02-11T00:15:33.095-0300] {logging_mixin.py:190} INFO - [2025-02-11T00:15:33.095-0300] {override.py:1930} INFO - Created Permission View: can edit on DAG:example_short_circuit_operator
[2025-02-11T00:15:33.108-0300] {logging_mixin.py:190} INFO - [2025-02-11T00:15:33.107-0300] {override.py:1930} INFO - Created Permission View: can read on DAG:example_short_circuit_operator
[2025-02-11T00:15:33.130-0300] {logging_mixin.py:190} INFO - [2025-02-11T00:15:33.130-0300] {override.py:1930} INFO - Created Permission View: can delete on DAG Run:example_short_circuit_operator
[2025-02-11T00:15:33.143-0300] {logging_mixin.py:190} INFO - [2025-02-11T00:15:33.143-0300] {override.py:1930} INFO - Created Permission View: can create on DAG Run:example_short_circuit_operator
[2025-02-11T00:15:33.156-0300] {logging_mixin.py:190} INFO - [2025-02-11T00:15:33.155-0300] {override.py:1930} INFO - Created Permission View: menu access on DAG Run:example_short_circuit_operator
[2025-02-11T00:15:33.169-0300] {logging_mixin.py:190} INFO - [2025-02-11T00:15:33.168-0300] {override.py:1930} INFO - Created Permission View: can read on DAG Run:example_short_circuit_operator
[2025-02-11T00:15:33.169-0300] {logging_mixin.py:190} INFO - [2025-02-11T00:15:33.169-0300] {dag.py:3239} INFO - Sync 1 DAGs
[2025-02-11T00:15:33.178-0300] {logging_mixin.py:190} INFO - [2025-02-11T00:15:33.178-0300] {dag.py:3262} INFO - Creating ORM DAG for example_short_circuit_operator
[2025-02-11T00:15:33.179-0300] {logging_mixin.py:190} INFO - [2025-02-11T00:15:33.179-0300] {dag.py:4180} INFO - Setting next_dagrun for example_short_circuit_operator to None, run_after=None
[2025-02-11T00:15:33.201-0300] {processor.py:208} INFO - Processing /home/felipe/lab/novamind-flow/.env/lib/python3.10/site-packages/airflow/example_dags/example_short_circuit_operator.py took 0.302 seconds
[2025-02-11T00:16:40.958-0300] {processor.py:186} INFO - Started process (PID=71577) to work on /home/felipe/lab/novamind-flow/.env/lib/python3.10/site-packages/airflow/example_dags/example_short_circuit_operator.py
[2025-02-11T00:16:40.959-0300] {processor.py:914} INFO - Processing file /home/felipe/lab/novamind-flow/.env/lib/python3.10/site-packages/airflow/example_dags/example_short_circuit_operator.py for tasks to queue
[2025-02-11T00:16:40.961-0300] {logging_mixin.py:190} INFO - [2025-02-11T00:16:40.961-0300] {dagbag.py:588} INFO - Filling up the DagBag from /home/felipe/lab/novamind-flow/.env/lib/python3.10/site-packages/airflow/example_dags/example_short_circuit_operator.py
[2025-02-11T00:16:40.969-0300] {processor.py:925} INFO - DAG(s) 'example_short_circuit_operator' retrieved from /home/felipe/lab/novamind-flow/.env/lib/python3.10/site-packages/airflow/example_dags/example_short_circuit_operator.py
[2025-02-11T00:16:40.983-0300] {logging_mixin.py:190} INFO - [2025-02-11T00:16:40.983-0300] {dag.py:3239} INFO - Sync 1 DAGs
[2025-02-11T00:16:40.992-0300] {logging_mixin.py:190} INFO - [2025-02-11T00:16:40.992-0300] {dag.py:4180} INFO - Setting next_dagrun for example_short_circuit_operator to None, run_after=None
[2025-02-11T00:16:41.021-0300] {processor.py:208} INFO - Processing /home/felipe/lab/novamind-flow/.env/lib/python3.10/site-packages/airflow/example_dags/example_short_circuit_operator.py took 0.068 seconds
[2025-02-11T00:17:35.718-0300] {processor.py:186} INFO - Started process (PID=71916) to work on /home/felipe/lab/novamind-flow/.env/lib/python3.10/site-packages/airflow/example_dags/example_short_circuit_operator.py
[2025-02-11T00:17:35.720-0300] {processor.py:914} INFO - Processing file /home/felipe/lab/novamind-flow/.env/lib/python3.10/site-packages/airflow/example_dags/example_short_circuit_operator.py for tasks to queue
[2025-02-11T00:17:35.721-0300] {logging_mixin.py:190} INFO - [2025-02-11T00:17:35.721-0300] {dagbag.py:588} INFO - Filling up the DagBag from /home/felipe/lab/novamind-flow/.env/lib/python3.10/site-packages/airflow/example_dags/example_short_circuit_operator.py
[2025-02-11T00:17:35.728-0300] {processor.py:925} INFO - DAG(s) 'example_short_circuit_operator' retrieved from /home/felipe/lab/novamind-flow/.env/lib/python3.10/site-packages/airflow/example_dags/example_short_circuit_operator.py
[2025-02-11T00:17:35.743-0300] {logging_mixin.py:190} INFO - [2025-02-11T00:17:35.742-0300] {dag.py:3239} INFO - Sync 1 DAGs
[2025-02-11T00:17:35.752-0300] {logging_mixin.py:190} INFO - [2025-02-11T00:17:35.752-0300] {dag.py:4180} INFO - Setting next_dagrun for example_short_circuit_operator to None, run_after=None
[2025-02-11T00:17:35.776-0300] {processor.py:208} INFO - Processing /home/felipe/lab/novamind-flow/.env/lib/python3.10/site-packages/airflow/example_dags/example_short_circuit_operator.py took 0.064 seconds
