[2025-02-11T00:16:10.389-0300] {processor.py:186} INFO - Started process (PID=71539) to work on /home/felipe/lab/novamind-flow/.env/lib/python3.10/site-packages/airflow/example_dags/example_branch_labels.py
[2025-02-11T00:16:10.390-0300] {processor.py:914} INFO - Processing file /home/felipe/lab/novamind-flow/.env/lib/python3.10/site-packages/airflow/example_dags/example_branch_labels.py for tasks to queue
[2025-02-11T00:16:10.392-0300] {logging_mixin.py:190} INFO - [2025-02-11T00:16:10.392-0300] {dagbag.py:588} INFO - Filling up the DagBag from /home/felipe/lab/novamind-flow/.env/lib/python3.10/site-packages/airflow/example_dags/example_branch_labels.py
[2025-02-11T00:16:10.400-0300] {processor.py:925} INFO - DAG(s) 'example_branch_labels' retrieved from /home/felipe/lab/novamind-flow/.env/lib/python3.10/site-packages/airflow/example_dags/example_branch_labels.py
[2025-02-11T00:16:10.491-0300] {logging_mixin.py:190} INFO - [2025-02-11T00:16:10.490-0300] {override.py:1930} INFO - Created Permission View: can delete on DAG:example_branch_labels
[2025-02-11T00:16:10.507-0300] {logging_mixin.py:190} INFO - [2025-02-11T00:16:10.506-0300] {override.py:1930} INFO - Created Permission View: can edit on DAG:example_branch_labels
[2025-02-11T00:16:10.520-0300] {logging_mixin.py:190} INFO - [2025-02-11T00:16:10.520-0300] {override.py:1930} INFO - Created Permission View: can read on DAG:example_branch_labels
[2025-02-11T00:16:10.544-0300] {logging_mixin.py:190} INFO - [2025-02-11T00:16:10.543-0300] {override.py:1930} INFO - Created Permission View: can delete on DAG Run:example_branch_labels
[2025-02-11T00:16:10.557-0300] {logging_mixin.py:190} INFO - [2025-02-11T00:16:10.557-0300] {override.py:1930} INFO - Created Permission View: can create on DAG Run:example_branch_labels
[2025-02-11T00:16:10.570-0300] {logging_mixin.py:190} INFO - [2025-02-11T00:16:10.569-0300] {override.py:1930} INFO - Created Permission View: menu access on DAG Run:example_branch_labels
[2025-02-11T00:16:10.583-0300] {logging_mixin.py:190} INFO - [2025-02-11T00:16:10.582-0300] {override.py:1930} INFO - Created Permission View: can read on DAG Run:example_branch_labels
[2025-02-11T00:16:10.583-0300] {logging_mixin.py:190} INFO - [2025-02-11T00:16:10.583-0300] {dag.py:3239} INFO - Sync 1 DAGs
[2025-02-11T00:16:10.591-0300] {logging_mixin.py:190} INFO - [2025-02-11T00:16:10.591-0300] {dag.py:3262} INFO - Creating ORM DAG for example_branch_labels
[2025-02-11T00:16:10.598-0300] {logging_mixin.py:190} INFO - [2025-02-11T00:16:10.598-0300] {dag.py:4180} INFO - Setting next_dagrun for example_branch_labels to 2025-02-10 00:00:00+00:00, run_after=2025-02-11 00:00:00+00:00
[2025-02-11T00:16:10.621-0300] {processor.py:208} INFO - Processing /home/felipe/lab/novamind-flow/.env/lib/python3.10/site-packages/airflow/example_dags/example_branch_labels.py took 0.237 seconds
[2025-02-11T00:17:11.358-0300] {processor.py:186} INFO - Started process (PID=71675) to work on /home/felipe/lab/novamind-flow/.env/lib/python3.10/site-packages/airflow/example_dags/example_branch_labels.py
[2025-02-11T00:17:11.359-0300] {processor.py:914} INFO - Processing file /home/felipe/lab/novamind-flow/.env/lib/python3.10/site-packages/airflow/example_dags/example_branch_labels.py for tasks to queue
[2025-02-11T00:17:11.361-0300] {logging_mixin.py:190} INFO - [2025-02-11T00:17:11.361-0300] {dagbag.py:588} INFO - Filling up the DagBag from /home/felipe/lab/novamind-flow/.env/lib/python3.10/site-packages/airflow/example_dags/example_branch_labels.py
[2025-02-11T00:17:11.371-0300] {processor.py:925} INFO - DAG(s) 'example_branch_labels' retrieved from /home/felipe/lab/novamind-flow/.env/lib/python3.10/site-packages/airflow/example_dags/example_branch_labels.py
[2025-02-11T00:17:11.386-0300] {logging_mixin.py:190} INFO - [2025-02-11T00:17:11.386-0300] {dag.py:3239} INFO - Sync 1 DAGs
[2025-02-11T00:17:11.402-0300] {logging_mixin.py:190} INFO - [2025-02-11T00:17:11.401-0300] {dag.py:4180} INFO - Setting next_dagrun for example_branch_labels to 2025-02-10 00:00:00+00:00, run_after=2025-02-11 00:00:00+00:00
[2025-02-11T00:17:11.424-0300] {processor.py:208} INFO - Processing /home/felipe/lab/novamind-flow/.env/lib/python3.10/site-packages/airflow/example_dags/example_branch_labels.py took 0.071 seconds
