[2025-02-11T00:15:20.580-0300] {processor.py:186} INFO - Started process (PID=71213) to work on /home/felipe/lab/novamind-flow/.env/lib/python3.10/site-packages/airflow/example_dags/example_xcom.py
[2025-02-11T00:15:20.581-0300] {processor.py:914} INFO - Processing file /home/felipe/lab/novamind-flow/.env/lib/python3.10/site-packages/airflow/example_dags/example_xcom.py for tasks to queue
[2025-02-11T00:15:20.583-0300] {logging_mixin.py:190} INFO - [2025-02-11T00:15:20.582-0300] {dagbag.py:588} INFO - Filling up the DagBag from /home/felipe/lab/novamind-flow/.env/lib/python3.10/site-packages/airflow/example_dags/example_xcom.py
[2025-02-11T00:15:20.594-0300] {processor.py:925} INFO - DAG(s) 'example_xcom' retrieved from /home/felipe/lab/novamind-flow/.env/lib/python3.10/site-packages/airflow/example_dags/example_xcom.py
[2025-02-11T00:15:20.824-0300] {logging_mixin.py:190} INFO - [2025-02-11T00:15:20.823-0300] {override.py:1930} INFO - Created Permission View: can delete on DAG:example_xcom
[2025-02-11T00:15:20.920-0300] {logging_mixin.py:190} INFO - [2025-02-11T00:15:20.919-0300] {override.py:1930} INFO - Created Permission View: can edit on DAG:example_xcom
[2025-02-11T00:15:20.936-0300] {logging_mixin.py:190} INFO - [2025-02-11T00:15:20.935-0300] {override.py:1930} INFO - Created Permission View: can read on DAG:example_xcom
[2025-02-11T00:15:20.963-0300] {logging_mixin.py:190} INFO - [2025-02-11T00:15:20.963-0300] {override.py:1930} INFO - Created Permission View: can delete on DAG Run:example_xcom
[2025-02-11T00:15:21.060-0300] {logging_mixin.py:190} INFO - [2025-02-11T00:15:21.059-0300] {override.py:1930} INFO - Created Permission View: can create on DAG Run:example_xcom
[2025-02-11T00:15:21.076-0300] {logging_mixin.py:190} INFO - [2025-02-11T00:15:21.076-0300] {override.py:1930} INFO - Created Permission View: menu access on DAG Run:example_xcom
[2025-02-11T00:15:21.255-0300] {logging_mixin.py:190} INFO - [2025-02-11T00:15:21.255-0300] {override.py:1930} INFO - Created Permission View: can read on DAG Run:example_xcom
[2025-02-11T00:15:21.255-0300] {logging_mixin.py:190} INFO - [2025-02-11T00:15:21.255-0300] {dag.py:3239} INFO - Sync 1 DAGs
[2025-02-11T00:15:21.272-0300] {logging_mixin.py:190} INFO - [2025-02-11T00:15:21.272-0300] {dag.py:3262} INFO - Creating ORM DAG for example_xcom
[2025-02-11T00:15:21.282-0300] {logging_mixin.py:190} INFO - [2025-02-11T00:15:21.281-0300] {dag.py:4180} INFO - Setting next_dagrun for example_xcom to 2021-01-01 00:00:00+00:00, run_after=2021-01-01 00:00:00+00:00
[2025-02-11T00:15:21.306-0300] {processor.py:208} INFO - Processing /home/felipe/lab/novamind-flow/.env/lib/python3.10/site-packages/airflow/example_dags/example_xcom.py took 0.733 seconds
[2025-02-11T00:16:30.823-0300] {processor.py:186} INFO - Started process (PID=71560) to work on /home/felipe/lab/novamind-flow/.env/lib/python3.10/site-packages/airflow/example_dags/example_xcom.py
[2025-02-11T00:16:30.825-0300] {processor.py:914} INFO - Processing file /home/felipe/lab/novamind-flow/.env/lib/python3.10/site-packages/airflow/example_dags/example_xcom.py for tasks to queue
[2025-02-11T00:16:30.827-0300] {logging_mixin.py:190} INFO - [2025-02-11T00:16:30.826-0300] {dagbag.py:588} INFO - Filling up the DagBag from /home/felipe/lab/novamind-flow/.env/lib/python3.10/site-packages/airflow/example_dags/example_xcom.py
[2025-02-11T00:16:30.837-0300] {processor.py:925} INFO - DAG(s) 'example_xcom' retrieved from /home/felipe/lab/novamind-flow/.env/lib/python3.10/site-packages/airflow/example_dags/example_xcom.py
[2025-02-11T00:16:30.854-0300] {logging_mixin.py:190} INFO - [2025-02-11T00:16:30.854-0300] {dag.py:3239} INFO - Sync 1 DAGs
[2025-02-11T00:16:30.873-0300] {logging_mixin.py:190} INFO - [2025-02-11T00:16:30.873-0300] {dag.py:4180} INFO - Setting next_dagrun for example_xcom to 2021-01-01 00:00:00+00:00, run_after=2021-01-01 00:00:00+00:00
[2025-02-11T00:16:30.896-0300] {processor.py:208} INFO - Processing /home/felipe/lab/novamind-flow/.env/lib/python3.10/site-packages/airflow/example_dags/example_xcom.py took 0.079 seconds
[2025-02-11T00:17:26.574-0300] {processor.py:186} INFO - Started process (PID=71732) to work on /home/felipe/lab/novamind-flow/.env/lib/python3.10/site-packages/airflow/example_dags/example_xcom.py
[2025-02-11T00:17:26.576-0300] {processor.py:914} INFO - Processing file /home/felipe/lab/novamind-flow/.env/lib/python3.10/site-packages/airflow/example_dags/example_xcom.py for tasks to queue
[2025-02-11T00:17:26.579-0300] {logging_mixin.py:190} INFO - [2025-02-11T00:17:26.579-0300] {dagbag.py:588} INFO - Filling up the DagBag from /home/felipe/lab/novamind-flow/.env/lib/python3.10/site-packages/airflow/example_dags/example_xcom.py
[2025-02-11T00:17:26.591-0300] {processor.py:925} INFO - DAG(s) 'example_xcom' retrieved from /home/felipe/lab/novamind-flow/.env/lib/python3.10/site-packages/airflow/example_dags/example_xcom.py
[2025-02-11T00:17:26.610-0300] {logging_mixin.py:190} INFO - [2025-02-11T00:17:26.609-0300] {dag.py:3239} INFO - Sync 1 DAGs
[2025-02-11T00:17:26.628-0300] {logging_mixin.py:190} INFO - [2025-02-11T00:17:26.628-0300] {dag.py:4180} INFO - Setting next_dagrun for example_xcom to 2021-01-01 00:00:00+00:00, run_after=2021-01-01 00:00:00+00:00
[2025-02-11T00:17:26.651-0300] {processor.py:208} INFO - Processing /home/felipe/lab/novamind-flow/.env/lib/python3.10/site-packages/airflow/example_dags/example_xcom.py took 0.084 seconds
