[2025-02-11T00:16:01.390-0300] {processor.py:186} INFO - Started process (PID=71532) to work on /home/felipe/lab/novamind-flow/.env/lib/python3.10/site-packages/airflow/example_dags/example_complex.py
[2025-02-11T00:16:01.391-0300] {processor.py:914} INFO - Processing file /home/felipe/lab/novamind-flow/.env/lib/python3.10/site-packages/airflow/example_dags/example_complex.py for tasks to queue
[2025-02-11T00:16:01.393-0300] {logging_mixin.py:190} INFO - [2025-02-11T00:16:01.393-0300] {dagbag.py:588} INFO - Filling up the DagBag from /home/felipe/lab/novamind-flow/.env/lib/python3.10/site-packages/airflow/example_dags/example_complex.py
[2025-02-11T00:16:01.495-0300] {processor.py:925} INFO - DAG(s) 'example_complex' retrieved from /home/felipe/lab/novamind-flow/.env/lib/python3.10/site-packages/airflow/example_dags/example_complex.py
[2025-02-11T00:16:01.581-0300] {logging_mixin.py:190} INFO - [2025-02-11T00:16:01.580-0300] {override.py:1930} INFO - Created Permission View: can delete on DAG:example_complex
[2025-02-11T00:16:01.597-0300] {logging_mixin.py:190} INFO - [2025-02-11T00:16:01.596-0300] {override.py:1930} INFO - Created Permission View: can edit on DAG:example_complex
[2025-02-11T00:16:01.611-0300] {logging_mixin.py:190} INFO - [2025-02-11T00:16:01.610-0300] {override.py:1930} INFO - Created Permission View: can read on DAG:example_complex
[2025-02-11T00:16:01.642-0300] {logging_mixin.py:190} INFO - [2025-02-11T00:16:01.642-0300] {override.py:1930} INFO - Created Permission View: can delete on DAG Run:example_complex
[2025-02-11T00:16:01.657-0300] {logging_mixin.py:190} INFO - [2025-02-11T00:16:01.656-0300] {override.py:1930} INFO - Created Permission View: can create on DAG Run:example_complex
[2025-02-11T00:16:01.673-0300] {logging_mixin.py:190} INFO - [2025-02-11T00:16:01.672-0300] {override.py:1930} INFO - Created Permission View: menu access on DAG Run:example_complex
[2025-02-11T00:16:01.691-0300] {logging_mixin.py:190} INFO - [2025-02-11T00:16:01.691-0300] {override.py:1930} INFO - Created Permission View: can read on DAG Run:example_complex
[2025-02-11T00:16:01.692-0300] {logging_mixin.py:190} INFO - [2025-02-11T00:16:01.692-0300] {dag.py:3239} INFO - Sync 1 DAGs
[2025-02-11T00:16:01.700-0300] {logging_mixin.py:190} INFO - [2025-02-11T00:16:01.700-0300] {dag.py:3262} INFO - Creating ORM DAG for example_complex
[2025-02-11T00:16:01.701-0300] {logging_mixin.py:190} INFO - [2025-02-11T00:16:01.700-0300] {dag.py:4180} INFO - Setting next_dagrun for example_complex to None, run_after=None
[2025-02-11T00:16:01.726-0300] {processor.py:208} INFO - Processing /home/felipe/lab/novamind-flow/.env/lib/python3.10/site-packages/airflow/example_dags/example_complex.py took 0.341 seconds
[2025-02-11T00:17:05.876-0300] {processor.py:186} INFO - Started process (PID=71668) to work on /home/felipe/lab/novamind-flow/.env/lib/python3.10/site-packages/airflow/example_dags/example_complex.py
[2025-02-11T00:17:05.877-0300] {processor.py:914} INFO - Processing file /home/felipe/lab/novamind-flow/.env/lib/python3.10/site-packages/airflow/example_dags/example_complex.py for tasks to queue
[2025-02-11T00:17:05.879-0300] {logging_mixin.py:190} INFO - [2025-02-11T00:17:05.878-0300] {dagbag.py:588} INFO - Filling up the DagBag from /home/felipe/lab/novamind-flow/.env/lib/python3.10/site-packages/airflow/example_dags/example_complex.py
[2025-02-11T00:17:05.889-0300] {processor.py:925} INFO - DAG(s) 'example_complex' retrieved from /home/felipe/lab/novamind-flow/.env/lib/python3.10/site-packages/airflow/example_dags/example_complex.py
[2025-02-11T00:17:05.908-0300] {logging_mixin.py:190} INFO - [2025-02-11T00:17:05.908-0300] {dag.py:3239} INFO - Sync 1 DAGs
[2025-02-11T00:17:05.918-0300] {logging_mixin.py:190} INFO - [2025-02-11T00:17:05.918-0300] {dag.py:4180} INFO - Setting next_dagrun for example_complex to None, run_after=None
[2025-02-11T00:17:05.941-0300] {processor.py:208} INFO - Processing /home/felipe/lab/novamind-flow/.env/lib/python3.10/site-packages/airflow/example_dags/example_complex.py took 0.070 seconds
