[2025-02-11T00:16:09.083-0300] {processor.py:186} INFO - Started process (PID=71538) to work on /home/felipe/lab/novamind-flow/.env/lib/python3.10/site-packages/airflow/example_dags/example_branch_day_of_week_operator.py
[2025-02-11T00:16:09.083-0300] {processor.py:914} INFO - Processing file /home/felipe/lab/novamind-flow/.env/lib/python3.10/site-packages/airflow/example_dags/example_branch_day_of_week_operator.py for tasks to queue
[2025-02-11T00:16:09.086-0300] {logging_mixin.py:190} INFO - [2025-02-11T00:16:09.085-0300] {dagbag.py:588} INFO - Filling up the DagBag from /home/felipe/lab/novamind-flow/.env/lib/python3.10/site-packages/airflow/example_dags/example_branch_day_of_week_operator.py
[2025-02-11T00:16:09.094-0300] {processor.py:925} INFO - DAG(s) 'example_weekday_branch_operator' retrieved from /home/felipe/lab/novamind-flow/.env/lib/python3.10/site-packages/airflow/example_dags/example_branch_day_of_week_operator.py
[2025-02-11T00:16:09.181-0300] {logging_mixin.py:190} INFO - [2025-02-11T00:16:09.180-0300] {override.py:1930} INFO - Created Permission View: can delete on DAG:example_weekday_branch_operator
[2025-02-11T00:16:09.195-0300] {logging_mixin.py:190} INFO - [2025-02-11T00:16:09.195-0300] {override.py:1930} INFO - Created Permission View: can edit on DAG:example_weekday_branch_operator
[2025-02-11T00:16:09.209-0300] {logging_mixin.py:190} INFO - [2025-02-11T00:16:09.209-0300] {override.py:1930} INFO - Created Permission View: can read on DAG:example_weekday_branch_operator
[2025-02-11T00:16:09.233-0300] {logging_mixin.py:190} INFO - [2025-02-11T00:16:09.232-0300] {override.py:1930} INFO - Created Permission View: can delete on DAG Run:example_weekday_branch_operator
[2025-02-11T00:16:09.245-0300] {logging_mixin.py:190} INFO - [2025-02-11T00:16:09.245-0300] {override.py:1930} INFO - Created Permission View: can create on DAG Run:example_weekday_branch_operator
[2025-02-11T00:16:09.259-0300] {logging_mixin.py:190} INFO - [2025-02-11T00:16:09.259-0300] {override.py:1930} INFO - Created Permission View: menu access on DAG Run:example_weekday_branch_operator
[2025-02-11T00:16:09.271-0300] {logging_mixin.py:190} INFO - [2025-02-11T00:16:09.271-0300] {override.py:1930} INFO - Created Permission View: can read on DAG Run:example_weekday_branch_operator
[2025-02-11T00:16:09.272-0300] {logging_mixin.py:190} INFO - [2025-02-11T00:16:09.272-0300] {dag.py:3239} INFO - Sync 1 DAGs
[2025-02-11T00:16:09.279-0300] {logging_mixin.py:190} INFO - [2025-02-11T00:16:09.279-0300] {dag.py:3262} INFO - Creating ORM DAG for example_weekday_branch_operator
[2025-02-11T00:16:09.286-0300] {logging_mixin.py:190} INFO - [2025-02-11T00:16:09.286-0300] {dag.py:4180} INFO - Setting next_dagrun for example_weekday_branch_operator to 2025-02-10 00:00:00+00:00, run_after=2025-02-11 00:00:00+00:00
[2025-02-11T00:16:09.311-0300] {processor.py:208} INFO - Processing /home/felipe/lab/novamind-flow/.env/lib/python3.10/site-packages/airflow/example_dags/example_branch_day_of_week_operator.py took 0.233 seconds
[2025-02-11T00:17:11.125-0300] {processor.py:186} INFO - Started process (PID=71673) to work on /home/felipe/lab/novamind-flow/.env/lib/python3.10/site-packages/airflow/example_dags/example_branch_day_of_week_operator.py
[2025-02-11T00:17:11.127-0300] {processor.py:914} INFO - Processing file /home/felipe/lab/novamind-flow/.env/lib/python3.10/site-packages/airflow/example_dags/example_branch_day_of_week_operator.py for tasks to queue
[2025-02-11T00:17:11.129-0300] {logging_mixin.py:190} INFO - [2025-02-11T00:17:11.129-0300] {dagbag.py:588} INFO - Filling up the DagBag from /home/felipe/lab/novamind-flow/.env/lib/python3.10/site-packages/airflow/example_dags/example_branch_day_of_week_operator.py
[2025-02-11T00:17:11.138-0300] {processor.py:925} INFO - DAG(s) 'example_weekday_branch_operator' retrieved from /home/felipe/lab/novamind-flow/.env/lib/python3.10/site-packages/airflow/example_dags/example_branch_day_of_week_operator.py
[2025-02-11T00:17:11.151-0300] {logging_mixin.py:190} INFO - [2025-02-11T00:17:11.150-0300] {dag.py:3239} INFO - Sync 1 DAGs
[2025-02-11T00:17:11.166-0300] {logging_mixin.py:190} INFO - [2025-02-11T00:17:11.165-0300] {dag.py:4180} INFO - Setting next_dagrun for example_weekday_branch_operator to 2025-02-10 00:00:00+00:00, run_after=2025-02-11 00:00:00+00:00
[2025-02-11T00:17:11.189-0300] {processor.py:208} INFO - Processing /home/felipe/lab/novamind-flow/.env/lib/python3.10/site-packages/airflow/example_dags/example_branch_day_of_week_operator.py took 0.069 seconds
