[2025-02-11T00:15:59.950-0300] {processor.py:186} INFO - Started process (PID=71496) to work on /home/felipe/lab/novamind-flow/.env/lib/python3.10/site-packages/airflow/example_dags/example_dag_decorator.py
[2025-02-11T00:15:59.951-0300] {processor.py:914} INFO - Processing file /home/felipe/lab/novamind-flow/.env/lib/python3.10/site-packages/airflow/example_dags/example_dag_decorator.py for tasks to queue
[2025-02-11T00:15:59.953-0300] {logging_mixin.py:190} INFO - [2025-02-11T00:15:59.952-0300] {dagbag.py:588} INFO - Filling up the DagBag from /home/felipe/lab/novamind-flow/.env/lib/python3.10/site-packages/airflow/example_dags/example_dag_decorator.py
[2025-02-11T00:16:00.057-0300] {processor.py:925} INFO - DAG(s) 'example_dag_decorator' retrieved from /home/felipe/lab/novamind-flow/.env/lib/python3.10/site-packages/airflow/example_dags/example_dag_decorator.py
[2025-02-11T00:16:00.140-0300] {logging_mixin.py:190} INFO - [2025-02-11T00:16:00.139-0300] {override.py:1930} INFO - Created Permission View: can delete on DAG:example_dag_decorator
[2025-02-11T00:16:00.156-0300] {logging_mixin.py:190} INFO - [2025-02-11T00:16:00.156-0300] {override.py:1930} INFO - Created Permission View: can edit on DAG:example_dag_decorator
[2025-02-11T00:16:00.171-0300] {logging_mixin.py:190} INFO - [2025-02-11T00:16:00.171-0300] {override.py:1930} INFO - Created Permission View: can read on DAG:example_dag_decorator
[2025-02-11T00:16:00.195-0300] {logging_mixin.py:190} INFO - [2025-02-11T00:16:00.195-0300] {override.py:1930} INFO - Created Permission View: can delete on DAG Run:example_dag_decorator
[2025-02-11T00:16:00.209-0300] {logging_mixin.py:190} INFO - [2025-02-11T00:16:00.208-0300] {override.py:1930} INFO - Created Permission View: can create on DAG Run:example_dag_decorator
[2025-02-11T00:16:00.222-0300] {logging_mixin.py:190} INFO - [2025-02-11T00:16:00.222-0300] {override.py:1930} INFO - Created Permission View: menu access on DAG Run:example_dag_decorator
[2025-02-11T00:16:00.236-0300] {logging_mixin.py:190} INFO - [2025-02-11T00:16:00.236-0300] {override.py:1930} INFO - Created Permission View: can read on DAG Run:example_dag_decorator
[2025-02-11T00:16:00.237-0300] {logging_mixin.py:190} INFO - [2025-02-11T00:16:00.237-0300] {dag.py:3239} INFO - Sync 1 DAGs
[2025-02-11T00:16:00.244-0300] {logging_mixin.py:190} INFO - [2025-02-11T00:16:00.244-0300] {dag.py:3262} INFO - Creating ORM DAG for example_dag_decorator
[2025-02-11T00:16:00.244-0300] {logging_mixin.py:190} INFO - [2025-02-11T00:16:00.244-0300] {dag.py:4180} INFO - Setting next_dagrun for example_dag_decorator to None, run_after=None
[2025-02-11T00:16:00.286-0300] {processor.py:208} INFO - Processing /home/felipe/lab/novamind-flow/.env/lib/python3.10/site-packages/airflow/example_dags/example_dag_decorator.py took 0.341 seconds
[2025-02-11T00:17:04.625-0300] {processor.py:186} INFO - Started process (PID=71667) to work on /home/felipe/lab/novamind-flow/.env/lib/python3.10/site-packages/airflow/example_dags/example_dag_decorator.py
[2025-02-11T00:17:04.626-0300] {processor.py:914} INFO - Processing file /home/felipe/lab/novamind-flow/.env/lib/python3.10/site-packages/airflow/example_dags/example_dag_decorator.py for tasks to queue
[2025-02-11T00:17:04.628-0300] {logging_mixin.py:190} INFO - [2025-02-11T00:17:04.628-0300] {dagbag.py:588} INFO - Filling up the DagBag from /home/felipe/lab/novamind-flow/.env/lib/python3.10/site-packages/airflow/example_dags/example_dag_decorator.py
[2025-02-11T00:17:04.654-0300] {processor.py:925} INFO - DAG(s) 'example_dag_decorator' retrieved from /home/felipe/lab/novamind-flow/.env/lib/python3.10/site-packages/airflow/example_dags/example_dag_decorator.py
[2025-02-11T00:17:04.716-0300] {logging_mixin.py:190} INFO - [2025-02-11T00:17:04.716-0300] {dag.py:3239} INFO - Sync 1 DAGs
[2025-02-11T00:17:04.723-0300] {logging_mixin.py:190} INFO - [2025-02-11T00:17:04.723-0300] {dag.py:4180} INFO - Setting next_dagrun for example_dag_decorator to None, run_after=None
[2025-02-11T00:17:04.751-0300] {processor.py:208} INFO - Processing /home/felipe/lab/novamind-flow/.env/lib/python3.10/site-packages/airflow/example_dags/example_dag_decorator.py took 0.131 seconds
