[2025-02-11T00:16:06.632-0300] {processor.py:186} INFO - Started process (PID=71537) to work on /home/felipe/lab/novamind-flow/.env/lib/python3.10/site-packages/airflow/example_dags/example_datasets.py
[2025-02-11T00:16:06.633-0300] {processor.py:914} INFO - Processing file /home/felipe/lab/novamind-flow/.env/lib/python3.10/site-packages/airflow/example_dags/example_datasets.py for tasks to queue
[2025-02-11T00:16:06.634-0300] {logging_mixin.py:190} INFO - [2025-02-11T00:16:06.634-0300] {dagbag.py:588} INFO - Filling up the DagBag from /home/felipe/lab/novamind-flow/.env/lib/python3.10/site-packages/airflow/example_dags/example_datasets.py
[2025-02-11T00:16:06.648-0300] {processor.py:925} INFO - DAG(s) 'dataset_produces_2', 'consume_1_and_2_with_dataset_expressions', 'consume_1_or_both_2_and_3_with_dataset_expressions', 'consume_1_or_2_with_dataset_expressions', 'conditional_dataset_and_time_based_timetable', 'dataset_consumes_1_never_scheduled', 'dataset_consumes_unknown_never_scheduled', 'dataset_produces_1', 'dataset_consumes_1_and_2', 'dataset_consumes_1' retrieved from /home/felipe/lab/novamind-flow/.env/lib/python3.10/site-packages/airflow/example_dags/example_datasets.py
[2025-02-11T00:16:06.740-0300] {logging_mixin.py:190} INFO - [2025-02-11T00:16:06.739-0300] {override.py:1930} INFO - Created Permission View: can delete on DAG:dataset_produces_2
[2025-02-11T00:16:06.756-0300] {logging_mixin.py:190} INFO - [2025-02-11T00:16:06.756-0300] {override.py:1930} INFO - Created Permission View: can edit on DAG:dataset_produces_2
[2025-02-11T00:16:06.771-0300] {logging_mixin.py:190} INFO - [2025-02-11T00:16:06.771-0300] {override.py:1930} INFO - Created Permission View: can read on DAG:dataset_produces_2
[2025-02-11T00:16:06.795-0300] {logging_mixin.py:190} INFO - [2025-02-11T00:16:06.795-0300] {override.py:1930} INFO - Created Permission View: can delete on DAG Run:dataset_produces_2
[2025-02-11T00:16:06.809-0300] {logging_mixin.py:190} INFO - [2025-02-11T00:16:06.809-0300] {override.py:1930} INFO - Created Permission View: can create on DAG Run:dataset_produces_2
[2025-02-11T00:16:06.824-0300] {logging_mixin.py:190} INFO - [2025-02-11T00:16:06.824-0300] {override.py:1930} INFO - Created Permission View: menu access on DAG Run:dataset_produces_2
[2025-02-11T00:16:06.837-0300] {logging_mixin.py:190} INFO - [2025-02-11T00:16:06.837-0300] {override.py:1930} INFO - Created Permission View: can read on DAG Run:dataset_produces_2
[2025-02-11T00:16:06.872-0300] {logging_mixin.py:190} INFO - [2025-02-11T00:16:06.871-0300] {override.py:1930} INFO - Created Permission View: can delete on DAG:consume_1_and_2_with_dataset_expressions
[2025-02-11T00:16:06.886-0300] {logging_mixin.py:190} INFO - [2025-02-11T00:16:06.885-0300] {override.py:1930} INFO - Created Permission View: can edit on DAG:consume_1_and_2_with_dataset_expressions
[2025-02-11T00:16:06.904-0300] {logging_mixin.py:190} INFO - [2025-02-11T00:16:06.903-0300] {override.py:1930} INFO - Created Permission View: can read on DAG:consume_1_and_2_with_dataset_expressions
[2025-02-11T00:16:06.928-0300] {logging_mixin.py:190} INFO - [2025-02-11T00:16:06.928-0300] {override.py:1930} INFO - Created Permission View: can delete on DAG Run:consume_1_and_2_with_dataset_expressions
[2025-02-11T00:16:06.942-0300] {logging_mixin.py:190} INFO - [2025-02-11T00:16:06.941-0300] {override.py:1930} INFO - Created Permission View: can create on DAG Run:consume_1_and_2_with_dataset_expressions
[2025-02-11T00:16:06.955-0300] {logging_mixin.py:190} INFO - [2025-02-11T00:16:06.955-0300] {override.py:1930} INFO - Created Permission View: menu access on DAG Run:consume_1_and_2_with_dataset_expressions
[2025-02-11T00:16:06.968-0300] {logging_mixin.py:190} INFO - [2025-02-11T00:16:06.968-0300] {override.py:1930} INFO - Created Permission View: can read on DAG Run:consume_1_and_2_with_dataset_expressions
[2025-02-11T00:16:06.998-0300] {logging_mixin.py:190} INFO - [2025-02-11T00:16:06.998-0300] {override.py:1930} INFO - Created Permission View: can delete on DAG:consume_1_or_both_2_and_3_with_dataset_expressions
[2025-02-11T00:16:07.012-0300] {logging_mixin.py:190} INFO - [2025-02-11T00:16:07.012-0300] {override.py:1930} INFO - Created Permission View: can edit on DAG:consume_1_or_both_2_and_3_with_dataset_expressions
[2025-02-11T00:16:07.026-0300] {logging_mixin.py:190} INFO - [2025-02-11T00:16:07.026-0300] {override.py:1930} INFO - Created Permission View: can read on DAG:consume_1_or_both_2_and_3_with_dataset_expressions
[2025-02-11T00:16:07.051-0300] {logging_mixin.py:190} INFO - [2025-02-11T00:16:07.050-0300] {override.py:1930} INFO - Created Permission View: can delete on DAG Run:consume_1_or_both_2_and_3_with_dataset_expressions
[2025-02-11T00:16:07.064-0300] {logging_mixin.py:190} INFO - [2025-02-11T00:16:07.064-0300] {override.py:1930} INFO - Created Permission View: can create on DAG Run:consume_1_or_both_2_and_3_with_dataset_expressions
[2025-02-11T00:16:07.078-0300] {logging_mixin.py:190} INFO - [2025-02-11T00:16:07.077-0300] {override.py:1930} INFO - Created Permission View: menu access on DAG Run:consume_1_or_both_2_and_3_with_dataset_expressions
[2025-02-11T00:16:07.091-0300] {logging_mixin.py:190} INFO - [2025-02-11T00:16:07.091-0300] {override.py:1930} INFO - Created Permission View: can read on DAG Run:consume_1_or_both_2_and_3_with_dataset_expressions
[2025-02-11T00:16:07.125-0300] {logging_mixin.py:190} INFO - [2025-02-11T00:16:07.124-0300] {override.py:1930} INFO - Created Permission View: can delete on DAG:consume_1_or_2_with_dataset_expressions
[2025-02-11T00:16:07.140-0300] {logging_mixin.py:190} INFO - [2025-02-11T00:16:07.139-0300] {override.py:1930} INFO - Created Permission View: can edit on DAG:consume_1_or_2_with_dataset_expressions
[2025-02-11T00:16:07.155-0300] {logging_mixin.py:190} INFO - [2025-02-11T00:16:07.154-0300] {override.py:1930} INFO - Created Permission View: can read on DAG:consume_1_or_2_with_dataset_expressions
[2025-02-11T00:16:07.179-0300] {logging_mixin.py:190} INFO - [2025-02-11T00:16:07.179-0300] {override.py:1930} INFO - Created Permission View: can delete on DAG Run:consume_1_or_2_with_dataset_expressions
[2025-02-11T00:16:07.194-0300] {logging_mixin.py:190} INFO - [2025-02-11T00:16:07.194-0300] {override.py:1930} INFO - Created Permission View: can create on DAG Run:consume_1_or_2_with_dataset_expressions
[2025-02-11T00:16:07.209-0300] {logging_mixin.py:190} INFO - [2025-02-11T00:16:07.208-0300] {override.py:1930} INFO - Created Permission View: menu access on DAG Run:consume_1_or_2_with_dataset_expressions
[2025-02-11T00:16:07.223-0300] {logging_mixin.py:190} INFO - [2025-02-11T00:16:07.222-0300] {override.py:1930} INFO - Created Permission View: can read on DAG Run:consume_1_or_2_with_dataset_expressions
[2025-02-11T00:16:07.252-0300] {logging_mixin.py:190} INFO - [2025-02-11T00:16:07.252-0300] {override.py:1930} INFO - Created Permission View: can delete on DAG:conditional_dataset_and_time_based_timetable
[2025-02-11T00:16:07.267-0300] {logging_mixin.py:190} INFO - [2025-02-11T00:16:07.266-0300] {override.py:1930} INFO - Created Permission View: can edit on DAG:conditional_dataset_and_time_based_timetable
[2025-02-11T00:16:07.281-0300] {logging_mixin.py:190} INFO - [2025-02-11T00:16:07.280-0300] {override.py:1930} INFO - Created Permission View: can read on DAG:conditional_dataset_and_time_based_timetable
[2025-02-11T00:16:07.304-0300] {logging_mixin.py:190} INFO - [2025-02-11T00:16:07.304-0300] {override.py:1930} INFO - Created Permission View: can delete on DAG Run:conditional_dataset_and_time_based_timetable
[2025-02-11T00:16:07.318-0300] {logging_mixin.py:190} INFO - [2025-02-11T00:16:07.317-0300] {override.py:1930} INFO - Created Permission View: can create on DAG Run:conditional_dataset_and_time_based_timetable
[2025-02-11T00:16:07.332-0300] {logging_mixin.py:190} INFO - [2025-02-11T00:16:07.331-0300] {override.py:1930} INFO - Created Permission View: menu access on DAG Run:conditional_dataset_and_time_based_timetable
[2025-02-11T00:16:07.346-0300] {logging_mixin.py:190} INFO - [2025-02-11T00:16:07.346-0300] {override.py:1930} INFO - Created Permission View: can read on DAG Run:conditional_dataset_and_time_based_timetable
[2025-02-11T00:16:07.377-0300] {logging_mixin.py:190} INFO - [2025-02-11T00:16:07.376-0300] {override.py:1930} INFO - Created Permission View: can delete on DAG:dataset_consumes_1_never_scheduled
[2025-02-11T00:16:07.400-0300] {logging_mixin.py:190} INFO - [2025-02-11T00:16:07.400-0300] {override.py:1930} INFO - Created Permission View: can edit on DAG:dataset_consumes_1_never_scheduled
[2025-02-11T00:16:07.414-0300] {logging_mixin.py:190} INFO - [2025-02-11T00:16:07.413-0300] {override.py:1930} INFO - Created Permission View: can read on DAG:dataset_consumes_1_never_scheduled
[2025-02-11T00:16:07.438-0300] {logging_mixin.py:190} INFO - [2025-02-11T00:16:07.437-0300] {override.py:1930} INFO - Created Permission View: can delete on DAG Run:dataset_consumes_1_never_scheduled
[2025-02-11T00:16:07.450-0300] {logging_mixin.py:190} INFO - [2025-02-11T00:16:07.450-0300] {override.py:1930} INFO - Created Permission View: can create on DAG Run:dataset_consumes_1_never_scheduled
[2025-02-11T00:16:07.464-0300] {logging_mixin.py:190} INFO - [2025-02-11T00:16:07.463-0300] {override.py:1930} INFO - Created Permission View: menu access on DAG Run:dataset_consumes_1_never_scheduled
[2025-02-11T00:16:07.477-0300] {logging_mixin.py:190} INFO - [2025-02-11T00:16:07.476-0300] {override.py:1930} INFO - Created Permission View: can read on DAG Run:dataset_consumes_1_never_scheduled
[2025-02-11T00:16:07.507-0300] {logging_mixin.py:190} INFO - [2025-02-11T00:16:07.507-0300] {override.py:1930} INFO - Created Permission View: can delete on DAG:dataset_consumes_unknown_never_scheduled
[2025-02-11T00:16:07.520-0300] {logging_mixin.py:190} INFO - [2025-02-11T00:16:07.520-0300] {override.py:1930} INFO - Created Permission View: can edit on DAG:dataset_consumes_unknown_never_scheduled
[2025-02-11T00:16:07.534-0300] {logging_mixin.py:190} INFO - [2025-02-11T00:16:07.533-0300] {override.py:1930} INFO - Created Permission View: can read on DAG:dataset_consumes_unknown_never_scheduled
[2025-02-11T00:16:07.557-0300] {logging_mixin.py:190} INFO - [2025-02-11T00:16:07.557-0300] {override.py:1930} INFO - Created Permission View: can delete on DAG Run:dataset_consumes_unknown_never_scheduled
[2025-02-11T00:16:07.571-0300] {logging_mixin.py:190} INFO - [2025-02-11T00:16:07.570-0300] {override.py:1930} INFO - Created Permission View: can create on DAG Run:dataset_consumes_unknown_never_scheduled
[2025-02-11T00:16:07.586-0300] {logging_mixin.py:190} INFO - [2025-02-11T00:16:07.586-0300] {override.py:1930} INFO - Created Permission View: menu access on DAG Run:dataset_consumes_unknown_never_scheduled
[2025-02-11T00:16:07.601-0300] {logging_mixin.py:190} INFO - [2025-02-11T00:16:07.600-0300] {override.py:1930} INFO - Created Permission View: can read on DAG Run:dataset_consumes_unknown_never_scheduled
[2025-02-11T00:16:07.631-0300] {logging_mixin.py:190} INFO - [2025-02-11T00:16:07.631-0300] {override.py:1930} INFO - Created Permission View: can delete on DAG:dataset_produces_1
[2025-02-11T00:16:07.644-0300] {logging_mixin.py:190} INFO - [2025-02-11T00:16:07.644-0300] {override.py:1930} INFO - Created Permission View: can edit on DAG:dataset_produces_1
[2025-02-11T00:16:07.658-0300] {logging_mixin.py:190} INFO - [2025-02-11T00:16:07.658-0300] {override.py:1930} INFO - Created Permission View: can read on DAG:dataset_produces_1
[2025-02-11T00:16:07.682-0300] {logging_mixin.py:190} INFO - [2025-02-11T00:16:07.681-0300] {override.py:1930} INFO - Created Permission View: can delete on DAG Run:dataset_produces_1
[2025-02-11T00:16:07.695-0300] {logging_mixin.py:190} INFO - [2025-02-11T00:16:07.694-0300] {override.py:1930} INFO - Created Permission View: can create on DAG Run:dataset_produces_1
[2025-02-11T00:16:07.712-0300] {logging_mixin.py:190} INFO - [2025-02-11T00:16:07.711-0300] {override.py:1930} INFO - Created Permission View: menu access on DAG Run:dataset_produces_1
[2025-02-11T00:16:07.725-0300] {logging_mixin.py:190} INFO - [2025-02-11T00:16:07.725-0300] {override.py:1930} INFO - Created Permission View: can read on DAG Run:dataset_produces_1
[2025-02-11T00:16:07.755-0300] {logging_mixin.py:190} INFO - [2025-02-11T00:16:07.755-0300] {override.py:1930} INFO - Created Permission View: can delete on DAG:dataset_consumes_1_and_2
[2025-02-11T00:16:07.769-0300] {logging_mixin.py:190} INFO - [2025-02-11T00:16:07.769-0300] {override.py:1930} INFO - Created Permission View: can edit on DAG:dataset_consumes_1_and_2
[2025-02-11T00:16:07.782-0300] {logging_mixin.py:190} INFO - [2025-02-11T00:16:07.782-0300] {override.py:1930} INFO - Created Permission View: can read on DAG:dataset_consumes_1_and_2
[2025-02-11T00:16:07.806-0300] {logging_mixin.py:190} INFO - [2025-02-11T00:16:07.806-0300] {override.py:1930} INFO - Created Permission View: can delete on DAG Run:dataset_consumes_1_and_2
[2025-02-11T00:16:07.820-0300] {logging_mixin.py:190} INFO - [2025-02-11T00:16:07.820-0300] {override.py:1930} INFO - Created Permission View: can create on DAG Run:dataset_consumes_1_and_2
[2025-02-11T00:16:07.834-0300] {logging_mixin.py:190} INFO - [2025-02-11T00:16:07.833-0300] {override.py:1930} INFO - Created Permission View: menu access on DAG Run:dataset_consumes_1_and_2
[2025-02-11T00:16:07.847-0300] {logging_mixin.py:190} INFO - [2025-02-11T00:16:07.847-0300] {override.py:1930} INFO - Created Permission View: can read on DAG Run:dataset_consumes_1_and_2
[2025-02-11T00:16:07.876-0300] {logging_mixin.py:190} INFO - [2025-02-11T00:16:07.875-0300] {override.py:1930} INFO - Created Permission View: can delete on DAG:dataset_consumes_1
[2025-02-11T00:16:07.890-0300] {logging_mixin.py:190} INFO - [2025-02-11T00:16:07.889-0300] {override.py:1930} INFO - Created Permission View: can edit on DAG:dataset_consumes_1
[2025-02-11T00:16:07.902-0300] {logging_mixin.py:190} INFO - [2025-02-11T00:16:07.902-0300] {override.py:1930} INFO - Created Permission View: can read on DAG:dataset_consumes_1
[2025-02-11T00:16:07.926-0300] {logging_mixin.py:190} INFO - [2025-02-11T00:16:07.925-0300] {override.py:1930} INFO - Created Permission View: can delete on DAG Run:dataset_consumes_1
[2025-02-11T00:16:07.939-0300] {logging_mixin.py:190} INFO - [2025-02-11T00:16:07.939-0300] {override.py:1930} INFO - Created Permission View: can create on DAG Run:dataset_consumes_1
[2025-02-11T00:16:07.952-0300] {logging_mixin.py:190} INFO - [2025-02-11T00:16:07.952-0300] {override.py:1930} INFO - Created Permission View: menu access on DAG Run:dataset_consumes_1
[2025-02-11T00:16:07.966-0300] {logging_mixin.py:190} INFO - [2025-02-11T00:16:07.966-0300] {override.py:1930} INFO - Created Permission View: can read on DAG Run:dataset_consumes_1
[2025-02-11T00:16:07.967-0300] {logging_mixin.py:190} INFO - [2025-02-11T00:16:07.966-0300] {dag.py:3239} INFO - Sync 10 DAGs
[2025-02-11T00:16:07.975-0300] {logging_mixin.py:190} INFO - [2025-02-11T00:16:07.974-0300] {dag.py:3262} INFO - Creating ORM DAG for dataset_consumes_1
[2025-02-11T00:16:07.975-0300] {logging_mixin.py:190} INFO - [2025-02-11T00:16:07.975-0300] {dag.py:3262} INFO - Creating ORM DAG for consume_1_or_both_2_and_3_with_dataset_expressions
[2025-02-11T00:16:07.975-0300] {logging_mixin.py:190} INFO - [2025-02-11T00:16:07.975-0300] {dag.py:3262} INFO - Creating ORM DAG for dataset_consumes_unknown_never_scheduled
[2025-02-11T00:16:07.976-0300] {logging_mixin.py:190} INFO - [2025-02-11T00:16:07.976-0300] {dag.py:3262} INFO - Creating ORM DAG for dataset_consumes_1_and_2
[2025-02-11T00:16:07.976-0300] {logging_mixin.py:190} INFO - [2025-02-11T00:16:07.976-0300] {dag.py:3262} INFO - Creating ORM DAG for consume_1_and_2_with_dataset_expressions
[2025-02-11T00:16:07.976-0300] {logging_mixin.py:190} INFO - [2025-02-11T00:16:07.976-0300] {dag.py:3262} INFO - Creating ORM DAG for dataset_consumes_1_never_scheduled
[2025-02-11T00:16:07.976-0300] {logging_mixin.py:190} INFO - [2025-02-11T00:16:07.976-0300] {dag.py:3262} INFO - Creating ORM DAG for conditional_dataset_and_time_based_timetable
[2025-02-11T00:16:07.977-0300] {logging_mixin.py:190} INFO - [2025-02-11T00:16:07.977-0300] {dag.py:3262} INFO - Creating ORM DAG for dataset_produces_2
[2025-02-11T00:16:07.977-0300] {logging_mixin.py:190} INFO - [2025-02-11T00:16:07.977-0300] {dag.py:3262} INFO - Creating ORM DAG for dataset_produces_1
[2025-02-11T00:16:07.977-0300] {logging_mixin.py:190} INFO - [2025-02-11T00:16:07.977-0300] {dag.py:3262} INFO - Creating ORM DAG for consume_1_or_2_with_dataset_expressions
[2025-02-11T00:16:07.984-0300] {logging_mixin.py:190} INFO - [2025-02-11T00:16:07.983-0300] {dag.py:4180} INFO - Setting next_dagrun for conditional_dataset_and_time_based_timetable to 2025-02-05 01:00:00+00:00, run_after=2025-02-05 01:00:00+00:00
[2025-02-11T00:16:07.984-0300] {logging_mixin.py:190} INFO - [2025-02-11T00:16:07.984-0300] {dag.py:4180} INFO - Setting next_dagrun for consume_1_and_2_with_dataset_expressions to None, run_after=None
[2025-02-11T00:16:07.984-0300] {logging_mixin.py:190} INFO - [2025-02-11T00:16:07.984-0300] {dag.py:4180} INFO - Setting next_dagrun for consume_1_or_2_with_dataset_expressions to None, run_after=None
[2025-02-11T00:16:07.985-0300] {logging_mixin.py:190} INFO - [2025-02-11T00:16:07.984-0300] {dag.py:4180} INFO - Setting next_dagrun for consume_1_or_both_2_and_3_with_dataset_expressions to None, run_after=None
[2025-02-11T00:16:07.985-0300] {logging_mixin.py:190} INFO - [2025-02-11T00:16:07.985-0300] {dag.py:4180} INFO - Setting next_dagrun for dataset_consumes_1 to None, run_after=None
[2025-02-11T00:16:07.985-0300] {logging_mixin.py:190} INFO - [2025-02-11T00:16:07.985-0300] {dag.py:4180} INFO - Setting next_dagrun for dataset_consumes_1_and_2 to None, run_after=None
[2025-02-11T00:16:07.985-0300] {logging_mixin.py:190} INFO - [2025-02-11T00:16:07.985-0300] {dag.py:4180} INFO - Setting next_dagrun for dataset_consumes_1_never_scheduled to None, run_after=None
[2025-02-11T00:16:07.986-0300] {logging_mixin.py:190} INFO - [2025-02-11T00:16:07.985-0300] {dag.py:4180} INFO - Setting next_dagrun for dataset_consumes_unknown_never_scheduled to None, run_after=None
[2025-02-11T00:16:07.987-0300] {logging_mixin.py:190} INFO - [2025-02-11T00:16:07.987-0300] {dag.py:4180} INFO - Setting next_dagrun for dataset_produces_1 to 2025-02-10 00:00:00+00:00, run_after=2025-02-11 00:00:00+00:00
[2025-02-11T00:16:07.987-0300] {logging_mixin.py:190} INFO - [2025-02-11T00:16:07.987-0300] {dag.py:4180} INFO - Setting next_dagrun for dataset_produces_2 to None, run_after=None
[2025-02-11T00:16:08.019-0300] {processor.py:208} INFO - Processing /home/felipe/lab/novamind-flow/.env/lib/python3.10/site-packages/airflow/example_dags/example_datasets.py took 1.393 seconds
[2025-02-11T00:17:09.874-0300] {processor.py:186} INFO - Started process (PID=71672) to work on /home/felipe/lab/novamind-flow/.env/lib/python3.10/site-packages/airflow/example_dags/example_datasets.py
[2025-02-11T00:17:09.876-0300] {processor.py:914} INFO - Processing file /home/felipe/lab/novamind-flow/.env/lib/python3.10/site-packages/airflow/example_dags/example_datasets.py for tasks to queue
[2025-02-11T00:17:09.877-0300] {logging_mixin.py:190} INFO - [2025-02-11T00:17:09.877-0300] {dagbag.py:588} INFO - Filling up the DagBag from /home/felipe/lab/novamind-flow/.env/lib/python3.10/site-packages/airflow/example_dags/example_datasets.py
[2025-02-11T00:17:09.889-0300] {processor.py:925} INFO - DAG(s) 'dataset_consumes_1_and_2', 'consume_1_or_2_with_dataset_expressions', 'dataset_consumes_1_never_scheduled', 'dataset_consumes_unknown_never_scheduled', 'dataset_produces_1', 'consume_1_or_both_2_and_3_with_dataset_expressions', 'dataset_produces_2', 'consume_1_and_2_with_dataset_expressions', 'conditional_dataset_and_time_based_timetable', 'dataset_consumes_1' retrieved from /home/felipe/lab/novamind-flow/.env/lib/python3.10/site-packages/airflow/example_dags/example_datasets.py
[2025-02-11T00:17:09.912-0300] {logging_mixin.py:190} INFO - [2025-02-11T00:17:09.912-0300] {dag.py:3239} INFO - Sync 10 DAGs
[2025-02-11T00:17:09.931-0300] {logging_mixin.py:190} INFO - [2025-02-11T00:17:09.930-0300] {dag.py:4180} INFO - Setting next_dagrun for conditional_dataset_and_time_based_timetable to 2025-02-05 01:00:00+00:00, run_after=2025-02-05 01:00:00+00:00
[2025-02-11T00:17:09.933-0300] {logging_mixin.py:190} INFO - [2025-02-11T00:17:09.932-0300] {dag.py:4180} INFO - Setting next_dagrun for consume_1_and_2_with_dataset_expressions to None, run_after=None
[2025-02-11T00:17:09.933-0300] {logging_mixin.py:190} INFO - [2025-02-11T00:17:09.933-0300] {dag.py:4180} INFO - Setting next_dagrun for consume_1_or_2_with_dataset_expressions to None, run_after=None
[2025-02-11T00:17:09.934-0300] {logging_mixin.py:190} INFO - [2025-02-11T00:17:09.934-0300] {dag.py:4180} INFO - Setting next_dagrun for consume_1_or_both_2_and_3_with_dataset_expressions to None, run_after=None
[2025-02-11T00:17:09.934-0300] {logging_mixin.py:190} INFO - [2025-02-11T00:17:09.934-0300] {dag.py:4180} INFO - Setting next_dagrun for dataset_consumes_1 to None, run_after=None
[2025-02-11T00:17:09.935-0300] {logging_mixin.py:190} INFO - [2025-02-11T00:17:09.935-0300] {dag.py:4180} INFO - Setting next_dagrun for dataset_consumes_1_and_2 to None, run_after=None
[2025-02-11T00:17:09.935-0300] {logging_mixin.py:190} INFO - [2025-02-11T00:17:09.935-0300] {dag.py:4180} INFO - Setting next_dagrun for dataset_consumes_1_never_scheduled to None, run_after=None
[2025-02-11T00:17:09.936-0300] {logging_mixin.py:190} INFO - [2025-02-11T00:17:09.936-0300] {dag.py:4180} INFO - Setting next_dagrun for dataset_consumes_unknown_never_scheduled to None, run_after=None
[2025-02-11T00:17:09.937-0300] {logging_mixin.py:190} INFO - [2025-02-11T00:17:09.937-0300] {dag.py:4180} INFO - Setting next_dagrun for dataset_produces_1 to 2025-02-10 00:00:00+00:00, run_after=2025-02-11 00:00:00+00:00
[2025-02-11T00:17:09.938-0300] {logging_mixin.py:190} INFO - [2025-02-11T00:17:09.938-0300] {dag.py:4180} INFO - Setting next_dagrun for dataset_produces_2 to None, run_after=None
[2025-02-11T00:17:09.971-0300] {processor.py:208} INFO - Processing /home/felipe/lab/novamind-flow/.env/lib/python3.10/site-packages/airflow/example_dags/example_datasets.py took 0.101 seconds
