[2025-02-11T00:15:27.540-0300] {processor.py:186} INFO - Started process (PID=71394) to work on /home/felipe/lab/novamind-flow/.env/lib/python3.10/site-packages/airflow/example_dags/example_python_operator.py
[2025-02-11T00:15:27.541-0300] {processor.py:914} INFO - Processing file /home/felipe/lab/novamind-flow/.env/lib/python3.10/site-packages/airflow/example_dags/example_python_operator.py for tasks to queue
[2025-02-11T00:15:27.543-0300] {logging_mixin.py:190} INFO - [2025-02-11T00:15:27.542-0300] {dagbag.py:588} INFO - Filling up the DagBag from /home/felipe/lab/novamind-flow/.env/lib/python3.10/site-packages/airflow/example_dags/example_python_operator.py
[2025-02-11T00:15:27.556-0300] {processor.py:925} INFO - DAG(s) 'example_python_operator' retrieved from /home/felipe/lab/novamind-flow/.env/lib/python3.10/site-packages/airflow/example_dags/example_python_operator.py
[2025-02-11T00:15:27.742-0300] {logging_mixin.py:190} INFO - [2025-02-11T00:15:27.741-0300] {override.py:1930} INFO - Created Permission View: can delete on DAG:example_python_operator
[2025-02-11T00:15:27.758-0300] {logging_mixin.py:190} INFO - [2025-02-11T00:15:27.758-0300] {override.py:1930} INFO - Created Permission View: can edit on DAG:example_python_operator
[2025-02-11T00:15:27.772-0300] {logging_mixin.py:190} INFO - [2025-02-11T00:15:27.772-0300] {override.py:1930} INFO - Created Permission View: can read on DAG:example_python_operator
[2025-02-11T00:15:27.797-0300] {logging_mixin.py:190} INFO - [2025-02-11T00:15:27.797-0300] {override.py:1930} INFO - Created Permission View: can delete on DAG Run:example_python_operator
[2025-02-11T00:15:27.812-0300] {logging_mixin.py:190} INFO - [2025-02-11T00:15:27.811-0300] {override.py:1930} INFO - Created Permission View: can create on DAG Run:example_python_operator
[2025-02-11T00:15:27.829-0300] {logging_mixin.py:190} INFO - [2025-02-11T00:15:27.828-0300] {override.py:1930} INFO - Created Permission View: menu access on DAG Run:example_python_operator
[2025-02-11T00:15:27.847-0300] {logging_mixin.py:190} INFO - [2025-02-11T00:15:27.846-0300] {override.py:1930} INFO - Created Permission View: can read on DAG Run:example_python_operator
[2025-02-11T00:15:27.847-0300] {logging_mixin.py:190} INFO - [2025-02-11T00:15:27.847-0300] {dag.py:3239} INFO - Sync 1 DAGs
[2025-02-11T00:15:27.859-0300] {logging_mixin.py:190} INFO - [2025-02-11T00:15:27.859-0300] {dag.py:3262} INFO - Creating ORM DAG for example_python_operator
[2025-02-11T00:15:27.860-0300] {logging_mixin.py:190} INFO - [2025-02-11T00:15:27.860-0300] {dag.py:4180} INFO - Setting next_dagrun for example_python_operator to None, run_after=None
[2025-02-11T00:15:27.884-0300] {processor.py:208} INFO - Processing /home/felipe/lab/novamind-flow/.env/lib/python3.10/site-packages/airflow/example_dags/example_python_operator.py took 0.353 seconds
[2025-02-11T00:16:36.136-0300] {processor.py:186} INFO - Started process (PID=71565) to work on /home/felipe/lab/novamind-flow/.env/lib/python3.10/site-packages/airflow/example_dags/example_python_operator.py
[2025-02-11T00:16:36.138-0300] {processor.py:914} INFO - Processing file /home/felipe/lab/novamind-flow/.env/lib/python3.10/site-packages/airflow/example_dags/example_python_operator.py for tasks to queue
[2025-02-11T00:16:36.140-0300] {logging_mixin.py:190} INFO - [2025-02-11T00:16:36.140-0300] {dagbag.py:588} INFO - Filling up the DagBag from /home/felipe/lab/novamind-flow/.env/lib/python3.10/site-packages/airflow/example_dags/example_python_operator.py
[2025-02-11T00:16:36.152-0300] {processor.py:925} INFO - DAG(s) 'example_python_operator' retrieved from /home/felipe/lab/novamind-flow/.env/lib/python3.10/site-packages/airflow/example_dags/example_python_operator.py
[2025-02-11T00:16:36.169-0300] {logging_mixin.py:190} INFO - [2025-02-11T00:16:36.168-0300] {dag.py:3239} INFO - Sync 1 DAGs
[2025-02-11T00:16:36.183-0300] {logging_mixin.py:190} INFO - [2025-02-11T00:16:36.183-0300] {dag.py:4180} INFO - Setting next_dagrun for example_python_operator to None, run_after=None
[2025-02-11T00:16:36.207-0300] {processor.py:208} INFO - Processing /home/felipe/lab/novamind-flow/.env/lib/python3.10/site-packages/airflow/example_dags/example_python_operator.py took 0.077 seconds
[2025-02-11T00:17:31.024-0300] {processor.py:186} INFO - Started process (PID=71908) to work on /home/felipe/lab/novamind-flow/.env/lib/python3.10/site-packages/airflow/example_dags/example_python_operator.py
[2025-02-11T00:17:31.026-0300] {processor.py:914} INFO - Processing file /home/felipe/lab/novamind-flow/.env/lib/python3.10/site-packages/airflow/example_dags/example_python_operator.py for tasks to queue
[2025-02-11T00:17:31.027-0300] {logging_mixin.py:190} INFO - [2025-02-11T00:17:31.027-0300] {dagbag.py:588} INFO - Filling up the DagBag from /home/felipe/lab/novamind-flow/.env/lib/python3.10/site-packages/airflow/example_dags/example_python_operator.py
[2025-02-11T00:17:31.037-0300] {processor.py:925} INFO - DAG(s) 'example_python_operator' retrieved from /home/felipe/lab/novamind-flow/.env/lib/python3.10/site-packages/airflow/example_dags/example_python_operator.py
[2025-02-11T00:17:31.051-0300] {logging_mixin.py:190} INFO - [2025-02-11T00:17:31.051-0300] {dag.py:3239} INFO - Sync 1 DAGs
[2025-02-11T00:17:31.062-0300] {logging_mixin.py:190} INFO - [2025-02-11T00:17:31.062-0300] {dag.py:4180} INFO - Setting next_dagrun for example_python_operator to None, run_after=None
[2025-02-11T00:17:31.085-0300] {processor.py:208} INFO - Processing /home/felipe/lab/novamind-flow/.env/lib/python3.10/site-packages/airflow/example_dags/example_python_operator.py took 0.066 seconds
