[2025-02-11T00:16:14.406-0300] {processor.py:186} INFO - Started process (PID=71542) to work on /home/felipe/lab/novamind-flow/.env/lib/python3.10/site-packages/airflow/example_dags/example_branch_datetime_operator.py
[2025-02-11T00:16:14.407-0300] {processor.py:914} INFO - Processing file /home/felipe/lab/novamind-flow/.env/lib/python3.10/site-packages/airflow/example_dags/example_branch_datetime_operator.py for tasks to queue
[2025-02-11T00:16:14.409-0300] {logging_mixin.py:190} INFO - [2025-02-11T00:16:14.408-0300] {dagbag.py:588} INFO - Filling up the DagBag from /home/felipe/lab/novamind-flow/.env/lib/python3.10/site-packages/airflow/example_dags/example_branch_datetime_operator.py
[2025-02-11T00:16:14.419-0300] {processor.py:925} INFO - DAG(s) 'example_branch_datetime_operator_2', 'example_branch_datetime_operator_3', 'example_branch_datetime_operator' retrieved from /home/felipe/lab/novamind-flow/.env/lib/python3.10/site-packages/airflow/example_dags/example_branch_datetime_operator.py
[2025-02-11T00:16:14.507-0300] {logging_mixin.py:190} INFO - [2025-02-11T00:16:14.507-0300] {override.py:1930} INFO - Created Permission View: can delete on DAG:example_branch_datetime_operator_2
[2025-02-11T00:16:14.523-0300] {logging_mixin.py:190} INFO - [2025-02-11T00:16:14.523-0300] {override.py:1930} INFO - Created Permission View: can edit on DAG:example_branch_datetime_operator_2
[2025-02-11T00:16:14.537-0300] {logging_mixin.py:190} INFO - [2025-02-11T00:16:14.537-0300] {override.py:1930} INFO - Created Permission View: can read on DAG:example_branch_datetime_operator_2
[2025-02-11T00:16:14.561-0300] {logging_mixin.py:190} INFO - [2025-02-11T00:16:14.560-0300] {override.py:1930} INFO - Created Permission View: can delete on DAG Run:example_branch_datetime_operator_2
[2025-02-11T00:16:14.575-0300] {logging_mixin.py:190} INFO - [2025-02-11T00:16:14.574-0300] {override.py:1930} INFO - Created Permission View: can create on DAG Run:example_branch_datetime_operator_2
[2025-02-11T00:16:14.588-0300] {logging_mixin.py:190} INFO - [2025-02-11T00:16:14.587-0300] {override.py:1930} INFO - Created Permission View: menu access on DAG Run:example_branch_datetime_operator_2
[2025-02-11T00:16:14.601-0300] {logging_mixin.py:190} INFO - [2025-02-11T00:16:14.601-0300] {override.py:1930} INFO - Created Permission View: can read on DAG Run:example_branch_datetime_operator_2
[2025-02-11T00:16:14.631-0300] {logging_mixin.py:190} INFO - [2025-02-11T00:16:14.631-0300] {override.py:1930} INFO - Created Permission View: can delete on DAG:example_branch_datetime_operator_3
[2025-02-11T00:16:14.645-0300] {logging_mixin.py:190} INFO - [2025-02-11T00:16:14.645-0300] {override.py:1930} INFO - Created Permission View: can edit on DAG:example_branch_datetime_operator_3
[2025-02-11T00:16:14.657-0300] {logging_mixin.py:190} INFO - [2025-02-11T00:16:14.657-0300] {override.py:1930} INFO - Created Permission View: can read on DAG:example_branch_datetime_operator_3
[2025-02-11T00:16:14.682-0300] {logging_mixin.py:190} INFO - [2025-02-11T00:16:14.681-0300] {override.py:1930} INFO - Created Permission View: can delete on DAG Run:example_branch_datetime_operator_3
[2025-02-11T00:16:14.696-0300] {logging_mixin.py:190} INFO - [2025-02-11T00:16:14.696-0300] {override.py:1930} INFO - Created Permission View: can create on DAG Run:example_branch_datetime_operator_3
[2025-02-11T00:16:14.708-0300] {logging_mixin.py:190} INFO - [2025-02-11T00:16:14.708-0300] {override.py:1930} INFO - Created Permission View: menu access on DAG Run:example_branch_datetime_operator_3
[2025-02-11T00:16:14.721-0300] {logging_mixin.py:190} INFO - [2025-02-11T00:16:14.721-0300] {override.py:1930} INFO - Created Permission View: can read on DAG Run:example_branch_datetime_operator_3
[2025-02-11T00:16:14.753-0300] {logging_mixin.py:190} INFO - [2025-02-11T00:16:14.753-0300] {override.py:1930} INFO - Created Permission View: can delete on DAG:example_branch_datetime_operator
[2025-02-11T00:16:14.767-0300] {logging_mixin.py:190} INFO - [2025-02-11T00:16:14.767-0300] {override.py:1930} INFO - Created Permission View: can edit on DAG:example_branch_datetime_operator
[2025-02-11T00:16:14.780-0300] {logging_mixin.py:190} INFO - [2025-02-11T00:16:14.780-0300] {override.py:1930} INFO - Created Permission View: can read on DAG:example_branch_datetime_operator
[2025-02-11T00:16:14.803-0300] {logging_mixin.py:190} INFO - [2025-02-11T00:16:14.803-0300] {override.py:1930} INFO - Created Permission View: can delete on DAG Run:example_branch_datetime_operator
[2025-02-11T00:16:14.816-0300] {logging_mixin.py:190} INFO - [2025-02-11T00:16:14.816-0300] {override.py:1930} INFO - Created Permission View: can create on DAG Run:example_branch_datetime_operator
[2025-02-11T00:16:14.830-0300] {logging_mixin.py:190} INFO - [2025-02-11T00:16:14.829-0300] {override.py:1930} INFO - Created Permission View: menu access on DAG Run:example_branch_datetime_operator
[2025-02-11T00:16:14.843-0300] {logging_mixin.py:190} INFO - [2025-02-11T00:16:14.843-0300] {override.py:1930} INFO - Created Permission View: can read on DAG Run:example_branch_datetime_operator
[2025-02-11T00:16:14.843-0300] {logging_mixin.py:190} INFO - [2025-02-11T00:16:14.843-0300] {dag.py:3239} INFO - Sync 3 DAGs
[2025-02-11T00:16:14.852-0300] {logging_mixin.py:190} INFO - [2025-02-11T00:16:14.852-0300] {dag.py:3262} INFO - Creating ORM DAG for example_branch_datetime_operator_3
[2025-02-11T00:16:14.852-0300] {logging_mixin.py:190} INFO - [2025-02-11T00:16:14.852-0300] {dag.py:3262} INFO - Creating ORM DAG for example_branch_datetime_operator
[2025-02-11T00:16:14.853-0300] {logging_mixin.py:190} INFO - [2025-02-11T00:16:14.853-0300] {dag.py:3262} INFO - Creating ORM DAG for example_branch_datetime_operator_2
[2025-02-11T00:16:14.858-0300] {logging_mixin.py:190} INFO - [2025-02-11T00:16:14.858-0300] {dag.py:4180} INFO - Setting next_dagrun for example_branch_datetime_operator to 2025-02-10 00:00:00+00:00, run_after=2025-02-11 00:00:00+00:00
[2025-02-11T00:16:14.859-0300] {logging_mixin.py:190} INFO - [2025-02-11T00:16:14.859-0300] {dag.py:4180} INFO - Setting next_dagrun for example_branch_datetime_operator_2 to 2025-02-10 00:00:00+00:00, run_after=2025-02-11 00:00:00+00:00
[2025-02-11T00:16:14.860-0300] {logging_mixin.py:190} INFO - [2025-02-11T00:16:14.860-0300] {dag.py:4180} INFO - Setting next_dagrun for example_branch_datetime_operator_3 to 2025-02-10 00:00:00+00:00, run_after=2025-02-11 00:00:00+00:00
[2025-02-11T00:16:14.885-0300] {processor.py:208} INFO - Processing /home/felipe/lab/novamind-flow/.env/lib/python3.10/site-packages/airflow/example_dags/example_branch_datetime_operator.py took 0.484 seconds
[2025-02-11T00:17:14.762-0300] {processor.py:186} INFO - Started process (PID=71683) to work on /home/felipe/lab/novamind-flow/.env/lib/python3.10/site-packages/airflow/example_dags/example_branch_datetime_operator.py
[2025-02-11T00:17:14.764-0300] {processor.py:914} INFO - Processing file /home/felipe/lab/novamind-flow/.env/lib/python3.10/site-packages/airflow/example_dags/example_branch_datetime_operator.py for tasks to queue
[2025-02-11T00:17:14.766-0300] {logging_mixin.py:190} INFO - [2025-02-11T00:17:14.765-0300] {dagbag.py:588} INFO - Filling up the DagBag from /home/felipe/lab/novamind-flow/.env/lib/python3.10/site-packages/airflow/example_dags/example_branch_datetime_operator.py
[2025-02-11T00:17:14.779-0300] {processor.py:925} INFO - DAG(s) 'example_branch_datetime_operator', 'example_branch_datetime_operator_2', 'example_branch_datetime_operator_3' retrieved from /home/felipe/lab/novamind-flow/.env/lib/python3.10/site-packages/airflow/example_dags/example_branch_datetime_operator.py
[2025-02-11T00:17:14.799-0300] {logging_mixin.py:190} INFO - [2025-02-11T00:17:14.799-0300] {dag.py:3239} INFO - Sync 3 DAGs
[2025-02-11T00:17:14.818-0300] {logging_mixin.py:190} INFO - [2025-02-11T00:17:14.818-0300] {dag.py:4180} INFO - Setting next_dagrun for example_branch_datetime_operator to 2025-02-10 00:00:00+00:00, run_after=2025-02-11 00:00:00+00:00
[2025-02-11T00:17:14.823-0300] {logging_mixin.py:190} INFO - [2025-02-11T00:17:14.823-0300] {dag.py:4180} INFO - Setting next_dagrun for example_branch_datetime_operator_2 to 2025-02-10 00:00:00+00:00, run_after=2025-02-11 00:00:00+00:00
[2025-02-11T00:17:14.825-0300] {logging_mixin.py:190} INFO - [2025-02-11T00:17:14.825-0300] {dag.py:4180} INFO - Setting next_dagrun for example_branch_datetime_operator_3 to 2025-02-10 00:00:00+00:00, run_after=2025-02-11 00:00:00+00:00
[2025-02-11T00:17:14.852-0300] {processor.py:208} INFO - Processing /home/felipe/lab/novamind-flow/.env/lib/python3.10/site-packages/airflow/example_dags/example_branch_datetime_operator.py took 0.096 seconds
