[2025-02-11T00:15:13.671-0300] {processor.py:186} INFO - Started process (PID=71185) to work on /home/felipe/lab/novamind-flow/.env/lib/python3.10/site-packages/airflow/example_dags/example_xcomargs.py
[2025-02-11T00:15:13.671-0300] {processor.py:914} INFO - Processing file /home/felipe/lab/novamind-flow/.env/lib/python3.10/site-packages/airflow/example_dags/example_xcomargs.py for tasks to queue
[2025-02-11T00:15:13.673-0300] {logging_mixin.py:190} INFO - [2025-02-11T00:15:13.672-0300] {dagbag.py:588} INFO - Filling up the DagBag from /home/felipe/lab/novamind-flow/.env/lib/python3.10/site-packages/airflow/example_dags/example_xcomargs.py
[2025-02-11T00:15:13.680-0300] {processor.py:925} INFO - DAG(s) 'example_xcom_args_with_operators', 'example_xcom_args' retrieved from /home/felipe/lab/novamind-flow/.env/lib/python3.10/site-packages/airflow/example_dags/example_xcomargs.py
[2025-02-11T00:15:13.842-0300] {logging_mixin.py:190} INFO - [2025-02-11T00:15:13.841-0300] {override.py:1930} INFO - Created Permission View: can delete on DAG:example_xcom_args_with_operators
[2025-02-11T00:15:13.859-0300] {logging_mixin.py:190} INFO - [2025-02-11T00:15:13.858-0300] {override.py:1930} INFO - Created Permission View: can edit on DAG:example_xcom_args_with_operators
[2025-02-11T00:15:13.873-0300] {logging_mixin.py:190} INFO - [2025-02-11T00:15:13.872-0300] {override.py:1930} INFO - Created Permission View: can read on DAG:example_xcom_args_with_operators
[2025-02-11T00:15:13.899-0300] {logging_mixin.py:190} INFO - [2025-02-11T00:15:13.899-0300] {override.py:1930} INFO - Created Permission View: can delete on DAG Run:example_xcom_args_with_operators
[2025-02-11T00:15:13.914-0300] {logging_mixin.py:190} INFO - [2025-02-11T00:15:13.913-0300] {override.py:1930} INFO - Created Permission View: can create on DAG Run:example_xcom_args_with_operators
[2025-02-11T00:15:13.927-0300] {logging_mixin.py:190} INFO - [2025-02-11T00:15:13.926-0300] {override.py:1930} INFO - Created Permission View: menu access on DAG Run:example_xcom_args_with_operators
[2025-02-11T00:15:13.940-0300] {logging_mixin.py:190} INFO - [2025-02-11T00:15:13.940-0300] {override.py:1930} INFO - Created Permission View: can read on DAG Run:example_xcom_args_with_operators
[2025-02-11T00:15:13.970-0300] {logging_mixin.py:190} INFO - [2025-02-11T00:15:13.970-0300] {override.py:1930} INFO - Created Permission View: can delete on DAG:example_xcom_args
[2025-02-11T00:15:13.983-0300] {logging_mixin.py:190} INFO - [2025-02-11T00:15:13.983-0300] {override.py:1930} INFO - Created Permission View: can edit on DAG:example_xcom_args
[2025-02-11T00:15:13.996-0300] {logging_mixin.py:190} INFO - [2025-02-11T00:15:13.995-0300] {override.py:1930} INFO - Created Permission View: can read on DAG:example_xcom_args
[2025-02-11T00:15:14.020-0300] {logging_mixin.py:190} INFO - [2025-02-11T00:15:14.019-0300] {override.py:1930} INFO - Created Permission View: can delete on DAG Run:example_xcom_args
[2025-02-11T00:15:14.033-0300] {logging_mixin.py:190} INFO - [2025-02-11T00:15:14.032-0300] {override.py:1930} INFO - Created Permission View: can create on DAG Run:example_xcom_args
[2025-02-11T00:15:14.045-0300] {logging_mixin.py:190} INFO - [2025-02-11T00:15:14.045-0300] {override.py:1930} INFO - Created Permission View: menu access on DAG Run:example_xcom_args
[2025-02-11T00:15:14.059-0300] {logging_mixin.py:190} INFO - [2025-02-11T00:15:14.058-0300] {override.py:1930} INFO - Created Permission View: can read on DAG Run:example_xcom_args
[2025-02-11T00:15:14.059-0300] {logging_mixin.py:190} INFO - [2025-02-11T00:15:14.059-0300] {dag.py:3239} INFO - Sync 2 DAGs
[2025-02-11T00:15:14.066-0300] {logging_mixin.py:190} INFO - [2025-02-11T00:15:14.066-0300] {dag.py:3262} INFO - Creating ORM DAG for example_xcom_args_with_operators
[2025-02-11T00:15:14.066-0300] {logging_mixin.py:190} INFO - [2025-02-11T00:15:14.066-0300] {dag.py:3262} INFO - Creating ORM DAG for example_xcom_args
[2025-02-11T00:15:14.066-0300] {logging_mixin.py:190} INFO - [2025-02-11T00:15:14.066-0300] {dag.py:4180} INFO - Setting next_dagrun for example_xcom_args to None, run_after=None
[2025-02-11T00:15:14.067-0300] {logging_mixin.py:190} INFO - [2025-02-11T00:15:14.067-0300] {dag.py:4180} INFO - Setting next_dagrun for example_xcom_args_with_operators to None, run_after=None
[2025-02-11T00:15:14.089-0300] {processor.py:208} INFO - Processing /home/felipe/lab/novamind-flow/.env/lib/python3.10/site-packages/airflow/example_dags/example_xcomargs.py took 0.424 seconds
[2025-02-11T00:16:26.969-0300] {processor.py:186} INFO - Started process (PID=71555) to work on /home/felipe/lab/novamind-flow/.env/lib/python3.10/site-packages/airflow/example_dags/example_xcomargs.py
[2025-02-11T00:16:26.972-0300] {processor.py:914} INFO - Processing file /home/felipe/lab/novamind-flow/.env/lib/python3.10/site-packages/airflow/example_dags/example_xcomargs.py for tasks to queue
[2025-02-11T00:16:26.974-0300] {logging_mixin.py:190} INFO - [2025-02-11T00:16:26.973-0300] {dagbag.py:588} INFO - Filling up the DagBag from /home/felipe/lab/novamind-flow/.env/lib/python3.10/site-packages/airflow/example_dags/example_xcomargs.py
[2025-02-11T00:16:26.982-0300] {processor.py:925} INFO - DAG(s) 'example_xcom_args_with_operators', 'example_xcom_args' retrieved from /home/felipe/lab/novamind-flow/.env/lib/python3.10/site-packages/airflow/example_dags/example_xcomargs.py
[2025-02-11T00:16:26.997-0300] {logging_mixin.py:190} INFO - [2025-02-11T00:16:26.997-0300] {dag.py:3239} INFO - Sync 2 DAGs
[2025-02-11T00:16:27.007-0300] {logging_mixin.py:190} INFO - [2025-02-11T00:16:27.007-0300] {dag.py:4180} INFO - Setting next_dagrun for example_xcom_args to None, run_after=None
[2025-02-11T00:16:27.009-0300] {logging_mixin.py:190} INFO - [2025-02-11T00:16:27.009-0300] {dag.py:4180} INFO - Setting next_dagrun for example_xcom_args_with_operators to None, run_after=None
[2025-02-11T00:16:27.031-0300] {processor.py:208} INFO - Processing /home/felipe/lab/novamind-flow/.env/lib/python3.10/site-packages/airflow/example_dags/example_xcomargs.py took 0.067 seconds
[2025-02-11T00:17:21.425-0300] {processor.py:186} INFO - Started process (PID=71701) to work on /home/felipe/lab/novamind-flow/.env/lib/python3.10/site-packages/airflow/example_dags/example_xcomargs.py
[2025-02-11T00:17:21.426-0300] {processor.py:914} INFO - Processing file /home/felipe/lab/novamind-flow/.env/lib/python3.10/site-packages/airflow/example_dags/example_xcomargs.py for tasks to queue
[2025-02-11T00:17:21.428-0300] {logging_mixin.py:190} INFO - [2025-02-11T00:17:21.428-0300] {dagbag.py:588} INFO - Filling up the DagBag from /home/felipe/lab/novamind-flow/.env/lib/python3.10/site-packages/airflow/example_dags/example_xcomargs.py
[2025-02-11T00:17:21.437-0300] {processor.py:925} INFO - DAG(s) 'example_xcom_args_with_operators', 'example_xcom_args' retrieved from /home/felipe/lab/novamind-flow/.env/lib/python3.10/site-packages/airflow/example_dags/example_xcomargs.py
[2025-02-11T00:17:21.451-0300] {logging_mixin.py:190} INFO - [2025-02-11T00:17:21.451-0300] {dag.py:3239} INFO - Sync 2 DAGs
[2025-02-11T00:17:21.461-0300] {logging_mixin.py:190} INFO - [2025-02-11T00:17:21.461-0300] {dag.py:4180} INFO - Setting next_dagrun for example_xcom_args to None, run_after=None
[2025-02-11T00:17:21.463-0300] {logging_mixin.py:190} INFO - [2025-02-11T00:17:21.463-0300] {dag.py:4180} INFO - Setting next_dagrun for example_xcom_args_with_operators to None, run_after=None
[2025-02-11T00:17:21.486-0300] {processor.py:208} INFO - Processing /home/felipe/lab/novamind-flow/.env/lib/python3.10/site-packages/airflow/example_dags/example_xcomargs.py took 0.067 seconds
