[2025-02-11T00:15:16.658-0300] {processor.py:186} INFO - Started process (PID=71187) to work on /home/felipe/lab/novamind-flow/.env/lib/python3.10/site-packages/airflow/example_dags/example_trigger_controller_dag.py
[2025-02-11T00:15:16.659-0300] {processor.py:914} INFO - Processing file /home/felipe/lab/novamind-flow/.env/lib/python3.10/site-packages/airflow/example_dags/example_trigger_controller_dag.py for tasks to queue
[2025-02-11T00:15:16.660-0300] {logging_mixin.py:190} INFO - [2025-02-11T00:15:16.660-0300] {dagbag.py:588} INFO - Filling up the DagBag from /home/felipe/lab/novamind-flow/.env/lib/python3.10/site-packages/airflow/example_dags/example_trigger_controller_dag.py
[2025-02-11T00:15:16.666-0300] {processor.py:925} INFO - DAG(s) 'example_trigger_controller_dag' retrieved from /home/felipe/lab/novamind-flow/.env/lib/python3.10/site-packages/airflow/example_dags/example_trigger_controller_dag.py
[2025-02-11T00:15:16.823-0300] {logging_mixin.py:190} INFO - [2025-02-11T00:15:16.823-0300] {override.py:1930} INFO - Created Permission View: can delete on DAG:example_trigger_controller_dag
[2025-02-11T00:15:16.838-0300] {logging_mixin.py:190} INFO - [2025-02-11T00:15:16.838-0300] {override.py:1930} INFO - Created Permission View: can edit on DAG:example_trigger_controller_dag
[2025-02-11T00:15:16.852-0300] {logging_mixin.py:190} INFO - [2025-02-11T00:15:16.852-0300] {override.py:1930} INFO - Created Permission View: can read on DAG:example_trigger_controller_dag
[2025-02-11T00:15:16.875-0300] {logging_mixin.py:190} INFO - [2025-02-11T00:15:16.875-0300] {override.py:1930} INFO - Created Permission View: can delete on DAG Run:example_trigger_controller_dag
[2025-02-11T00:15:16.888-0300] {logging_mixin.py:190} INFO - [2025-02-11T00:15:16.888-0300] {override.py:1930} INFO - Created Permission View: can create on DAG Run:example_trigger_controller_dag
[2025-02-11T00:15:16.902-0300] {logging_mixin.py:190} INFO - [2025-02-11T00:15:16.901-0300] {override.py:1930} INFO - Created Permission View: menu access on DAG Run:example_trigger_controller_dag
[2025-02-11T00:15:16.915-0300] {logging_mixin.py:190} INFO - [2025-02-11T00:15:16.915-0300] {override.py:1930} INFO - Created Permission View: can read on DAG Run:example_trigger_controller_dag
[2025-02-11T00:15:16.915-0300] {logging_mixin.py:190} INFO - [2025-02-11T00:15:16.915-0300] {dag.py:3239} INFO - Sync 1 DAGs
[2025-02-11T00:15:16.923-0300] {logging_mixin.py:190} INFO - [2025-02-11T00:15:16.923-0300] {dag.py:3262} INFO - Creating ORM DAG for example_trigger_controller_dag
[2025-02-11T00:15:16.929-0300] {logging_mixin.py:190} INFO - [2025-02-11T00:15:16.929-0300] {dag.py:4180} INFO - Setting next_dagrun for example_trigger_controller_dag to 2021-01-01 00:00:00+00:00, run_after=2021-01-01 00:00:00+00:00
[2025-02-11T00:15:16.951-0300] {processor.py:208} INFO - Processing /home/felipe/lab/novamind-flow/.env/lib/python3.10/site-packages/airflow/example_dags/example_trigger_controller_dag.py took 0.298 seconds
[2025-02-11T00:16:28.703-0300] {processor.py:186} INFO - Started process (PID=71557) to work on /home/felipe/lab/novamind-flow/.env/lib/python3.10/site-packages/airflow/example_dags/example_trigger_controller_dag.py
[2025-02-11T00:16:28.706-0300] {processor.py:914} INFO - Processing file /home/felipe/lab/novamind-flow/.env/lib/python3.10/site-packages/airflow/example_dags/example_trigger_controller_dag.py for tasks to queue
[2025-02-11T00:16:28.708-0300] {logging_mixin.py:190} INFO - [2025-02-11T00:16:28.707-0300] {dagbag.py:588} INFO - Filling up the DagBag from /home/felipe/lab/novamind-flow/.env/lib/python3.10/site-packages/airflow/example_dags/example_trigger_controller_dag.py
[2025-02-11T00:16:28.715-0300] {processor.py:925} INFO - DAG(s) 'example_trigger_controller_dag' retrieved from /home/felipe/lab/novamind-flow/.env/lib/python3.10/site-packages/airflow/example_dags/example_trigger_controller_dag.py
[2025-02-11T00:16:28.729-0300] {logging_mixin.py:190} INFO - [2025-02-11T00:16:28.728-0300] {dag.py:3239} INFO - Sync 1 DAGs
[2025-02-11T00:16:28.751-0300] {logging_mixin.py:190} INFO - [2025-02-11T00:16:28.751-0300] {dag.py:4180} INFO - Setting next_dagrun for example_trigger_controller_dag to 2021-01-01 00:00:00+00:00, run_after=2021-01-01 00:00:00+00:00
[2025-02-11T00:16:28.776-0300] {processor.py:208} INFO - Processing /home/felipe/lab/novamind-flow/.env/lib/python3.10/site-packages/airflow/example_dags/example_trigger_controller_dag.py took 0.078 seconds
[2025-02-11T00:17:23.699-0300] {processor.py:186} INFO - Started process (PID=71721) to work on /home/felipe/lab/novamind-flow/.env/lib/python3.10/site-packages/airflow/example_dags/example_trigger_controller_dag.py
[2025-02-11T00:17:23.701-0300] {processor.py:914} INFO - Processing file /home/felipe/lab/novamind-flow/.env/lib/python3.10/site-packages/airflow/example_dags/example_trigger_controller_dag.py for tasks to queue
[2025-02-11T00:17:23.702-0300] {logging_mixin.py:190} INFO - [2025-02-11T00:17:23.702-0300] {dagbag.py:588} INFO - Filling up the DagBag from /home/felipe/lab/novamind-flow/.env/lib/python3.10/site-packages/airflow/example_dags/example_trigger_controller_dag.py
[2025-02-11T00:17:23.708-0300] {processor.py:925} INFO - DAG(s) 'example_trigger_controller_dag' retrieved from /home/felipe/lab/novamind-flow/.env/lib/python3.10/site-packages/airflow/example_dags/example_trigger_controller_dag.py
[2025-02-11T00:17:23.719-0300] {logging_mixin.py:190} INFO - [2025-02-11T00:17:23.719-0300] {dag.py:3239} INFO - Sync 1 DAGs
[2025-02-11T00:17:23.734-0300] {logging_mixin.py:190} INFO - [2025-02-11T00:17:23.734-0300] {dag.py:4180} INFO - Setting next_dagrun for example_trigger_controller_dag to 2021-01-01 00:00:00+00:00, run_after=2021-01-01 00:00:00+00:00
[2025-02-11T00:17:23.758-0300] {processor.py:208} INFO - Processing /home/felipe/lab/novamind-flow/.env/lib/python3.10/site-packages/airflow/example_dags/example_trigger_controller_dag.py took 0.065 seconds
