[2025-02-11T00:15:07.410-0300] {processor.py:186} INFO - Started process (PID=71083) to work on /home/felipe/lab/novamind-flow/.env/lib/python3.10/site-packages/airflow/example_dags/tutorial_taskflow_api_virtualenv.py
[2025-02-11T00:15:07.411-0300] {processor.py:914} INFO - Processing file /home/felipe/lab/novamind-flow/.env/lib/python3.10/site-packages/airflow/example_dags/tutorial_taskflow_api_virtualenv.py for tasks to queue
[2025-02-11T00:15:07.413-0300] {logging_mixin.py:190} INFO - [2025-02-11T00:15:07.413-0300] {dagbag.py:588} INFO - Filling up the DagBag from /home/felipe/lab/novamind-flow/.env/lib/python3.10/site-packages/airflow/example_dags/tutorial_taskflow_api_virtualenv.py
[2025-02-11T00:15:07.424-0300] {processor.py:925} INFO - DAG(s) 'tutorial_taskflow_api_virtualenv' retrieved from /home/felipe/lab/novamind-flow/.env/lib/python3.10/site-packages/airflow/example_dags/tutorial_taskflow_api_virtualenv.py
[2025-02-11T00:15:07.588-0300] {logging_mixin.py:190} INFO - [2025-02-11T00:15:07.587-0300] {override.py:1930} INFO - Created Permission View: can delete on DAG:tutorial_taskflow_api_virtualenv
[2025-02-11T00:15:07.603-0300] {logging_mixin.py:190} INFO - [2025-02-11T00:15:07.603-0300] {override.py:1930} INFO - Created Permission View: can edit on DAG:tutorial_taskflow_api_virtualenv
[2025-02-11T00:15:07.617-0300] {logging_mixin.py:190} INFO - [2025-02-11T00:15:07.616-0300] {override.py:1930} INFO - Created Permission View: can read on DAG:tutorial_taskflow_api_virtualenv
[2025-02-11T00:15:07.640-0300] {logging_mixin.py:190} INFO - [2025-02-11T00:15:07.640-0300] {override.py:1930} INFO - Created Permission View: can delete on DAG Run:tutorial_taskflow_api_virtualenv
[2025-02-11T00:15:07.652-0300] {logging_mixin.py:190} INFO - [2025-02-11T00:15:07.652-0300] {override.py:1930} INFO - Created Permission View: can create on DAG Run:tutorial_taskflow_api_virtualenv
[2025-02-11T00:15:07.666-0300] {logging_mixin.py:190} INFO - [2025-02-11T00:15:07.666-0300] {override.py:1930} INFO - Created Permission View: menu access on DAG Run:tutorial_taskflow_api_virtualenv
[2025-02-11T00:15:07.678-0300] {logging_mixin.py:190} INFO - [2025-02-11T00:15:07.678-0300] {override.py:1930} INFO - Created Permission View: can read on DAG Run:tutorial_taskflow_api_virtualenv
[2025-02-11T00:15:07.679-0300] {logging_mixin.py:190} INFO - [2025-02-11T00:15:07.679-0300] {dag.py:3239} INFO - Sync 1 DAGs
[2025-02-11T00:15:07.686-0300] {logging_mixin.py:190} INFO - [2025-02-11T00:15:07.686-0300] {dag.py:3262} INFO - Creating ORM DAG for tutorial_taskflow_api_virtualenv
[2025-02-11T00:15:07.686-0300] {logging_mixin.py:190} INFO - [2025-02-11T00:15:07.686-0300] {dag.py:4180} INFO - Setting next_dagrun for tutorial_taskflow_api_virtualenv to None, run_after=None
[2025-02-11T00:15:07.709-0300] {processor.py:208} INFO - Processing /home/felipe/lab/novamind-flow/.env/lib/python3.10/site-packages/airflow/example_dags/tutorial_taskflow_api_virtualenv.py took 0.304 seconds
[2025-02-11T00:16:21.824-0300] {processor.py:186} INFO - Started process (PID=71549) to work on /home/felipe/lab/novamind-flow/.env/lib/python3.10/site-packages/airflow/example_dags/tutorial_taskflow_api_virtualenv.py
[2025-02-11T00:16:21.826-0300] {processor.py:914} INFO - Processing file /home/felipe/lab/novamind-flow/.env/lib/python3.10/site-packages/airflow/example_dags/tutorial_taskflow_api_virtualenv.py for tasks to queue
[2025-02-11T00:16:21.828-0300] {logging_mixin.py:190} INFO - [2025-02-11T00:16:21.828-0300] {dagbag.py:588} INFO - Filling up the DagBag from /home/felipe/lab/novamind-flow/.env/lib/python3.10/site-packages/airflow/example_dags/tutorial_taskflow_api_virtualenv.py
[2025-02-11T00:16:21.840-0300] {processor.py:925} INFO - DAG(s) 'tutorial_taskflow_api_virtualenv' retrieved from /home/felipe/lab/novamind-flow/.env/lib/python3.10/site-packages/airflow/example_dags/tutorial_taskflow_api_virtualenv.py
[2025-02-11T00:16:21.852-0300] {logging_mixin.py:190} INFO - [2025-02-11T00:16:21.852-0300] {dag.py:3239} INFO - Sync 1 DAGs
[2025-02-11T00:16:21.862-0300] {logging_mixin.py:190} INFO - [2025-02-11T00:16:21.861-0300] {dag.py:4180} INFO - Setting next_dagrun for tutorial_taskflow_api_virtualenv to None, run_after=None
[2025-02-11T00:16:21.887-0300] {processor.py:208} INFO - Processing /home/felipe/lab/novamind-flow/.env/lib/python3.10/site-packages/airflow/example_dags/tutorial_taskflow_api_virtualenv.py took 0.069 seconds
[2025-02-11T00:17:15.888-0300] {processor.py:186} INFO - Started process (PID=71685) to work on /home/felipe/lab/novamind-flow/.env/lib/python3.10/site-packages/airflow/example_dags/tutorial_taskflow_api_virtualenv.py
[2025-02-11T00:17:15.889-0300] {processor.py:914} INFO - Processing file /home/felipe/lab/novamind-flow/.env/lib/python3.10/site-packages/airflow/example_dags/tutorial_taskflow_api_virtualenv.py for tasks to queue
[2025-02-11T00:17:15.891-0300] {logging_mixin.py:190} INFO - [2025-02-11T00:17:15.891-0300] {dagbag.py:588} INFO - Filling up the DagBag from /home/felipe/lab/novamind-flow/.env/lib/python3.10/site-packages/airflow/example_dags/tutorial_taskflow_api_virtualenv.py
[2025-02-11T00:17:15.900-0300] {processor.py:925} INFO - DAG(s) 'tutorial_taskflow_api_virtualenv' retrieved from /home/felipe/lab/novamind-flow/.env/lib/python3.10/site-packages/airflow/example_dags/tutorial_taskflow_api_virtualenv.py
[2025-02-11T00:17:15.912-0300] {logging_mixin.py:190} INFO - [2025-02-11T00:17:15.912-0300] {dag.py:3239} INFO - Sync 1 DAGs
[2025-02-11T00:17:15.922-0300] {logging_mixin.py:190} INFO - [2025-02-11T00:17:15.922-0300] {dag.py:4180} INFO - Setting next_dagrun for tutorial_taskflow_api_virtualenv to None, run_after=None
[2025-02-11T00:17:15.945-0300] {processor.py:208} INFO - Processing /home/felipe/lab/novamind-flow/.env/lib/python3.10/site-packages/airflow/example_dags/tutorial_taskflow_api_virtualenv.py took 0.062 seconds
