[2025-02-11T00:15:12.986-0300] {processor.py:186} INFO - Started process (PID=71149) to work on /home/felipe/lab/novamind-flow/.env/lib/python3.10/site-packages/airflow/example_dags/tutorial_dag.py
[2025-02-11T00:15:12.987-0300] {processor.py:914} INFO - Processing file /home/felipe/lab/novamind-flow/.env/lib/python3.10/site-packages/airflow/example_dags/tutorial_dag.py for tasks to queue
[2025-02-11T00:15:12.989-0300] {logging_mixin.py:190} INFO - [2025-02-11T00:15:12.988-0300] {dagbag.py:588} INFO - Filling up the DagBag from /home/felipe/lab/novamind-flow/.env/lib/python3.10/site-packages/airflow/example_dags/tutorial_dag.py
[2025-02-11T00:15:12.995-0300] {processor.py:925} INFO - DAG(s) 'tutorial_dag' retrieved from /home/felipe/lab/novamind-flow/.env/lib/python3.10/site-packages/airflow/example_dags/tutorial_dag.py
[2025-02-11T00:15:13.154-0300] {logging_mixin.py:190} INFO - [2025-02-11T00:15:13.153-0300] {override.py:1930} INFO - Created Permission View: can delete on DAG:tutorial_dag
[2025-02-11T00:15:13.169-0300] {logging_mixin.py:190} INFO - [2025-02-11T00:15:13.169-0300] {override.py:1930} INFO - Created Permission View: can edit on DAG:tutorial_dag
[2025-02-11T00:15:13.182-0300] {logging_mixin.py:190} INFO - [2025-02-11T00:15:13.181-0300] {override.py:1930} INFO - Created Permission View: can read on DAG:tutorial_dag
[2025-02-11T00:15:13.206-0300] {logging_mixin.py:190} INFO - [2025-02-11T00:15:13.206-0300] {override.py:1930} INFO - Created Permission View: can delete on DAG Run:tutorial_dag
[2025-02-11T00:15:13.219-0300] {logging_mixin.py:190} INFO - [2025-02-11T00:15:13.219-0300] {override.py:1930} INFO - Created Permission View: can create on DAG Run:tutorial_dag
[2025-02-11T00:15:13.232-0300] {logging_mixin.py:190} INFO - [2025-02-11T00:15:13.232-0300] {override.py:1930} INFO - Created Permission View: menu access on DAG Run:tutorial_dag
[2025-02-11T00:15:13.246-0300] {logging_mixin.py:190} INFO - [2025-02-11T00:15:13.245-0300] {override.py:1930} INFO - Created Permission View: can read on DAG Run:tutorial_dag
[2025-02-11T00:15:13.246-0300] {logging_mixin.py:190} INFO - [2025-02-11T00:15:13.246-0300] {dag.py:3239} INFO - Sync 1 DAGs
[2025-02-11T00:15:13.253-0300] {logging_mixin.py:190} INFO - [2025-02-11T00:15:13.253-0300] {dag.py:3262} INFO - Creating ORM DAG for tutorial_dag
[2025-02-11T00:15:13.254-0300] {logging_mixin.py:190} INFO - [2025-02-11T00:15:13.254-0300] {dag.py:4180} INFO - Setting next_dagrun for tutorial_dag to None, run_after=None
[2025-02-11T00:15:13.277-0300] {processor.py:208} INFO - Processing /home/felipe/lab/novamind-flow/.env/lib/python3.10/site-packages/airflow/example_dags/tutorial_dag.py took 0.295 seconds
[2025-02-11T00:16:25.836-0300] {processor.py:186} INFO - Started process (PID=71554) to work on /home/felipe/lab/novamind-flow/.env/lib/python3.10/site-packages/airflow/example_dags/tutorial_dag.py
[2025-02-11T00:16:25.838-0300] {processor.py:914} INFO - Processing file /home/felipe/lab/novamind-flow/.env/lib/python3.10/site-packages/airflow/example_dags/tutorial_dag.py for tasks to queue
[2025-02-11T00:16:25.840-0300] {logging_mixin.py:190} INFO - [2025-02-11T00:16:25.840-0300] {dagbag.py:588} INFO - Filling up the DagBag from /home/felipe/lab/novamind-flow/.env/lib/python3.10/site-packages/airflow/example_dags/tutorial_dag.py
[2025-02-11T00:16:25.847-0300] {processor.py:925} INFO - DAG(s) 'tutorial_dag' retrieved from /home/felipe/lab/novamind-flow/.env/lib/python3.10/site-packages/airflow/example_dags/tutorial_dag.py
[2025-02-11T00:16:25.860-0300] {logging_mixin.py:190} INFO - [2025-02-11T00:16:25.860-0300] {dag.py:3239} INFO - Sync 1 DAGs
[2025-02-11T00:16:25.871-0300] {logging_mixin.py:190} INFO - [2025-02-11T00:16:25.870-0300] {dag.py:4180} INFO - Setting next_dagrun for tutorial_dag to None, run_after=None
[2025-02-11T00:16:25.895-0300] {processor.py:208} INFO - Processing /home/felipe/lab/novamind-flow/.env/lib/python3.10/site-packages/airflow/example_dags/tutorial_dag.py took 0.065 seconds
[2025-02-11T00:17:20.271-0300] {processor.py:186} INFO - Started process (PID=71689) to work on /home/felipe/lab/novamind-flow/.env/lib/python3.10/site-packages/airflow/example_dags/tutorial_dag.py
[2025-02-11T00:17:20.274-0300] {processor.py:914} INFO - Processing file /home/felipe/lab/novamind-flow/.env/lib/python3.10/site-packages/airflow/example_dags/tutorial_dag.py for tasks to queue
[2025-02-11T00:17:20.276-0300] {logging_mixin.py:190} INFO - [2025-02-11T00:17:20.275-0300] {dagbag.py:588} INFO - Filling up the DagBag from /home/felipe/lab/novamind-flow/.env/lib/python3.10/site-packages/airflow/example_dags/tutorial_dag.py
[2025-02-11T00:17:20.282-0300] {processor.py:925} INFO - DAG(s) 'tutorial_dag' retrieved from /home/felipe/lab/novamind-flow/.env/lib/python3.10/site-packages/airflow/example_dags/tutorial_dag.py
[2025-02-11T00:17:20.294-0300] {logging_mixin.py:190} INFO - [2025-02-11T00:17:20.294-0300] {dag.py:3239} INFO - Sync 1 DAGs
[2025-02-11T00:17:20.304-0300] {logging_mixin.py:190} INFO - [2025-02-11T00:17:20.304-0300] {dag.py:4180} INFO - Setting next_dagrun for tutorial_dag to None, run_after=None
[2025-02-11T00:17:20.329-0300] {processor.py:208} INFO - Processing /home/felipe/lab/novamind-flow/.env/lib/python3.10/site-packages/airflow/example_dags/tutorial_dag.py took 0.064 seconds
