[2025-02-11T00:15:10.123-0300] {processor.py:186} INFO - Started process (PID=71120) to work on /home/felipe/lab/novamind-flow/.env/lib/python3.10/site-packages/airflow/example_dags/tutorial_taskflow_api.py
[2025-02-11T00:15:10.124-0300] {processor.py:914} INFO - Processing file /home/felipe/lab/novamind-flow/.env/lib/python3.10/site-packages/airflow/example_dags/tutorial_taskflow_api.py for tasks to queue
[2025-02-11T00:15:10.125-0300] {logging_mixin.py:190} INFO - [2025-02-11T00:15:10.125-0300] {dagbag.py:588} INFO - Filling up the DagBag from /home/felipe/lab/novamind-flow/.env/lib/python3.10/site-packages/airflow/example_dags/tutorial_taskflow_api.py
[2025-02-11T00:15:10.132-0300] {processor.py:925} INFO - DAG(s) 'tutorial_taskflow_api' retrieved from /home/felipe/lab/novamind-flow/.env/lib/python3.10/site-packages/airflow/example_dags/tutorial_taskflow_api.py
[2025-02-11T00:15:10.294-0300] {logging_mixin.py:190} INFO - [2025-02-11T00:15:10.294-0300] {override.py:1930} INFO - Created Permission View: can delete on DAG:tutorial_taskflow_api
[2025-02-11T00:15:10.309-0300] {logging_mixin.py:190} INFO - [2025-02-11T00:15:10.309-0300] {override.py:1930} INFO - Created Permission View: can edit on DAG:tutorial_taskflow_api
[2025-02-11T00:15:10.322-0300] {logging_mixin.py:190} INFO - [2025-02-11T00:15:10.322-0300] {override.py:1930} INFO - Created Permission View: can read on DAG:tutorial_taskflow_api
[2025-02-11T00:15:10.346-0300] {logging_mixin.py:190} INFO - [2025-02-11T00:15:10.346-0300] {override.py:1930} INFO - Created Permission View: can delete on DAG Run:tutorial_taskflow_api
[2025-02-11T00:15:10.359-0300] {logging_mixin.py:190} INFO - [2025-02-11T00:15:10.359-0300] {override.py:1930} INFO - Created Permission View: can create on DAG Run:tutorial_taskflow_api
[2025-02-11T00:15:10.372-0300] {logging_mixin.py:190} INFO - [2025-02-11T00:15:10.372-0300] {override.py:1930} INFO - Created Permission View: menu access on DAG Run:tutorial_taskflow_api
[2025-02-11T00:15:10.385-0300] {logging_mixin.py:190} INFO - [2025-02-11T00:15:10.385-0300] {override.py:1930} INFO - Created Permission View: can read on DAG Run:tutorial_taskflow_api
[2025-02-11T00:15:10.386-0300] {logging_mixin.py:190} INFO - [2025-02-11T00:15:10.385-0300] {dag.py:3239} INFO - Sync 1 DAGs
[2025-02-11T00:15:10.393-0300] {logging_mixin.py:190} INFO - [2025-02-11T00:15:10.393-0300] {dag.py:3262} INFO - Creating ORM DAG for tutorial_taskflow_api
[2025-02-11T00:15:10.393-0300] {logging_mixin.py:190} INFO - [2025-02-11T00:15:10.393-0300] {dag.py:4180} INFO - Setting next_dagrun for tutorial_taskflow_api to None, run_after=None
[2025-02-11T00:15:10.419-0300] {processor.py:208} INFO - Processing /home/felipe/lab/novamind-flow/.env/lib/python3.10/site-packages/airflow/example_dags/tutorial_taskflow_api.py took 0.301 seconds
[2025-02-11T00:16:23.555-0300] {processor.py:186} INFO - Started process (PID=71552) to work on /home/felipe/lab/novamind-flow/.env/lib/python3.10/site-packages/airflow/example_dags/tutorial_taskflow_api.py
[2025-02-11T00:16:23.557-0300] {processor.py:914} INFO - Processing file /home/felipe/lab/novamind-flow/.env/lib/python3.10/site-packages/airflow/example_dags/tutorial_taskflow_api.py for tasks to queue
[2025-02-11T00:16:23.559-0300] {logging_mixin.py:190} INFO - [2025-02-11T00:16:23.559-0300] {dagbag.py:588} INFO - Filling up the DagBag from /home/felipe/lab/novamind-flow/.env/lib/python3.10/site-packages/airflow/example_dags/tutorial_taskflow_api.py
[2025-02-11T00:16:23.566-0300] {processor.py:925} INFO - DAG(s) 'tutorial_taskflow_api' retrieved from /home/felipe/lab/novamind-flow/.env/lib/python3.10/site-packages/airflow/example_dags/tutorial_taskflow_api.py
[2025-02-11T00:16:23.577-0300] {logging_mixin.py:190} INFO - [2025-02-11T00:16:23.577-0300] {dag.py:3239} INFO - Sync 1 DAGs
[2025-02-11T00:16:23.587-0300] {logging_mixin.py:190} INFO - [2025-02-11T00:16:23.587-0300] {dag.py:4180} INFO - Setting next_dagrun for tutorial_taskflow_api to None, run_after=None
[2025-02-11T00:16:23.612-0300] {processor.py:208} INFO - Processing /home/felipe/lab/novamind-flow/.env/lib/python3.10/site-packages/airflow/example_dags/tutorial_taskflow_api.py took 0.063 seconds
[2025-02-11T00:17:18.155-0300] {processor.py:186} INFO - Started process (PID=71687) to work on /home/felipe/lab/novamind-flow/.env/lib/python3.10/site-packages/airflow/example_dags/tutorial_taskflow_api.py
[2025-02-11T00:17:18.158-0300] {processor.py:914} INFO - Processing file /home/felipe/lab/novamind-flow/.env/lib/python3.10/site-packages/airflow/example_dags/tutorial_taskflow_api.py for tasks to queue
[2025-02-11T00:17:18.160-0300] {logging_mixin.py:190} INFO - [2025-02-11T00:17:18.160-0300] {dagbag.py:588} INFO - Filling up the DagBag from /home/felipe/lab/novamind-flow/.env/lib/python3.10/site-packages/airflow/example_dags/tutorial_taskflow_api.py
[2025-02-11T00:17:18.167-0300] {processor.py:925} INFO - DAG(s) 'tutorial_taskflow_api' retrieved from /home/felipe/lab/novamind-flow/.env/lib/python3.10/site-packages/airflow/example_dags/tutorial_taskflow_api.py
[2025-02-11T00:17:18.178-0300] {logging_mixin.py:190} INFO - [2025-02-11T00:17:18.178-0300] {dag.py:3239} INFO - Sync 1 DAGs
[2025-02-11T00:17:18.188-0300] {logging_mixin.py:190} INFO - [2025-02-11T00:17:18.188-0300] {dag.py:4180} INFO - Setting next_dagrun for tutorial_taskflow_api to None, run_after=None
[2025-02-11T00:17:18.212-0300] {processor.py:208} INFO - Processing /home/felipe/lab/novamind-flow/.env/lib/python3.10/site-packages/airflow/example_dags/tutorial_taskflow_api.py took 0.061 seconds
